28731.566428814 0.00024896412368003
28695.651970778 0.00027192335184278
28659.737512742 0.00029610820537262
28623.823054706 0.00032153975111124
28587.90859667 0.0003482387057116
28551.994138634 0.00037622545254444
28516.079680598 0.00040552005728646
28480.165222562 0.0004361422823298
28444.250764526 0.00046811160013396
28408.33630649 0.00050144720562572
28372.421848454 0.0005361680277395
28336.507390418 0.00057229274017938
28300.592932382 0.00060983977147426
28264.678474346 0.00064882731438964
28228.76401631 0.00068927333475208
28192.849558274 0.0007311955797365
28156.935100238 0.00077461158566107
28121.020642202 0.00081953868532952
28085.106184166 0.00086599401495702
28049.19172613 0.00091399452071186
28013.277268094 0.00096355696490218
27977.362810058 0.0010146979318341
27941.448352022 0.001067433833365
27905.533893986 0.0011217809141747
27869.61943595 0.0011777552567719
27833.704977914 0.0012353727862574
27797.790519878 0.0012946492748573
27761.876061842 0.001355600346243
27725.961603806 0.0014182414796521
27690.047145769 0.0014825880138212
27654.132687733 0.0015486551507444
27618.218229697 0.0016164579592662
27582.303771661 0.0016860113785206
27546.389313625 0.0017573302212239
27510.474855589 0.0018304291768313
27474.560397553 0.0019053228145635
27438.645939517 0.001982025586312
27402.731481481 0.0020605518294286
27366.817023445 0.0021409157694069
27330.902565409 0.0022231315224604
27294.988107373 0.0023072130980025
27259.073649337 0.0023931744010352
27223.159191301 0.002481029234449
27187.244733265 0.0025707913012406
27151.330275229 0.0026624742066501
27115.415817193 0.0027560914602248
27079.501359157 0.0028516564778098
27043.586901121 0.0029491825834713
27007.672443085 0.0030486830113552
26971.757985049 0.0031501709074832
26935.843527013 0.0032536593314902
26899.929068977 0.0033591612583053
26864.014610941 0.0034666895797792
26828.100152905 0.0035762571062597
26792.185694869 0.0036878765681183
26756.271236833 0.0038015606172298
26720.356778797 0.0039173218284069
26684.442320761 0.0040351727007908
26648.527862725 0.0041551256592019
26612.613404689 0.0042771930554496
26576.698946653 0.0044013871696045
26540.784488617 0.0045277202112342
26504.870030581 0.0046562043206038
26468.955572545 0.0047868515698427
26433.041114509 0.0049196739640795
26397.126656473 0.0050546834425447
26361.212198437 0.0051918918796448
26325.297740401 0.0053313110860065
26289.383282365 0.0054729528094937
26253.468824329 0.0056168287361974
26217.554366293 0.0057629504914002
26181.639908257 0.0059113296405159
26145.725450221 0.0060619776900047
26109.810992184 0.0062149060882659
26073.896534148 0.0063701262265082
26037.982076112 0.0065276494395978
26002.067618076 0.0066874870068871
25966.15316004 0.0068496501530216
25930.238702004 0.0070141500487288
25894.324243968 0.0071809978115878
25858.409785932 0.0073502045067806
25822.495327896 0.007521781147826
25786.58086986 0.0076957386972969
25750.666411824 0.0078720880675205
25714.751953788 0.0080508401212631
25678.837495752 0.0082320056723992
25642.923037716 0.0084155954865659
25607.00857968 0.0086016202818026
25571.094121644 0.008790090729177
25535.179663608 0.008981017453397
25499.265205572 0.0091744110334101
25463.350747536 0.0093702820029894
25427.4362895 0.0095686408513073
25391.521831464 0.0097694980234978
25355.607373428 0.0099728639212059
25319.692915392 0.010178748903127
25283.778457356 0.010387163285534
25247.86399932 0.010598117342794
25211.949541284 0.010811621307876
25176.035083248 0.011027685372847
25140.120625212 0.011246319689359
25104.206167176 0.011467534369122
25068.29170914 0.011691339484379
25032.377251104 0.011917745068359
24996.462793068 0.012146761115727
24960.548335032 0.01237839758303
24924.633876996 0.012612664389125
24888.71941896 0.012849571415604
24852.804960924 0.013089128507215
24816.890502888 0.013331345472266
24780.976044852 0.013576232083032
24745.061586816 0.013823798076144
24709.14712878 0.014074053152978
24673.232670744 0.014327006980039
24637.318212708 0.014582669189328
24601.403754672 0.014841049378712
24565.489296636 0.015102157112288
24529.574838599 0.015366001920729
24493.660380563 0.015632593301638
24457.745922527 0.015901940719888
24421.831464491 0.016174053607959
24385.917006455 0.016448941366267
24350.002548419 0.016726613363488
24314.088090383 0.017007078936882
24278.173632347 0.0172903473926
24242.259174311 0.017576428005999
24206.344716275 0.017865330021942
24170.430258239 0.018157062655098
24134.515800203 0.018451635090237
24098.601342167 0.018749056482517
24062.686884131 0.019049335957771
24026.772426095 0.019352482612783
23990.857968059 0.01965850551557
23954.943510023 0.019967413705646
23919.029051987 0.020279216194296
23883.114593951 0.020593921964832
23847.200135915 0.020911539972858
23811.285677879 0.021232079146522
23775.371219843 0.021555548386765
23739.456761807 0.021881956567573
23703.542303771 0.022211312536216
23667.627845735 0.022543625113491
23631.713387699 0.022878903093955
23595.798929663 0.023217155246162
23559.884471627 0.023558390312888
23523.970013591 0.023902617011361
23488.055555555 0.024249844033479
23452.141097519 0.024600080046035
23416.226639483 0.024953333690928
23380.312181447 0.025309613585381
23344.397723411 0.025668928322148
23308.483265375 0.02603128646972
23272.568807339 0.026396696572537
23236.654349303 0.026765167151178
23200.739891267 0.027136706702569
23164.825433231 0.027511323700176
23128.910975195 0.027889026594197
23092.996517159 0.028269823811753
23057.082059123 0.028653723757078
23021.167601087 0.029040734811702
22985.253143051 0.029430865334636
22949.338685015 0.02982412366255
22913.424226978 0.030220518109955
22877.509768942 0.030620056969375
22841.595310906 0.031022748511523
22805.68085287 0.031428600985471
22769.766394834 0.031837622618818
22733.851936798 0.032249821617861
22697.937478762 0.032665206167754
22662.023020726 0.033083784432675
22626.10856269 0.033505564555983
22590.194104654 0.03393055466038
22554.279646618 0.034358762848066
22518.365188582 0.03479019720089
22482.450730546 0.035224865780508
22446.53627251 0.035662776628532
22410.621814474 0.036103937766677
22374.707356438 0.036548357196908
22338.792898402 0.036996042901588
22302.878440366 0.037447002843617
22266.96398233 0.037901244966581
22231.049524294 0.038358777194881
22195.135066258 0.038819607433882
22159.220608222 0.039283743570042
22123.306150186 0.039751193471053
22087.39169215 0.040221964985968
22051.477234114 0.040696065945339
22015.562776078 0.041173504161341
21979.648318042 0.041654287427908
21943.733860006 0.042138423520854
21907.81940197 0.042625920198
21871.904943934 0.043116785199302
21835.990485898 0.043611026246971
21800.076027862 0.044108651045592
21764.161569826 0.04460966728225
21728.24711179 0.045114082626645
21692.332653754 0.045621904731208
21656.418195718 0.046133141231222
21620.503737682 0.046647799744933
21584.589279646 0.047165887873662
21548.67482161 0.047687413201924
21512.760363574 0.048212383297531
21476.845905538 0.048740805711708
21440.931447502 0.0492726879792
21405.016989466 0.049808037618375
21369.10253143 0.050346862131336
21333.188073393 0.050889169004027
21297.273615357 0.051434965706328
21261.359157321 0.05198425969217
21225.444699285 0.052537058399626
21189.530241249 0.05309336925102
21153.615783213 0.053653199653022
21117.701325177 0.054216556996746
21081.786867141 0.054783448657852
21045.872409105 0.055353881996639
21009.957951069 0.055927864358141
20974.043493033 0.056505403072223
20938.129034997 0.057086505453672
20902.214576961 0.057671178802294
20866.300118925 0.058259430403001
20830.385660889 0.058851267525904
20794.471202853 0.059446697426403
20758.556744817 0.060045727345276
20722.642286781 0.060648364508766
20686.727828745 0.06125461612867
20650.813370709 0.061864489402422
20614.898912673 0.062477991513183
20578.984454637 0.063095129629922
20543.069996601 0.0637159109075
20507.155538565 0.064340342486756
20471.241080529 0.064968431494585
20435.326622493 0.065600185044024
20399.412164457 0.066235610234328
20363.497706421 0.066874714151051
20327.583248385 0.067517503866129
20291.668790349 0.068163986437952
20255.754332313 0.068814168911445
20219.839874277 0.069468058318145
20183.925416241 0.070125661676277
20148.010958205 0.070786985990827
20112.096500169 0.07145203825362
20076.182042133 0.072120825443391
20040.267584097 0.07279335452586
20004.353126061 0.073469632453803
19968.438668025 0.074149666167126
19932.524209989 0.074833462592936
19896.609751953 0.075521028645609
19860.695293917 0.076212371226862
19824.780835881 0.076907497225821
19788.866377845 0.077606413519092
19752.951919808 0.078309126970828
19717.037461772 0.079015644432795
19681.123003736 0.079725972744438
19645.2085457 0.080440118732953
19609.294087664 0.081158089213344
19573.379629628 0.081879890988497
19537.465171592 0.082605530849237
19501.550713556 0.083335015574397
19465.63625552 0.084068351930877
19429.721797484 0.084805546673712
19393.807339448 0.085546606546129
19357.892881412 0.086291538279612
19321.978423376 0.087040348593962
19286.06396534 0.087793044197358
19250.149507304 0.088549631786416
19214.235049268 0.08931011804625
19178.320591232 0.090074509650531
19142.406133196 0.090842813261544
19106.49167516 0.091615035530249
19070.577217124 0.092391183096334
19034.662759088 0.093171262588277
18998.748301052 0.0939552806234
18962.833843016 0.094743243807924
18926.91938498 0.095535158737029
18891.004926944 0.096331031994905
18855.090468908 0.097130870154806
18819.176010872 0.097934679779111
18783.261552836 0.098742467419369
18747.3470948 0.099554239616359
18711.432636764 0.10037000290014
18675.518178728 0.10118976379011
18639.603720692 0.10201352879503
18603.689262656 0.10284130441314
18567.77480462 0.10367309713212
18531.860346584 0.10450891342922
18495.945888548 0.10534875977128
18460.031430512 0.10619264261476
18424.116972476 0.10704056840582
18388.20251444 0.10789254358037
18352.288056404 0.10874857456408
18316.373598368 0.10960866777249
18280.459140332 0.11047282961099
18244.544682296 0.11134106647492
18208.63022426 0.1122133847496
18172.715766224 0.11308979081038
18136.801308187 0.11397029102265
18100.886850151 0.11485489174197
18064.972392115 0.11574359931402
18029.057934079 0.11663642007472
17993.143476043 0.11753336035022
17957.229018007 0.11843442645698
17921.314559971 0.11933962470183
17885.400101935 0.12024896138194
17849.485643899 0.12116244278496
17813.571185863 0.12208007518898
17777.656727827 0.12300186486262
17741.742269791 0.12392781806509
17705.827811755 0.12485794104615
17669.913353719 0.12579224004625
17633.998895683 0.12673072129652
17598.084437647 0.12767339101881
17562.169979611 0.12862025542575
17526.255521575 0.12957132072077
17490.341063539 0.13052659309816
17454.426605503 0.13148607874312
17418.512147467 0.13244978383176
17382.597689431 0.13341771453116
17346.683231395 0.13438987699945
17310.768773359 0.13536627738575
17274.854315323 0.13634692183034
17238.939857287 0.13733181646457
17203.025399251 0.138320967411
17167.110941215 0.13931438078336
17131.196483179 0.14031206268666
17095.282025143 0.14131401921716
17059.367567107 0.14232025646246
17023.453109071 0.1433307805015
16987.538651035 0.14434559740461
16951.624192999 0.14536471323357
16915.709734963 0.1463881340416
16879.795276927 0.14741586587343
16843.880818891 0.14844791476534
16807.966360855 0.14948428674516
16772.051902819 0.15052498783233
16736.137444783 0.15157002403795
16700.222986747 0.15261940136477
16664.308528711 0.15367312580728
16628.394070675 0.15473120335168
16592.479612639 0.15579363997599
16556.565154602 0.15686044165001
16520.650696566 0.1579316143354
16484.73623853 0.15900716398571
16448.821780494 0.16008709654638
16412.907322458 0.16117141795481
16376.992864422 0.16226013414038
16341.078406386 0.16335325102447
16305.16394835 0.16445077452052
16269.249490314 0.16555271053402
16233.335032278 0.1666590649626
16197.420574242 0.16776984369601
16161.506116206 0.16888505261615
16125.59165817 0.17000469759717
16089.677200134 0.1711287845054
16053.762742098 0.17225731919947
16017.848284062 0.17339030753028
15981.933826026 0.17452775534107
15946.01936799 0.17566966846742
15910.104909954 0.17681605273731
15874.190451918 0.17796691397111
15838.275993882 0.17912225798166
15802.361535846 0.18028209057424
15766.44707781 0.18144641754668
15730.532619774 0.18261524468928
15694.618161738 0.18378857778494
15658.703703702 0.18496642260914
15622.789245666 0.18614878492998
15586.87478763 0.18733567050818
15550.960329594 0.18852708509717
15515.045871558 0.18972303444305
15479.131413522 0.19092352428466
15443.216955486 0.19212856035359
15407.30249745 0.19333814837423
15371.388039414 0.19455229406376
15335.473581378 0.19577100313221
15299.559123342 0.19699428128246
15263.644665306 0.1982221342103
15227.73020727 0.19945456760443
15191.815749234 0.20069158714648
15155.901291198 0.20193319851107
15119.986833162 0.2031794073658
15084.072375126 0.20443021937131
15048.15791709 0.20568564018127
15012.243459054 0.20694567544242
14976.329001018 0.20821033079463
14940.414542981 0.20947961187085
14904.500084945 0.21075352429721
14868.585626909 0.21203207369301
14832.671168873 0.21331526567073
14796.756710837 0.21460310583609
14760.842252801 0.21589559978806
14724.927794765 0.21719275311887
14689.013336729 0.21849457141405
14653.098878693 0.21980106025245
14617.184420657 0.22111222520628
14581.269962621 0.22242807184109
14545.355504585 0.22374860571584
14509.441046549 0.2250738323829
14473.526588513 0.22640375738807
14437.612130477 0.22773838627064
14401.697672441 0.22907772456335
14365.783214405 0.23042177779246
14329.868756369 0.23177055147777
14293.954298333 0.23312405113263
14258.039840297 0.23448228226396
14222.125382261 0.23584525037227
14186.210924225 0.2372129609517
14150.296466189 0.23858541949005
14114.382008153 0.23996263146874
14078.467550117 0.24134460236293
14042.553092081 0.24273133764144
14006.638634045 0.24412284276686
13970.724176009 0.24551912319549
13934.809717973 0.24692018437744
13898.895259937 0.24832603175659
13862.980801901 0.24973667077066
13827.066343865 0.25115210685116
13791.151885829 0.25257234542352
13755.237427793 0.25399739190699
13719.322969757 0.25542725171475
13683.408511721 0.2568619302539
13647.494053685 0.25830143292546
13611.579595649 0.25974576512443
13575.665137613 0.26119493223978
13539.750679577 0.26264893965448
13503.836221541 0.26410779274552
13467.921763505 0.26557149688393
13432.007305469 0.26704005743481
13396.092847433 0.26851347975732
13360.178389396 0.26999176920474
13324.26393136 0.27147493112446
13288.349473324 0.272962970858
13252.435015288 0.27445589374104
13216.520557252 0.27595370510345
13180.606099216 0.27745641026928
13144.69164118 0.27896401455679
13108.777183144 0.2804765232785
13072.862725108 0.28199394174115
13036.948267072 0.28351627524577
13001.033809036 0.28504352908768
12965.119351 0.28657570855648
12929.204892964 0.28811281893614
12893.290434928 0.28965486550493
12857.375976892 0.29120185353551
12821.461518856 0.29275378829491
12785.54706082 0.29431067504456
12749.632602784 0.2958725190403
12713.718144748 0.29743932553242
12677.803686712 0.29901109976564
12641.889228676 0.30058784697917
12605.97477064 0.30216957240668
12570.060312604 0.30375628127636
12534.145854568 0.30534797881092
12498.231396532 0.30694467022762
12462.316938496 0.30854636073824
12426.40248046 0.31015305554917
12390.488022424 0.31176475986137
12354.573564388 0.3133814788704
12318.659106352 0.31500321776646
12282.744648316 0.31662998173438
12246.83019028 0.31826177595364
12210.915732244 0.31989860559841
12175.001274208 0.32154047583753
12139.086816172 0.32318739183455
12103.172358136 0.32483935874775
12067.2579001 0.32649638173014
12031.343442064 0.32815846592948
11995.428984028 0.32982561648831
11959.514525992 0.33149783854395
11923.600067956 0.33317513722852
11887.68560992 0.33485751766895
11851.771151884 0.33654498498703
11815.856693848 0.33823754429935
11779.942235811 0.33993520071742
11744.027777775 0.34163795934759
11708.113319739 0.34334582529112
11672.198861703 0.34505880364418
11636.284403667 0.34677689949785
11600.369945631 0.34850011793817
11564.455487595 0.35022846404612
11528.541029559 0.35196194289767
11492.626571523 0.35370055956375
11456.712113487 0.35544431911031
11420.797655451 0.3571932265983
11384.883197415 0.35894728708372
11348.968739379 0.36070650561759
11313.054281343 0.362470887246
11277.139823307 0.36424043701011
11241.225365271 0.36601515994618
11205.310907235 0.36779506108555
11169.396449199 0.3695801454547
11133.481991163 0.37137041807522
11097.567533127 0.37316588396385
11061.653075091 0.3749665481325
11025.738617055 0.37677241558823
10989.824159019 0.37858349133331
10953.909700983 0.3803997803652
10917.995242947 0.38222128767657
10882.080784911 0.38404801825533
10846.166326875 0.38587997708461
10810.251868839 0.38771716914281
10774.337410803 0.38955959940361
10738.422952767 0.39140727283594
10702.508494731 0.39326019440406
10666.594036695 0.39511836906751
10630.679578659 0.39698180178117
10594.765120623 0.39885049749526
10558.850662587 0.40072446115532
10522.936204551 0.40260369770228
10487.021746515 0.40448821207244
10451.107288479 0.40637800919746
10415.192830443 0.40827309400445
10379.278372407 0.41017347141588
10343.363914371 0.41207914634969
10307.449456335 0.41399012371923
10271.534998299 0.41590640843332
10235.620540263 0.41782800539622
10199.706082227 0.41975491950769
10163.79162419 0.42168715566297
10127.877166154 0.42362471875281
10091.962708118 0.42556761366346
10056.048250082 0.4275158452767
10020.133792046 0.42946941846985
9984.2193340104 0.43142833811578
9948.3048759743 0.43339260908293
9912.3904179383 0.43536223623531
9876.4759599023 0.43733722443252
9840.5615018663 0.43931757852974
9804.6470438303 0.44130330337778
9768.7325857942 0.44329440382308
9732.8181277582 0.44529088470769
9696.9036697222 0.44729275086933
9660.9892116862 0.44930000714136
9625.0747536501 0.45131265835281
9589.1602956141 0.45333070932842
9553.2458375781 0.45535416488859
9517.3313795421 0.45738302984943
9481.4169215061 0.45941730902278
9445.50246347 0.4614570072162
9409.588005434 0.46350212923299
9373.673547398 0.46555267987219
9337.759089362 0.46760866392861
9301.8446313259 0.46967008619283
9265.9301732899 0.47173695145122
9230.0157152539 0.47380926448595
9194.1012572179 0.47588703007497
9158.1867991818 0.47797025299206
9122.2723411458 0.48005893800685
9086.3578831098 0.48215308988477
9050.4434250738 0.48425271338713
9014.5289670378 0.48635781327109
8978.6145090017 0.48846839428967
8942.7000509657 0.49058446119179
8906.7855929297 0.49270601872225
8870.8711348937 0.49483307162177
8834.9566768576 0.49696562462696
8799.0422188216 0.49910368247037
8763.1277607856 0.50124724988048
8727.2133027496 0.50339633158172
8691.2988447136 0.50555093229446
8655.3843866775 0.50771105673507
8619.4699286415 0.50987670961586
8583.5554706055 0.51204789564515
8547.6410125695 0.51422461952724
8511.7265545334 0.51640688596245
8475.8120964974 0.51859469964711
8439.8976384614 0.52078806527359
8403.9831804254 0.52298698753028
8368.0687223894 0.52519147110162
8332.1542643533 0.52740152066813
8296.2398063173 0.52961714090637
8260.3253482813 0.53183833648898
8224.4108902453 0.53406511208471
8188.4964322092 0.53629747235838
8152.5819741732 0.53853542197094
8116.6675161372 0.54077896557944
8080.7530581012 0.54302810783705
8044.8386000652 0.54528285339311
8008.9241420292 0.54754320689306
7973.0096839932 0.54980917297853
7937.0952259571 0.5520807562873
7901.1807679211 0.55435796145333
7865.2663098851 0.55664079310675
7829.3518518491 0.55892925587391
7793.4373938131 0.56122335437732
7757.5229357771 0.56352309323575
7721.6084777411 0.56582847706415
7685.6940197051 0.56813951047372
7649.779561669 0.57045619807191
7613.865103633 0.5727785444624
7577.950645597 0.57510655424512
7542.036187561 0.5774402320163
7506.121729525 0.57977958236841
7470.207271489 0.58212460989023
7434.292813453 0.58447531916682
7398.3783554169 0.58683171477956
7362.4638973809 0.58919380130611
7326.5494393449 0.59156158332048
7290.6349813089 0.59393506539301
7254.7205232729 0.59631425209035
7218.8060652369 0.59869914797553
7182.8916072009 0.60108975760792
7146.9771491648 0.60348608554325
7111.0626911288 0.60588813633363
7075.1482330928 0.60829591452756
7039.2337750568 0.61070942466991
7003.3193170208 0.61312867130197
6967.4048589848 0.61555365896143
6931.4904009488 0.6179843921824
6895.5759429128 0.62042087549539
6859.6614848767 0.62286311342739
6823.7470268407 0.62531111050178
6787.8325688047 0.62776487123843
6751.9181107687 0.63022440015366
6716.0036527327 0.63268970176023
6680.0891946967 0.63516078056741
6644.1747366607 0.63763764108093
6608.2602786246 0.64012028780302
6572.3458205886 0.64260872523242
6536.4313625526 0.64510295786435
6500.5169045166 0.64760299019058
6464.6024464806 0.65010882669937
6428.6879884446 0.65262047187554
6392.7735304086 0.65513793020043
6356.8590723726 0.65766120615194
6320.9446143365 0.66019030420452
6285.0301563005 0.66272522882919
6249.1156982645 0.66526598449354
6213.2012402285 0.66781257566173
6177.2867821925 0.67036500679452
6141.3723241565 0.67292328234926
6105.4578661205 0.6754874067799
6069.5434080844 0.67805738453701
6033.6289500484 0.68063322006777
5997.7144920124 0.68321491781599
5961.8000339764 0.68580248222212
5925.8855759404 0.68839591772323
5889.9711179044 0.69099522875307
5854.0566598684 0.69360041974202
5818.1422018324 0.69621149511713
5782.2277437963 0.69882845930215
5746.3132857603 0.70145131671746
5710.3988277243 0.70408007178017
5674.4843696883 0.70671472890406
5638.5699116523 0.70935529249963
5602.6554536163 0.71200176697406
5566.7409955803 0.71465415673128
5530.8265375442 0.71731246617192
5494.9120795082 0.71997669969336
5458.9976214722 0.72264686168969
5423.0831634362 0.72532295655178
5387.1687054002 0.72800498866722
5351.2542473642 0.73069296242039
5315.3397893282 0.73338688219242
5279.4253312921 0.73608675236122
5243.5108732561 0.73879257730146
5207.5964152201 0.74150436138464
5171.6819571841 0.74422210897903
5135.7674991481 0.74694582444969
5099.8530411121 0.74967551215852
5063.9385830761 0.75241117646422
5028.0241250401 0.7551528217223
4992.109667004 0.75790045228514
4956.195208968 0.76065407250191
4920.280750932 0.76341368671866
4884.366292896 0.76617929927827
4848.45183486 0.7689509145205
4812.537376824 0.77172853678195
4776.622918788 0.7745121703961
4740.7084607519 0.77730181969333
4704.7940027159 0.78009748900086
4668.8795446799 0.78289918264284
4632.9650866439 0.78570690494031
4597.0506286079 0.7885206602112
4561.1361705719 0.79134045277038
4525.2217125359 0.79416628692961
4489.3072544999 0.79699816699758
4453.3927964638 0.79983609727993
4417.4783384278 0.80268008207923
4381.5638803918 0.80553012569497
4345.6494223558 0.80838623242363
4309.7349643198 0.81124840655863
4273.8205062838 0.81411665239034
4237.9060482478 0.81699097420612
4201.9915902117 0.8198713762903
4166.0771321757 0.8227578629242
4130.1626741397 0.82565043838612
4094.2482161037 0.82854910695136
4058.3337580677 0.83145387289221
4022.4193000317 0.834364740478
3986.5048419957 0.83728171397504
3950.5903839596 0.84020479764668
3914.6759259236 0.84313399575331
3878.7614678876 0.84606931255231
3842.8470098516 0.84901075229814
3806.9325518156 0.8519583192423
3771.0180937795 0.85491201763333
3735.1036357435 0.85787185171682
3699.1891777075 0.86083782573546
3663.2747196715 0.86380994392897
3627.3602616355 0.86678821053417
3591.4458035995 0.86977262978496
3555.5313455634 0.87276320591232
3519.6168875274 0.87575994314434
3483.7024294914 0.87876284570618
3447.7879714554 0.88177191782015
3411.8735134194 0.88478716370563
3375.9590553833 0.88780858757914
3340.0445973473 0.89083619365434
3304.1301393113 0.89386998614197
3268.2156812753 0.89690996924997
3232.3012232393 0.89995614718336
3196.3867652033 0.90300852414436
3160.4723071672 0.9060671043323
3124.5578491312 0.9091318919437
3088.6433910952 0.91220289117224
3052.7289330592 0.91528010620875
3016.8144750232 0.91836354124125
2980.9000169871 0.92145320045496
2944.9855589511 0.92454908803226
2909.0711009151 0.92765120815273
2873.1566428791 0.93075956499316
2837.2421848431 0.93387416272753
2801.3277268071 0.93699500552705
2765.413268771 0.94012209756012
2729.498810735 0.94325544299238
2693.584352699 0.9463950459867
2657.669894663 0.94954091070316
2621.755436627 0.9526930412991
2585.8409785909 0.9558514419291
2549.9265205549 0.95901611674498
2514.0120625189 0.96218706989582
2478.0976044829 0.96536430552796
2442.1831464469 0.968547827785
2406.2686884109 0.97173764080783
2370.3542303748 0.97493374873458
2334.4397723388 0.97813615570069
2298.5253143028 0.98134486583889
2262.6108562668 0.98455988327918
2226.6963982308 0.98778121214888
2190.7819401948 0.99100885657259
2154.8674821587 0.99424282067223
2118.9530241227 0.99748310856704
2083.0385660867 1.0007297243736
2047.1241080507 1.0039826722057
2011.2096500147 1.0072419561746
1975.2951919786 1.0105075803889
1939.3807339426 1.0137795489544
1903.4662759066 1.0170578659743
1867.5518178706 1.0203425355492
1831.6373598346 1.0236335617771
1795.7229017986 1.0269309487532
1759.8084437625 1.0302347005701
1723.8939857265 1.033544821318
1687.9795276905 1.0368613150841
1652.0650696545 1.0401841859534
1616.1506116185 1.0435134380078
1580.2361535824 1.0468490753271
1544.3216955464 1.0501911019881
1508.4072375104 1.0535395220651
1472.4927794744 1.05689433963
1436.5783214384 1.0602555587519
1400.6638634024 1.0636231834974
1364.7494053663 1.0669972179304
1328.8349473303 1.0703776661125
1292.9204892943 1.0737645321024
1257.0060312583 1.0771578199564
1221.0915732223 1.0805575337283
1185.1771151862 1.0839636774693
1149.2626571502 1.0873762552279
1113.3481991142 1.0907952710503
1077.4337410782 1.0942207289799
1041.5192830422 1.0976526330577
1005.6048250062 1.1010909873224
969.69036697014 1.1045357958096
933.77590893412 1.107987062553
897.8614508981 1.1114447915833
861.94699286208 1.1149089869291
826.03253482607 1.118379652616
790.11807679005 1.1218567926676
754.20361875403 1.1253404111047
718.28916071801 1.1288305119457
682.37470268199 1.1323270992065
646.46024464598 1.1358301769004
610.54578660996 1.1393397490385
574.63132857394 1.1428558196291
538.71687053792 1.1463783926782
502.8024125019 1.1499074721894
466.88795446589 1.1534430621638
430.97349642987 1.1569851665998
395.05903839385 1.1605337894937
359.14458035783 1.1640889348391
323.23012232182 1.1676506066273
287.3156642858 1.1712188088472
251.40120624978 1.174793545485
215.48674821376 1.1783748205247
179.57229017775 1.1819626379479
143.65783214173 1.1855570017336
107.74337410571 1.1891579158586
71.828916069694 1.1927653842971
35.914458033676 1.1963794110209
-2.3416744099336e-009 1.1999999999995
