28731.566428814 0.00024896412368003
27294.988107373 0.0023071879032389
25858.409785933 0.0073501509290866
24421.831464492 0.016173966579865
22985.253143051 0.029430740212356
21548.674821611 0.047687245783746
20112.09650017 0.071451824695053
18675.518178729 0.10118950053257
17238.939857288 0.13733150018243
15802.361535848 0.18028171813552
14365.783214407 0.2304213462291
12929.204892966 0.28811232542105
11492.626571526 0.35370000139261
10056.048250085 0.42751521985338
8619.4699286442 0.50987601444046
7182.8916072034 0.60108899026683
5746.3132857627 0.70145047487507
4309.734964322 0.81124748795021
2873.1566428813 0.93075856741882
1436.5783214406 1.0602544800713
-9.6008534455905e-011 1.1999988381273
