28731.566428814 0.00024896412368003
28444.250764526 0.00046811159013065
28156.935100238 0.00077461156667131
27869.61943595 0.0011777552289978
27582.303771662 0.0016860113418392
27294.988107373 0.0023072130521472
27007.672443085 0.0030486829559925
26720.356778797 0.0039173217631724
26433.041114509 0.0049196738885967
26145.725450221 0.006061977603894
25858.409785933 0.0073502044096646
25571.094121645 0.0087900906206834
25283.778457356 0.010387163165297
24996.462793068 0.012146760983388
24709.14712878 0.014074053008185
24421.831464492 0.016174053450369
24134.515800204 0.018451634919513
23847.200135916 0.02091153978867
23559.884471628 0.023558390114913
23272.568807339 0.026396696360459
22985.253143051 0.029430865108146
22697.937478763 0.032665205926547
22410.621814475 0.036103937510455
22123.306150187 0.039751193199523
21835.990485899 0.043611025959845
21548.674821611 0.047687412898919
21261.359157322 0.051984259373009
20974.043493034 0.056505402736631
20686.727828746 0.061254615776379
20399.412164458 0.066235609865072
20112.09650017 0.071452037867139
19824.780835882 0.076907496821856
19537.465171594 0.082605530427536
19250.149507305 0.088549631346727
18962.833843017 0.094743243350001
18675.518178729 0.10118976331371
18388.202514441 0.10789254308525
18100.886850153 0.11485489122789
17813.571185865 0.12208007465571
17526.255521577 0.12957132016808
17238.939857288 0.13733181589223
16951.624193 0.14536471264135
16664.308528712 0.15367312519495
16376.992864424 0.16226013350773
16089.677200136 0.17112878385221
15802.361535848 0.1802820899003
15515.04587156 0.18972303374812
15227.730207271 0.19945456688832
14940.414542983 0.20947961113334
14653.098878695 0.21980105949334
14365.783214407 0.23042177701153
14078.467550119 0.24134460155998
13791.151885831 0.25257234459835
13503.836221543 0.26410779189793
13216.520557254 0.27595370423324
12929.204892966 0.28811281804311
12641.889228678 0.30058784606313
12354.57356439 0.31338147793115
12067.257900102 0.32649638076749
11779.942235814 0.33993519973119
11492.626571525 0.35370055855373
11205.310907237 0.36779506005157
10917.995242949 0.38222128661843
10630.679578661 0.3969818006987
10343.363914373 0.41207914524269
10056.048250085 0.42751584414499
9768.7325857966 0.44329440266649
9481.4169215085 0.45941730784113
9194.1012572203 0.47588702886806
8906.7855929322 0.49270601748993
8619.4699286441 0.50987670835794
8332.1542643559 0.52740151938444
8044.8386000678 0.54528285208347
7757.5229357796 0.56352309189999
7470.2072714915 0.58212460852819
7182.8916072033 0.60108975621942
6895.5759429152 0.62042087408027
6608.260278627 0.6401202863611
6320.9446143389 0.66019030273564
6033.6289500508 0.68063321857176
5746.3132857626 0.70145131519416
5458.9976214745 0.72264686013893
5171.6819571863 0.74422210740065
4884.3662928982 0.76617929767211
4597.05062861 0.7885206585771
4309.7349643219 0.81124840489642
4022.4193000338 0.83436473878753
3735.1036357456 0.85787184999793
3447.7879714575 0.88177191607268
3160.4723071693 0.9060671025561
2873.1566428812 0.93075956318806
2585.8409785931 0.95585144009496
2298.5253143049 0.98134486397555
2011.2096500168 1.0072419542819
1723.8939857286 1.0335448193958
1436.5783214405 1.0602555568001
1149.2626571524 1.0873762532462
861.94699286421 1.1149089849174
574.63132857607 1.1428558175873
287.31566428793 1.1712188067752
-2.16083151372e-010 1.1999999978971
