28731.566428814 0.00024896412368003
28641.780283724 0.00030866683889066
28551.994138634 0.000376225452483
28462.207993544 0.00045195734849866
28372.421848454 0.00053616802762239
28282.635703364 0.00062915235075215
28192.849558274 0.00073119557956634
28103.063413184 0.00084257425768655
28013.277268094 0.0009635569646799
27923.491123004 0.001094404967211
27833.704977914 0.001235372785983
27743.918832824 0.0013867086929748
27654.132687734 0.0015486551504173
27564.346542644 0.0017214492006435
27474.560397554 0.0019053228141828
27384.774252464 0.0021005032021071
27294.988107374 0.0023072130975671
27205.201962283 0.0025256710106152
27115.415817193 0.0027560914597335
27025.629672103 0.0029986851829445
26935.843527013 0.0032536593309416
26846.057381923 0.0035212176443107
26756.271236833 0.0038015606166225
26666.485091743 0.0040948856449216
26576.698946653 0.0044013871689372
26486.912801563 0.0047212568001639
26397.126656473 0.0050546834418159
26307.340511383 0.0054018534005323
26217.554366293 0.0057629504906086
26127.768221203 0.0061381561314343
26037.982076113 0.006527649438742
25948.195931023 0.0069316073102046
25858.409785933 0.007350204505859
25768.623640843 0.0077836137237832
25678.837495753 0.0082320056714107
25589.051350663 0.0086955491328263
25499.265205573 0.0091744110323531
25409.479060483 0.0096687564947111
25319.692915393 0.010178748902
25229.906770303 0.010704549947738
25140.120625213 0.011246319688161
25050.334480123 0.011804216590979
24960.548335033 0.01237839758176
24870.762189942 0.012969018088092
24780.976044852 0.013576232081688
24691.189899762 0.014200192118545
24601.403754672 0.014841049377294
24511.617609582 0.01549895369585
24421.831464492 0.016174053606464
24332.045319402 0.01686649636927
24242.259174312 0.017576428004426
24152.473029222 0.01830399332292
24062.686884132 0.019049335956119
23972.900739042 0.019812598384142
23883.114593952 0.020593921963101
23793.328448862 0.021393446951296
23703.542303772 0.022211312534404
23613.756158682 0.023047656849712
23523.970013592 0.023902617009466
23434.183868502 0.024776329123351
23344.397723412 0.025668928320169
23254.611578322 0.026580548768749
23164.825433232 0.027511323698113
23075.039288142 0.028461385416963
22985.253143052 0.029430865332487
22895.466997962 0.030419893968543
22805.680852872 0.031428600983235
22715.894707782 0.032457115185921
22626.108562692 0.033505564553659
22536.322417602 0.034574076247142
22446.536272511 0.03566277662612
22356.750127421 0.036771791264348
22266.963982331 0.037901244964078
22177.177837241 0.0390512617701
22087.391692151 0.040221964983374
21997.605547061 0.041413477174252
21907.819401971 0.042625920195313
21818.033256881 0.043859415193828
21728.247111791 0.045114082623865
21638.460966701 0.04639004225806
21548.674821611 0.047687413199049
21458.888676521 0.049006313890587
21369.102531431 0.050346862128367
21279.316386341 0.051709175070538
21189.530241251 0.053093369247954
21099.744096161 0.054499560574133
21009.957951071 0.055927864354977
20920.171805981 0.057378395298218
20830.385660891 0.058851267522641
20740.599515801 0.060346594567057
20650.813370711 0.06186448939906
20561.027225621 0.063405064423563
20471.241080531 0.064968431491123
20381.454935441 0.06655470190606
20291.668790351 0.068163986434388
20201.882645261 0.069796395311546
20112.09650017 0.071452038249954
20022.31035508 0.073131024446384
19932.52420999 0.074833462589167
19842.7380649 0.076559460865225
19752.95191981 0.078309126966954
19663.16577472 0.080082568098937
19573.37962963 0.081879890984518
19483.59348454 0.083701201872223
19393.80733945 0.085546606542044
19304.02119436 0.087416210311581
19214.23504927 0.089310118042057
19124.44890418 0.091228434144194
19034.66275909 0.093171262583976
18944.876614 0.095138706888281
18855.09046891 0.097130870150397
18765.30432382 0.099147855035429
18675.51817873 0.10118976378559
18585.73203364 0.10325669822537
18495.94588855 0.10534875976665
18406.15974346 0.10746604941363
18316.37359837 0.10960866776774
18226.58745328 0.11177671503243
18136.80130819 0.1139702910178
18047.0151631 0.11618949514526
17957.22901801 0.11843442645202
17867.44287292 0.12070518359546
17777.656727829 0.12300186485754
17687.870582739 0.12532456814902
17598.084437649 0.12767339101362
17508.298292559 0.13004843063213
17418.512147469 0.13244978382645
17328.726002379 0.1348775470635
17238.939857289 0.13733181645914
17149.153712199 0.13981268778194
17059.367567109 0.14232025645691
16969.581422019 0.14485461756923
16879.795276929 0.14741586586777
16790.009131839 0.15000409576871
16700.222986749 0.15261940135899
16610.436841659 0.1552618763997
16520.650696569 0.1579316143295
16430.864551479 0.16062870826789
16341.078406389 0.16335325101844
16251.292261299 0.16610533507205
16161.506116209 0.16888505261001
16071.719971119 0.17169249550713
15981.933826029 0.1745277553348
15892.147680939 0.17739092336391
15802.361535849 0.18028209056785
15712.575390759 0.18320134762538
15622.789245669 0.18614878492346
15533.003100579 0.18912449256007
15443.216955488 0.19212856034695
15353.430810398 0.19516107781232
15263.644665308 0.19822213420354
15173.858520218 0.20131181848974
15084.072375128 0.20443021936442
14994.286230038 0.20757742524797
14904.500084948 0.21075352429019
14814.713939858 0.21395860437278
14724.927794768 0.21719275311172
14635.141649678 0.22045605785972
14545.355504588 0.22374860570856
14455.569359498 0.22707048349139
14365.783214408 0.23042177778505
14275.997069318 0.23380257491233
14186.210924228 0.23721296094416
14096.424779138 0.24065302170185
14006.638634048 0.24412284275919
13916.852488958 0.24762250944463
13827.066343868 0.25115210684336
13737.280198778 0.25471171979938
13647.494053688 0.25830143291753
13557.707908598 0.26192133056551
13467.921763508 0.26557149687586
13378.135618418 0.26925201574794
13288.349473328 0.2729629708498
13198.563328238 0.27670444562014
13108.777183147 0.28047652327016
13018.991038057 0.28427928678543
12929.204892967 0.28811281892767
12839.418747877 0.2919772022366
12749.632602787 0.2958725190317
12659.846457697 0.29979885141396
12570.060312607 0.30375628126761
12480.274167517 0.30774489026185
12390.488022427 0.31176475985248
12300.701877337 0.31581597128364
12210.915732247 0.31989860558939
12121.129587157 0.32401274359535
12031.343442067 0.32815846592032
11941.557296977 0.33233585297784
11851.771151887 0.33654498497773
11761.985006797 0.34078594192768
11672.198861707 0.34505880363474
11582.412716617 0.34936364970681
11492.626571527 0.35370055955417
11402.840426437 0.35806961239088
11313.054281347 0.36247088723628
11223.268136257 0.36690446291639
11133.481991167 0.37137041806535
11043.695846077 0.37586883112679
10953.909700987 0.38039978035519
10864.123555897 0.38496334381731
10774.337410806 0.38955959939345
10684.551265716 0.39418862477885
10594.765120626 0.39885049748496
10504.978975536 0.40354529484075
10415.192830446 0.40827309399401
10325.406685356 0.41303397191257
10235.620540266 0.41782800538563
10145.834395176 0.42265527102492
10056.048250086 0.42751584526596
9966.2621049962 0.43240980436929
9876.4759599061 0.43733722442163
9786.6898148161 0.44229818133708
9696.903669726 0.4472927508583
9607.117524636 0.45232100855762
9517.331379546 0.45738302983825
9427.5452344559 0.46247888993538
9337.7590893659 0.46760866391728
9247.9729442759 0.47277242668642
9158.1867991858 0.47797025298058
9068.4006540958 0.48320221737392
8978.6145090057 0.48846839427804
8888.8283639157 0.49376885794304
8799.0422188257 0.49910368245859
8709.2560737356 0.50447294175493
8619.4699286456 0.50987670960393
8529.6837835555 0.51531505962008
8439.8976384655 0.5207880652615
8350.1114933755 0.52629579983094
8260.3253482854 0.53183833647674
8170.5392031954 0.53741574819383
8080.7530581053 0.54302810782466
7990.9669130153 0.54867548806018
7901.1807679252 0.55435796144078
7811.3946228352 0.5600756003572
7721.6084777452 0.56582847705144
7631.8223326551 0.57161666361775
7542.0361875651 0.57744023200344
7452.250042475 0.58329925400982
7362.463897385 0.5891938012931
7272.6777522949 0.59512394536521
7182.8916072049 0.60108975759475
7093.1054621148 0.60709130920776
7003.3193170248 0.61312867128864
6913.5331719347 0.61920191478096
6823.7470268447 0.62531111048829
6733.9608817546 0.63145632907505
6644.1747366646 0.63763764106728
6554.3885915745 0.64385511685353
6464.6024464845 0.65010882668556
6374.8163013944 0.65639884067923
6285.0301563044 0.66272522881522
6195.2440112143 0.66908806093984
6105.4578661243 0.67548740676577
6015.6717210343 0.68192333587289
5925.8855759442 0.68839591770894
5836.0994308542 0.69490522159037
5746.3132857641 0.70145131670301
5656.5271406741 0.70803427210283
5566.740995584 0.71465415671667
5476.954850494 0.72131103934296
5387.1687054039 0.72800498865245
5297.3825603139 0.73473607318887
5207.5964152238 0.7415043613697
5117.8102701338 0.74830992148682
5028.0241250437 0.7551528217072
4938.2379799537 0.7620331300736
4848.4518348636 0.76895091450523
4758.6656897736 0.77590624279845
4668.8795446835 0.78289918262741
4579.0933995935 0.78992980154468
4489.3072545035 0.79699816698198
4399.5211094134 0.80410434625076
4309.7349643234 0.81124840654286
4219.9488192333 0.81843041493116
4130.1626741433 0.82565043837019
4040.3765290532 0.83290854369675
3950.5903839632 0.84020479763058
3860.8042388731 0.8475392667749
3771.0180937831 0.85491201761706
3681.231948693 0.86232311652913
3591.445803603 0.86977262976852
3501.659658513 0.87726062347855
3411.8735134229 0.88478716368902
3322.0873683329 0.89235231631684
3232.3012232428 0.89995614716658
3142.5150781528 0.90759872193103
3052.7289330627 0.9152801061918
2962.9427879727 0.92300036541983
2873.1566428827 0.93075956497604
2783.3704977926 0.93855777011176
2693.5843527026 0.9463950459694
2603.7982076125 0.95427145758291
2514.0120625225 0.96218706987835
2424.2259174324 0.97014194767444
2334.4397723424 0.97813615568305
2244.6536272524 0.98616975850977
2154.8674821623 0.99424282065441
2065.0813370723 1.0023554065115
1975.2951919822 1.0105075803709
1885.5090468922 1.0186994064181
1795.7229018021 1.026930948735
1705.9367567121 1.0352022713002
1616.1506116221 1.0435134379895
1526.364466532 1.0518645125766
1436.578321442 1.0602555587334
1346.7921763519 1.0686866400305
1257.0060312619 1.0771578199377
1167.2198861718 1.0856691618247
1077.4337410818 1.094220728961
987.64759599174 1.1028125845171
897.86145090169 1.1114447915643
808.07530581165 1.1201174130758
718.28916072161 1.1288305119265
628.50301563156 1.137584150894
538.71687054152 1.1463783926588
448.93072545147 1.1552132998048
359.14458036143 1.1640889348195
269.35843527139 1.1730053600951
179.57229018134 1.1819626379282
89.786145091297 1.1909608305205
1.2531948812011e-009 1.1999999999795
