28731.566428814 0.00024896412368003
28551.994138634 0.00037622545154855
28372.421848454 0.00053616802584032
28192.849558274 0.00073119557697586
28013.277268094 0.00096355696129497
27833.704977914 0.0012353727818034
27654.132687734 0.0015486551454342
27474.560397554 0.0019053228083826
27294.988107374 0.0023072130909326
27115.415817193 0.0027560914522459
26935.843527013 0.0032536593225807
26756.271236833 0.0038015606073675
26576.698946653 0.0044013871587667
26397.126656473 0.0050546834307086
26217.554366293 0.005762950478543
26037.982076113 0.0065276494256966
25858.409785933 0.0073502044918127
25678.837495753 0.0082320056563424
25499.265205573 0.009174411016242
25319.692915393 0.010178748884826
25140.120625213 0.011246319669903
24960.548335033 0.012378397562398
24780.976044852 0.013576232061202
24601.403754672 0.014841049355665
24421.831464492 0.016174053583673
24242.259174312 0.017576427980454
24062.686884132 0.019049335930947
23883.114593952 0.020593921936709
23703.542303772 0.022211312506775
23523.970013592 0.023902616980583
23344.397723412 0.025668928290013
23164.825433232 0.027511323666666
22985.253143052 0.029430865299732
22805.680852872 0.031428600949156
22626.108562692 0.033505564518238
22446.536272511 0.035662776589339
22266.963982331 0.037901244925922
22087.391692151 0.040221964943827
21907.819401971 0.042625920154358
21728.247111791 0.045114082581486
21548.674821611 0.04768741315523
21369.102531431 0.050346862083092
21189.530241251 0.053093369201208
21009.957951071 0.055927864306744
20830.385660891 0.058851267472907
20650.813370711 0.061864489347809
20471.241080531 0.06496843143834
20291.668790351 0.068163986380058
20112.09650017 0.071452038194063
19932.52420999 0.0748334625317
19752.95191981 0.078309126907897
19573.37962963 0.081879890923856
19393.80733945 0.085546606479763
19214.23504927 0.089310117978144
19034.66275909 0.093171262518416
18855.09046891 0.097130870083176
18675.51817873 0.10118976371669
18495.94588855 0.10534875969607
18316.37359837 0.10960866769546
18136.80130819 0.1139702909438
17957.22901801 0.11843442637629
17777.656727829 0.12300186478008
17598.084437649 0.12767339093439
17418.512147469 0.13244978374546
17238.939857289 0.13733181637637
17059.367567109 0.14232025637235
16879.795276929 0.1474158657814
16700.222986749 0.1526194012708
16520.650696569 0.15793161423948
16341.078406389 0.16335325092658
16161.506116209 0.16888505251629
15981.933826029 0.17452775523921
15802.361535849 0.18028209047039
15622.789245668 0.18614878482411
15443.216955488 0.19212856024569
15263.644665308 0.19822213410036
15084.072375128 0.20443021925931
14904.500084948 0.21075352418315
14724.927794768 0.21719275300272
14545.355504588 0.2237486055976
14365.783214408 0.23042177767212
14186.210924228 0.23721296082924
14006.638634048 0.24412284264227
13827.066343868 0.25115210672444
13647.494053687 0.25830143279658
13467.921763507 0.26557149675288
13288.349473327 0.27296297072477
13108.777183147 0.28047652314309
12929.204892967 0.28811281879852
12749.632602787 0.29587251890048
12570.060312607 0.30375628113431
12390.488022427 0.31176475971708
12210.915732247 0.31989860545187
12031.343442067 0.32815846578069
11851.771151886 0.33654498483596
11672.198861706 0.34505880349083
11492.626571526 0.35370055940811
11313.054281346 0.36247088708805
11133.481991166 0.37137041791495
10953.909700986 0.38039978020261
10774.337410806 0.38955959923868
10594.765120626 0.39885049732798
10415.192830446 0.40827309383481
10235.620540266 0.41782800522421
10056.048250086 0.4275158451023
9876.4759599055 0.43733722425573
9696.9036697254 0.44729275069013
9517.3313795453 0.45738302966782
9337.7590893652 0.46760866374457
9158.1867991851 0.47797025280559
8978.614509005 0.48846839410075
8799.0422188249 0.49910368227899
8619.4699286448 0.50987670942202
8439.8976384647 0.52078806507727
8260.3253482846 0.53183833629017
8080.7530581045 0.54302810763574
7901.1807679244 0.55435796124951
7721.6084777443 0.5658284768578
7542.0361875643 0.57744023180742
7362.4638973842 0.5891938010947
7182.8916072041 0.60108975739395
7003.319317024 0.61312867108545
6823.7470268439 0.62531111028268
6644.1747366638 0.63763764085925
6464.6024464837 0.6501088264751
6285.0301563037 0.66272522860232
6105.4578661236 0.67548740655041
5925.8855759435 0.68839591749112
5746.3132857634 0.70145131648272
5566.7409955833 0.7146541564939
5387.1687054032 0.72800498842719
5207.5964152232 0.74150436114195
5028.0241250431 0.75515282147694
4848.451834863 0.76895091427246
4668.8795446829 0.78289918239211
4489.3072545028 0.79699816674415
4309.7349643227 0.81124840630248
4130.1626741426 0.82565043812726
3950.5903839625 0.84020479738509
3771.0180937825 0.854912017369
3591.4458036024 0.86977262951788
3411.8735134223 0.88478716343579
3232.3012232422 0.89995614691076
3052.7289330621 0.91528010593337
2873.156642882 0.930759564715
2693.5843527019 0.94639504570574
2514.0120625218 0.96218706961206
2334.4397723417 0.97813615541412
2154.8674821616 0.99424282038283
1975.2951919816 1.0105075800967
1795.7229018015 1.0269309484581
1616.1506116214 1.0435134377099
1436.5783214413 1.0602555584511
1257.0060312612 1.0771578196528
1077.4337410811 1.0942207286733
897.86145090103 1.1114447912739
718.28916072094 1.1288305116334
538.71687054085 1.146378392363
359.14458036077 1.164088934521
179.57229018068 1.1819626376269
5.8917493106492e-010 1.1999999996755
