29631.566428814 7.8729368649673e-007
29616.7506456 1.1120920855269e-006
29601.934862385 1.5063076801915e-006
29587.119079171 1.9742889384497e-006
29572.303295957 2.5201413726292e-006
29557.487512742 3.1477642781789e-006
29542.671729528 3.8608790404909e-006
29527.855946313 4.6630514964274e-006
29513.040163099 5.557709966074e-006
29498.224379885 6.548160045698e-006
29483.40859667 7.637596922754e-006
29468.592813456 8.8291157581849e-006
29453.777030241 1.0125720535986e-005
29438.961247027 1.153033167943e-005
29424.145463813 1.304579266207e-005
29409.329680598 1.4674875790085e-005
29394.513897384 1.6420287294529e-005
29379.698114169 1.8284671843598e-005
29364.882330955 2.0270616563421e-005
29350.066547741 2.2380654639219e-005
29335.250764526 2.4617268555728e-005
29320.434981312 2.6982893025528e-005
29305.619198097 2.9479917645837e-005
29290.803414883 3.2110689317761e-005
29275.987631669 3.4877514456713e-005
29261.171848454 3.7782661018418e-005
29246.35606524 4.0828360361339e-005
29231.540282025 4.401680896345e-005
29216.724498811 4.7350170008828e-005
29201.908715597 5.0830574857462e-005
29187.092932382 5.4460124409996e-005
29172.277149168 5.8240890377613e-005
29157.461365953 6.2174916466047e-005
29142.645582739 6.6264219481649e-005
29127.829799525 7.0510790366495e-005
29113.01401631 7.4916595168757e-005
29098.198233096 7.9483575953867e-005
29083.382449881 8.4213651661419e-005
29068.566666667 8.9108718912209e-005
29053.750883453 9.417065276941e-005
29038.935100238 9.9401307457425e-005
29024.119317024 0.00010480251704166
29009.303533809 0.00011037609607211
28994.487750595 0.00011612384019343
28979.671967381 0.00012204752672385
28964.856184166 0.00012814891520513
28950.040400952 0.00013442974792556
28935.224617737 0.00014089175041777
28920.408834523 0.00014753663193312
28905.593051309 0.00015436608589405
28890.777268094 0.00016138179032588
28875.96148488 0.00016858540826934
28861.145701665 0.00017597858817501
28846.329918451 0.00018356296428071
28831.514135237 0.00019134015697296
28816.698352022 0.00019931177313327
28801.882568808 0.00020747940647038
28787.066785593 0.00021584463783896
28772.251002379 0.00022440903554573
28757.435219165 0.00023317415564363
28742.61943595 0.00024214154221463
28727.803652736 0.00025131272764186
28712.987869521 0.00026068923287155
28698.172086307 0.00027027256766536
28683.356303093 0.00028006423084359
28668.540519878 0.00029006571051964
28653.724736664 0.00030027848432626
28638.908953449 0.00031070401963394
28624.093170235 0.00032134377376178
28609.277387021 0.0003321991941813
28594.461603806 0.00034327171871339
28579.645820592 0.00035456277571881
28564.830037377 0.00036607378428254
28550.014254163 0.00037780615439211
28535.198470949 0.00038976128711044
28520.382687734 0.00040194057474313
28505.56690452 0.00041434540100071
28490.751121305 0.00042697714115582
28475.935338091 0.00043983716219577
28461.119554877 0.00045292682297049
28446.303771662 0.00046624747433616
28431.487988448 0.00047980045929461
28416.672205233 0.00049358711312882
28401.856422019 0.00050760876353443
28387.040638805 0.0005218667307477
28372.22485559 0.00053636232766977
28357.409072376 0.00055109685998766
28342.593289161 0.00056607162629184
28327.777505947 0.00058128791819072
28312.961722733 0.00059674702042211
28298.145939518 0.00061245021096165
28283.330156304 0.00062839876112852
28268.514373089 0.00064459393568838
28253.698589875 0.00066103699295366
28238.882806661 0.00067772918488139
28224.067023446 0.00069467175716849
28209.251240232 0.00071186594934478
28194.435457017 0.00072931299486369
28179.619673803 0.00074701412119071
28164.803890589 0.0007649705498898
28149.988107374 0.00078318349670769
28135.17232416 0.00080165417165622
28120.356540945 0.00082038377909271
28105.540757731 0.00083937351779854
28090.724974517 0.00085862458105586
28075.909191302 0.00087813815672257
28061.093408088 0.00089791542730569
28046.277624873 0.00091795757003294
28031.461841659 0.00093826575692291
28016.646058445 0.00095884115485353
28001.83027523 0.00097968492562918
27987.014492016 0.0010007982260463
27972.198708801 0.0010221822079575
27957.382925587 0.0010438380183346
27942.567142373 0.0010657667993299
27927.751359158 0.0010879696883367
27912.935575944 0.0011104478180482
27898.119792729 0.001133202316515
27883.304009515 0.0011562343072024
27868.488226301 0.001179544909045
27853.672443086 0.0012031352365019
27838.856659872 0.0012270063996093
27824.040876657 0.0012511595040333
27809.225093443 0.0012755956511207
27794.409310229 0.0013003159379495
27779.593527014 0.0013253214573778
27764.7777438 0.0013506132980927
27749.961960585 0.0013761925446572
27735.146177371 0.0014020602775569
27720.330394157 0.0014282175732456
27705.514610942 0.0014546655041901
27690.698827728 0.0014814051389143
27675.883044513 0.0015084375420422
27661.067261299 0.0015357637743404
27646.251478085 0.0015633848927596
27631.43569487 0.0015913019504758
27616.619911656 0.00161951599693
27601.804128441 0.0016480280778681
27586.988345227 0.0016768392353792
27572.172562013 0.0017059505079342
27557.356778798 0.0017353629304228
27542.540995584 0.0017650775341906
27527.72521237 0.0017950953470751
27512.909429155 0.0018254173934413
27498.093645941 0.0018560446942166
27483.277862726 0.0018869782669252
27468.462079512 0.0019182191257222
27453.646296298 0.0019497682814263
27438.830513083 0.0019816267415528
27424.014729869 0.0020137955103461
27409.198946654 0.0020462755888107
27394.38316344 0.0020790679747428
27379.567380226 0.0021121736627608
27364.751597011 0.0021455936443356
27349.935813797 0.0021793289078202
27335.120030582 0.0022133804384788
27320.304247368 0.0022477492185158
27305.488464154 0.0022824362271041
27290.672680939 0.0023174424404129
27275.856897725 0.0023527688316352
27261.04111451 0.0023884163710148
27246.225331296 0.0024243860258733
27231.409548082 0.0024606787606357
27216.593764867 0.0024972955368569
27201.777981653 0.0025342373132468
27186.962198438 0.0025715050456956
27172.146415224 0.0026090996872983
27157.33063201 0.0026470221883794
27142.514848795 0.0026852734965167
27127.699065581 0.0027238545565649
27112.883282366 0.0027627663106793
27098.067499152 0.0028020096983384
27083.251715938 0.0028415856563667
27068.435932723 0.0028814951189574
27053.620149509 0.002921739017694
27038.804366294 0.0029623182815722
27023.98858308 0.0030032338370214
27009.172799866 0.0030444866079258
26994.357016651 0.0030860775156455
26979.541233437 0.0031280074790365
26964.725450222 0.0031702774144718
26949.909667008 0.0032128882358605
26935.093883794 0.0032558408546685
26920.278100579 0.0032991361799373
26905.462317365 0.0033427751183035
26890.64653415 0.003386758574018
26875.830750936 0.0034310874489642
26861.014967722 0.0034757626426771
26846.199184507 0.003520785052361
26831.383401293 0.0035661555729081
26816.567618078 0.0036118750969156
26801.751834864 0.0036579445147039
26786.93605165 0.0037043647143337
26772.120268435 0.0037511365816229
26757.304485221 0.0037982610001638
26742.488702006 0.0038457388513397
26727.672918792 0.0038935710143414
26712.857135578 0.0039417583661833
26698.041352363 0.0039903017817199
26683.225569149 0.0040392021336612
26668.409785934 0.0040884602925886
26653.59400272 0.0041380771269706
26638.778219506 0.0041880535031779
26623.962436291 0.0042383902854983
26609.146653077 0.0042890883361522
26594.330869862 0.004340148515307
26579.515086648 0.0043915716810915
26564.699303434 0.004443358689611
26549.883520219 0.0044955103949608
26535.067737005 0.0045480276492409
26520.25195379 0.0046009113025694
26505.436170576 0.0046541622030966
26490.620387362 0.0047077811970187
26475.804604147 0.0047617691285908
26460.988820933 0.0048161268401405
26446.173037718 0.0048708551720812
26431.357254504 0.0049259549629246
26416.54147129 0.0049814270492941
26401.725688075 0.0050372722659371
26386.909904861 0.0050934914457377
26372.094121646 0.0051500854197292
26357.278338432 0.0052070550171062
26342.462555218 0.005264401065237
26327.646772003 0.0053221243896754
26312.830988789 0.0053802258141727
26298.015205574 0.0054387061606893
26283.19942236 0.0054975662494066
26268.383639146 0.0055568068987382
26253.567855931 0.0056164289253417
26238.752072717 0.0056764331441294
26223.936289502 0.0057368203682798
26209.120506288 0.0057975914092486
26194.304723074 0.0058587470767795
26179.488939859 0.0059202881789152
26164.673156645 0.0059822155220076
26149.85737343 0.0060445299107291
26135.041590216 0.0061072321480822
26120.225807002 0.0061703230354106
26105.410023787 0.006233803372409
26090.594240573 0.0062976739571335
26075.778457358 0.0063619355860113
26060.962674144 0.0064265890538509
26046.14689093 0.006491635153852
26031.331107715 0.0065570746776149
26016.515324501 0.0066229084151504
26001.699541286 0.0066891371548894
25986.883758072 0.0067557616836919
25972.067974858 0.006822782786857
25957.252191643 0.0068902012481315
25942.436408429 0.0069580178497197
25927.620625214 0.0070262333722918
25912.804842 0.0070948485949936
25897.989058786 0.0071638642954547
25883.173275571 0.0072332812497979
25868.357492357 0.0073031002326476
25853.541709142 0.0073733220171384
25838.725925928 0.0074439473749241
25823.910142714 0.0075149770761856
25809.094359499 0.0075864118896396
25794.278576285 0.007658252582547
25779.46279307 0.0077304999207209
25764.647009856 0.0078031546685349
25749.831226642 0.0078762175889313
25735.015443427 0.0079496894434289
25720.199660213 0.008023570992131
25705.383876998 0.0080978629937333
25690.568093784 0.0081725662055318
25675.75231057 0.0082476813834303
25660.936527355 0.0083232092819481
25646.120744141 0.0083991506542277
25631.304960926 0.0084755062520423
25616.489177712 0.008552276825803
25601.673394498 0.0086294631245666
25586.857611283 0.0087070658960424
25572.041828069 0.0087850858865999
25557.226044854 0.0088635238412758
25542.41026164 0.008942380503781
25527.594478426 0.0090216566165077
25512.778695211 0.0091013529205367
25497.962911997 0.0091814701556437
25483.147128782 0.0092620090603069
25468.331345568 0.0093429703717133
25453.515562354 0.0094243548257655
25438.699779139 0.0095061631570885
25423.883995925 0.0095883960990366
25409.06821271 0.0096710543836992
25394.252429496 0.0097541387419083
25379.436646282 0.0098376499032441
25364.620863067 0.009921588596042
25349.805079853 0.010005955547399
25334.989296638 0.010090751483178
25320.173513424 0.010175977128019
25305.35773021 0.010261633205339
25290.541946995 0.010347720437342
25275.726163781 0.010434239545027
25260.910380566 0.010521191248186
25246.094597352 0.01060857626542
25231.278814138 0.010696395314139
25216.463030923 0.010784649110568
25201.647247709 0.010873338369754
25186.831464494 0.010962463805574
25172.01568128 0.011052026130736
25157.199898066 0.01114202605679
25142.384114851 0.011232464294127
25127.568331637 0.011323341551991
25112.752548422 0.011414658538483
25097.936765208 0.011506415960563
25083.120981994 0.01159861452406
25068.305198779 0.011691254933675
25053.489415565 0.011784337892986
25038.67363235 0.011877864104455
25023.857849136 0.011971834269433
25009.042065922 0.012066249088163
24994.226282707 0.012161109259789
24979.410499493 0.012256415482358
24964.594716279 0.012352168452826
24949.778933064 0.012448368867065
24934.96314985 0.012545017419865
24920.147366635 0.01264211480494
24905.331583421 0.012739661714936
24890.515800207 0.01283765884143
24875.700016992 0.012936106874941
24860.884233778 0.01303500650493
24846.068450563 0.01313435841981
24831.252667349 0.013234163306944
24816.436884135 0.013334421852657
24801.62110092 0.013435134742235
24786.805317706 0.013536302659932
24771.989534491 0.013637926288976
24757.173751277 0.013740006311571
24742.357968063 0.013842543408904
24727.542184848 0.013945538261146
24712.726401634 0.014048991547462
24697.910618419 0.01415290394601
24683.094835205 0.014257276133948
24668.279051991 0.014362108787439
24653.463268776 0.014467402581654
24638.647485562 0.014573158190777
24623.831702347 0.01467937628801
24609.015919133 0.014786057545575
24594.200135919 0.01489320263472
24579.384352704 0.015000812225725
24564.56856949 0.015108886987902
24549.752786275 0.015217427589602
24534.937003061 0.015326434698218
24520.121219847 0.015435908980191
24505.305436632 0.015545851101011
24490.489653418 0.015656261725224
24475.673870203 0.015767141516434
24460.858086989 0.015878491137308
24446.042303775 0.015990311249579
24431.22652056 0.016102602514051
24416.410737346 0.016215365590603
24401.594954131 0.016328601138192
24386.779170917 0.016442309814857
24371.963387703 0.016556492277724
24357.147604488 0.016671149183007
24342.331821274 0.016786281186016
24327.516038059 0.016901888941156
24312.700254845 0.017017973101934
24297.884471631 0.017134534320963
24283.068688416 0.017251573249963
24268.252905202 0.017369090539766
24253.437121987 0.017487086840321
24238.621338773 0.017605562800695
24223.805555559 0.017724519069078
24208.989772344 0.017843956292788
24194.17398913 0.017963875118272
24179.358205915 0.018084276191108
24164.542422701 0.018205160156016
24149.726639487 0.018326527656851
24134.910856272 0.018448379336616
24120.095073058 0.018570715837458
24105.279289843 0.018693537800678
24090.463506629 0.018816845866728
24075.647723415 0.018940640675219
24060.8319402 0.019064922864921
24046.016156986 0.019189693073769
24031.200373771 0.019314951938866
24016.384590557 0.019440700096484
24001.568807343 0.019566938182069
23986.753024128 0.019693666830244
23971.937240914 0.019820886674813
23957.121457699 0.019948598348761
23942.305674485 0.020076802484262
23927.489891271 0.020205499712678
23912.674108056 0.020334690664564
23897.858324842 0.02046437596967
23883.042541627 0.020594556256945
23868.226758413 0.020725232154542
23853.410975199 0.020856404289816
23838.595191984 0.020988073289331
23823.77940877 0.021120239778862
23808.963625555 0.021252904383398
23794.147842341 0.021386067727144
23779.332059127 0.021519730433526
23764.516275912 0.021653893125191
23749.700492698 0.021788556424013
23734.884709483 0.021923720951094
23720.068926269 0.022059387326767
23705.253143055 0.0221955561706
23690.43735984 0.022332228101397
23675.621576626 0.022469403737201
23660.805793411 0.022607083695301
23645.990010197 0.022745268592227
23631.174226983 0.022883959043761
23616.358443768 0.023023155664933
23601.542660554 0.023162859070028
23586.726877339 0.023303069872587
23571.911094125 0.02344378868541
23557.095310911 0.023585016120559
23542.279527696 0.02372675278936
23527.463744482 0.023868999302407
23512.647961267 0.02401175626956
23497.832178053 0.024155024299957
23483.016394839 0.024298804002005
23468.200611624 0.024443095983394
23453.38482841 0.024587900851089
23438.569045195 0.02473321921134
23423.753261981 0.024879051669683
23408.937478767 0.025025398830939
23394.121695552 0.025172261299222
23379.305912338 0.025319639677936
23364.490129123 0.025467534569781
23349.674345909 0.025615946576756
23334.858562695 0.025764876300157
23320.04277948 0.025914324340586
23305.226996266 0.026064291297947
23290.411213051 0.026214777771452
23275.595429837 0.026365784359624
23260.779646623 0.026517311660297
23245.963863408 0.026669360270619
23231.148080194 0.026821930787054
23216.332296979 0.026975023805388
23201.516513765 0.027128639920727
23186.700730551 0.027282779727498
23171.884947336 0.027437443819459
23157.069164122 0.027592632789693
23142.253380907 0.027748347230615
23127.437597693 0.027904587733971
23112.621814479 0.028061354890844
23097.806031264 0.028218649291653
23082.99024805 0.028376471526159
23068.174464835 0.028534822183463
23053.358681621 0.028693701852008
23038.542898407 0.028853111119588
23023.727115192 0.02901305057334
23008.911331978 0.029173520799756
22994.095548763 0.029334522384678
22979.279765549 0.029496055913304
22964.463982335 0.029658121970188
22949.64819912 0.029820721139244
22934.832415906 0.029983854003746
22920.016632691 0.030147521146332
22905.200849477 0.030311723149006
22890.385066263 0.030476460593139
22875.569283048 0.03064173405947
22860.753499834 0.03080754412811
22845.937716619 0.030973891378545
22831.121933405 0.031140776389636
22816.306150191 0.031308199739621
22801.490366976 0.031476162006117
22786.674583762 0.031644663766124
22771.858800547 0.031813705596025
22757.043017333 0.031983288071588
22742.227234119 0.032153411767969
22727.411450904 0.032324077259713
22712.59566769 0.032495285120758
22697.779884475 0.032667035924432
22682.964101261 0.032839330243462
22668.148318047 0.033012168649969
22653.332534832 0.033185551715475
22638.516751618 0.033359480010902
22623.700968403 0.033533954106575
22608.885185189 0.033708974572224
22594.069401975 0.033884541976986
22579.25361876 0.034060656889404
22564.437835546 0.034237319877434
22549.622052331 0.034414531508443
22534.806269117 0.034592292349211
22519.990485903 0.034770602965936
22505.174702688 0.03494946392423
22490.358919474 0.035128875789128
22475.54313626 0.035308839125083
22460.727353045 0.035489354495973
22445.911569831 0.0356704224651
22431.095786616 0.035852043595191
22416.280003402 0.036034218448403
22401.464220188 0.036216947586323
22386.648436973 0.036400231569968
22371.832653759 0.036584070959788
22357.016870544 0.036768466315671
22342.20108733 0.036953418196939
22327.385304116 0.037138927162353
22312.569520901 0.037324993770114
22297.753737687 0.037511618577867
22282.937954472 0.037698802142696
22268.122171258 0.037886545021135
22253.306388044 0.038074847769161
22238.490604829 0.038263710942202
22223.674821615 0.038453135095135
22208.8590384 0.038643120782288
22194.043255186 0.038833668557444
22179.227471972 0.039024778973839
22164.411688757 0.039216452584167
22149.595905543 0.039408689940581
22134.780122328 0.03960149159469
22119.964339114 0.039794858097568
22105.1485559 0.039988789999752
22090.332772685 0.040183287851239
22075.516989471 0.040378352201498
22060.701206256 0.040573983599461
22045.885423042 0.040770182593532
22031.069639828 0.040966949731583
22016.253856613 0.041164285560961
22001.438073399 0.041362190628485
21986.622290184 0.041560665480449
21971.80650697 0.041759710662624
21956.990723756 0.041959326720261
21942.174940541 0.042159514198088
21927.359157327 0.042360273640316
21912.543374112 0.042561605590638
21897.727590898 0.042763510592231
21882.911807684 0.042965989187759
21868.096024469 0.04316904191937
21853.280241255 0.043372669328705
21838.46445804 0.043576871956891
21823.648674826 0.043781650344548
21808.832891612 0.043987005031789
21794.017108397 0.044192936558221
21779.201325183 0.044399445462947
21764.385541968 0.044606532284566
21749.569758754 0.044814197561178
21734.75397554 0.045022441830381
21719.938192325 0.045231265629273
21705.122409111 0.045440669494458
21690.306625896 0.045650653962041
21675.490842682 0.045861219567635
21660.675059468 0.046072366846357
21645.859276253 0.046284096332835
21631.043493039 0.046496408561206
21616.227709824 0.046709304065115
21601.41192661 0.046922783377723
21586.596143396 0.047136847031702
21571.780360181 0.047351495559239
21556.964576967 0.04756672949204
21542.148793752 0.047782549361325
21527.333010538 0.047998955697835
21512.517227324 0.048215949031829
21497.701444109 0.04843352989309
21482.885660895 0.048651698810923
21468.06987768 0.048870456314155
21453.254094466 0.049089802931141
21438.438311252 0.049309739189761
21423.622528037 0.049530265617423
21408.806744823 0.049751382741064
21393.990961608 0.049973091087152
21379.175178394 0.050195391181687
21364.35939518 0.0504182835502
21349.543611965 0.050641768717759
21334.727828751 0.050865847208963
21319.912045536 0.051090519547952
21305.096262322 0.051315786258401
21290.280479108 0.051541647863526
21275.464695893 0.051768104886081
21260.648912679 0.051995157848364
21245.833129464 0.052222807272212
21231.01734625 0.052451053679011
21216.201563036 0.052679897589687
21201.385779821 0.052909339524715
21186.569996607 0.053139380004118
21171.754213392 0.053370019547464
21156.938430178 0.053601258673876
21142.122646964 0.053833097902022
21127.306863749 0.054065537750128
21112.491080535 0.054298578735969
21097.67529732 0.054532221376875
21082.859514106 0.054766466189735
21068.043730892 0.05500131369099
21053.227947677 0.055236764396641
21038.412164463 0.055472818822249
21023.596381248 0.055709477482933
21008.780598034 0.055946740893376
20993.96481482 0.056184609567819
20979.149031605 0.056423084020071
20964.333248391 0.056662164763503
20949.517465176 0.056901852311052
20934.701681962 0.057142147175223
20919.885898748 0.057383049868087
20905.070115533 0.057624560901285
20890.254332319 0.057866680786028
20875.438549104 0.058109410033099
20860.62276589 0.058352749152851
20845.806982676 0.058596698655213
20830.991199461 0.058841259049685
20816.175416247 0.059086430845346
20801.359633032 0.059332214550849
20786.543849818 0.059578610674425
20771.728066604 0.059825619723886
20756.912283389 0.060073242206619
20742.096500175 0.060321478629595
20727.28071696 0.060570329499367
20712.464933746 0.060819795322068
20697.649150532 0.061069876603418
20682.833367317 0.061320573848719
20668.017584103 0.061571887562861
20653.201800888 0.061823818250319
20638.386017674 0.062076366415158
20623.57023446 0.062329532561029
20608.754451245 0.062583317191175
20593.938668031 0.06283772080843
20579.122884816 0.063092743915218
20564.307101602 0.063348387013559
20549.491318388 0.063604650605062
20534.675535173 0.063861535190936
20519.859751959 0.064119041271982
20505.043968744 0.0643771693486
20490.22818553 0.064635919920788
20475.412402316 0.064895293488139
20460.596619101 0.06515529054985
20445.780835887 0.065415911604718
20430.965052672 0.065677157151139
20416.149269458 0.065939027687113
20401.333486244 0.066201523710245
20386.517703029 0.066464645717743
20371.701919815 0.06672839420642
20356.8861366 0.066992769672695
20342.070353386 0.067257772612597
20327.254570172 0.06752340352176
20312.438786957 0.067789662895428
20297.623003743 0.068056551228457
20282.807220528 0.068324069015312
20267.991437314 0.068592216750069
20253.1756541 0.068860994926419
20238.359870885 0.069130404037667
20223.544087671 0.069400444576729
20208.728304456 0.069671117036141
20193.912521242 0.069942421908052
20179.096738028 0.07021435968423
20164.280954813 0.070486930856061
20149.465171599 0.07076013591455
20134.649388384 0.071033975350322
20119.83360517 0.071308449653621
20105.017821956 0.071583559314317
20090.202038741 0.071859304821898
20075.386255527 0.072135686665479
20060.570472312 0.072412705333797
20045.754689098 0.072690361315215
20030.938905884 0.072968655097722
20016.123122669 0.073247587168934
20001.307339455 0.073527158016095
19986.49155624 0.073807368126078
19971.675773026 0.074088217985384
19956.859989812 0.074369708080145
19942.044206597 0.074651838896126
19927.228423383 0.07493461091872
19912.412640169 0.075218024632957
19897.596856954 0.075502080523498
19882.78107374 0.075786779074639
19867.965290525 0.076072120770313
19853.149507311 0.076358106094087
19838.333724097 0.076644735529165
19823.517940882 0.076932009558391
19808.702157668 0.077219928664245
19793.886374453 0.077508493328849
19779.070591239 0.077797704033961
19764.254808025 0.078087561260986
19749.43902481 0.078378065490965
19734.623241596 0.078669217204585
19719.807458381 0.078961016882176
19704.991675167 0.079253465003712
19690.175891953 0.079546562048811
19675.360108738 0.079840308496738
19660.544325524 0.080134704826403
19645.728542309 0.080429751516366
19630.912759095 0.080725449044833
19616.096975881 0.081021797889659
19601.281192666 0.08131879852835
19586.465409452 0.081616451438061
19571.649626237 0.081914757095599
19556.833843023 0.082213715977422
19542.018059809 0.082513328559642
19527.202276594 0.082813595318025
19512.38649338 0.083114516727988
19497.570710165 0.083416093264606
19482.754926951 0.08371832540261
19467.939143737 0.084021213616386
19453.123360522 0.084324758379976
19438.307577308 0.084628960167083
19423.491794093 0.084933819451068
19408.676010879 0.085239336704949
19393.860227665 0.085545512401408
19379.04444445 0.085852347012784
19364.228661236 0.08615984101108
19349.412878021 0.086467994867962
19334.597094807 0.086776809054757
19319.781311593 0.087086284042456
19304.965528378 0.087396420301718
19290.149745164 0.087707218302862
19275.333961949 0.088018678515876
19260.518178735 0.088330801410416
19245.702395521 0.088643587455802
19230.886612306 0.088957037121024
19216.070829092 0.08927115087474
19201.255045877 0.08958592918528
19186.439262663 0.08990137252064
19171.623479449 0.09021748134849
19156.807696234 0.09053425613617
19141.99191302 0.090851697350694
19127.176129805 0.091169805458747
19112.360346591 0.091488580926689
19097.544563377 0.091808024220554
19082.728780162 0.092128135806051
19067.912996948 0.092448916148563
19053.097213733 0.092770365713153
19038.281430519 0.093092484964558
19023.465647305 0.093415274367194
19008.64986409 0.093738734385154
18993.834080876 0.094062865482213
18979.018297661 0.094387668121822
18964.202514447 0.094713142767115
18949.386731233 0.095039289880906
18934.570948018 0.095366109925692
18919.755164804 0.09569360336365
18904.939381589 0.096021770656641
18890.123598375 0.096350612266211
18875.307815161 0.09668012865359
18860.492031946 0.09701032027969
18845.676248732 0.097341187605112
18830.860465517 0.097672731090143
18816.044682303 0.098004951194754
18801.228899089 0.098337848378606
18786.413115874 0.098671423101049
18771.59733266 0.099005675821118
18756.781549445 0.099340606997542
18741.965766231 0.099676217088737
18727.149983017 0.10001250655281
18712.334199802 0.10034947584756
18697.518416588 0.10068712543048
18682.702633373 0.10102545575875
18667.886850159 0.10136446728925
18653.071066945 0.10170416047854
18638.25528373 0.1020445357829
18623.439500516 0.10238559365828
18608.623717301 0.10272733456034
18593.807934087 0.10306975894443
18578.992150873 0.1034128672656
18564.176367658 0.10375665997859
18549.360584444 0.10410113753784
18534.544801229 0.10444630039751
18519.729018015 0.10479214901142
18504.913234801 0.10513868383313
18490.097451586 0.10548590531588
18475.281668372 0.1058338139126
18460.465885157 0.10618241007595
18445.650101943 0.10653169425826
18430.834318729 0.10688166691159
18416.018535514 0.1072323284877
18401.2027523 0.10758367943803
18386.386969085 0.10793572021376
18371.571185871 0.10828845126574
18356.755402657 0.10864187304455
18341.939619442 0.10899598600047
18327.123836228 0.10935079058348
18312.308053013 0.10970628724328
18297.492269799 0.11006247642927
18282.676486585 0.11041935859055
18267.86070337 0.11077693417595
18253.044920156 0.11113520363399
18238.229136941 0.11149416741291
18223.413353727 0.11185382596067
18208.597570513 0.11221417972492
18193.781787298 0.11257522915303
18178.966004084 0.11293697469209
18164.150220869 0.1132994167889
18149.334437655 0.11366255588997
18134.518654441 0.11402639244153
18119.702871226 0.11439092688951
18104.887088012 0.11475615967957
18090.071304797 0.11512209125709
18075.255521583 0.11548872206714
18060.439738369 0.11585605255455
18045.623955154 0.11622408316382
18030.80817194 0.1165928143392
18015.992388725 0.11696224652465
18001.176605511 0.11733238016384
17986.360822297 0.11770321570018
17971.545039082 0.11807475357677
17956.729255868 0.11844699423646
17941.913472653 0.11881993812181
17927.097689439 0.11919358567509
17912.281906225 0.11956793733831
17897.46612301 0.1199429935532
17882.650339796 0.1203187547612
17867.834556581 0.12069522140349
17853.018773367 0.12107239392096
17838.202990153 0.12145027275423
17823.387206938 0.12182885834366
17808.571423724 0.12220815112931
17793.755640509 0.12258815155098
17778.939857295 0.1229688600482
17764.124074081 0.12335027706023
17749.308290866 0.12373240302603
17734.492507652 0.12411523838433
17719.676724437 0.12449878357356
17704.860941223 0.12488303903189
17690.045158009 0.12526800519721
17675.229374794 0.12565368250715
17660.41359158 0.12604007139908
17645.597808365 0.12642717231008
17630.782025151 0.12681498567698
17615.966241937 0.12720351193632
17601.150458722 0.12759275152439
17586.334675508 0.12798270487723
17571.518892293 0.12837337243057
17556.703109079 0.12876475461991
17541.887325865 0.12915685188047
17527.07154265 0.12954966464721
17512.255759436 0.12994319335482
17497.439976221 0.13033743843774
17482.624193007 0.13073240033013
17467.808409793 0.1311280794659
17452.992626578 0.13152447627868
17438.176843364 0.13192159120187
17423.361060149 0.13231942466857
17408.545276935 0.13271797711164
17393.729493721 0.13311724896369
17378.913710506 0.13351724065704
17364.097927292 0.13391795262379
17349.282144078 0.13431938529574
17334.466360863 0.13472153910445
17319.650577649 0.13512441448124
17304.834794434 0.13552801185714
17290.01901122 0.13593233166294
17275.203228006 0.13633737432917
17260.387444791 0.13674314028611
17245.571661577 0.13714962996377
17230.755878362 0.13755684379192
17215.940095148 0.13796478220007
17201.124311934 0.13837344561746
17186.308528719 0.13878283447311
17171.492745505 0.13919294919575
17156.67696229 0.13960379021388
17141.861179076 0.14001535795574
17127.045395862 0.14042765284932
17112.229612647 0.14084067532236
17097.413829433 0.14125442580233
17082.598046218 0.14166890471648
17067.782263004 0.14208411249179
17052.96647979 0.14250004955499
17038.150696575 0.14291671633256
17023.334913361 0.14333411325075
17008.519130146 0.14375224073554
16993.703346932 0.14417109921267
16978.887563718 0.14459068910763
16964.071780503 0.14501101084565
16949.255997289 0.14543206485174
16934.440214074 0.14585385155066
16919.62443086 0.14627637136689
16904.808647646 0.1466996247247
16889.992864431 0.1471236120481
16875.177081217 0.14754833376086
16860.361298002 0.14797379028651
16845.545514788 0.14839998204832
16830.729731574 0.14882690946933
16815.913948359 0.14925457297233
16801.098165145 0.14968297297987
16786.28238193 0.15011210991426
16771.466598716 0.15054198419757
16756.650815502 0.15097259625162
16741.835032287 0.15140394649799
16727.019249073 0.15183603535803
16712.203465858 0.15226886325284
16697.387682644 0.15270243060329
16682.57189943 0.15313673782999
16667.756116215 0.15357178535333
16652.940333001 0.15400757359346
16638.124549786 0.15444410297028
16623.308766572 0.15488137390347
16608.492983358 0.15531938681245
16593.677200143 0.15575814211643
16578.861416929 0.15619764023436
16564.045633714 0.15663788158497
16549.2298505 0.15707886658673
16534.414067286 0.15752059565791
16519.598284071 0.15796306921653
16504.782500857 0.15840628768035
16489.966717642 0.15885025146694
16475.150934428 0.1592949609936
16460.335151214 0.15974041667742
16445.519367999 0.16018661893524
16430.703584785 0.16063356818368
16415.88780157 0.16108126483912
16401.072018356 0.16152970931772
16386.256235142 0.16197890203539
16371.440451927 0.16242884340782
16356.624668713 0.16287953385047
16341.808885498 0.16333097377857
16326.993102284 0.16378316360711
16312.17731907 0.16423610375087
16297.361535855 0.16468979462438
16282.545752641 0.16514423664195
16267.729969426 0.16559943021767
16252.914186212 0.16605537576538
16238.098402998 0.16651207369872
16223.282619783 0.16696952443109
16208.466836569 0.16742772837565
16193.651053354 0.16788668594535
16178.83527014 0.16834639755291
16164.019486926 0.16880686361083
16149.203703711 0.16926808453136
16134.387920497 0.16973006072657
16119.572137282 0.17019279260826
16104.756354068 0.17065628058803
16089.940570854 0.17112052507724
16075.124787639 0.17158552648705
16060.309004425 0.17205128522839
16045.49322121 0.17251780171194
16030.677437996 0.17298507634819
16015.861654782 0.17345310954739
16001.045871567 0.17392190171958
15986.230088353 0.17439145327457
15971.414305138 0.17486176462196
15956.598521924 0.17533283617111
15941.78273871 0.17580466833117
15926.966955495 0.17627726151108
15912.151172281 0.17675061611955
15897.335389066 0.17722473256506
15882.519605852 0.1776996112559
15867.703822638 0.17817525260012
15852.888039423 0.17865165700554
15838.072256209 0.1791288248798
15823.256472994 0.17960675663029
15808.44068978 0.1800854526642
15793.624906566 0.18056491338849
15778.809123351 0.18104513920991
15763.993340137 0.18152613053501
15749.177556922 0.18200788777008
15734.361773708 0.18249041132125
15719.545990494 0.1829737015944
15704.730207279 0.18345775899519
15689.914424065 0.18394258392909
15675.09864085 0.18442817680135
15660.282857636 0.184914538017
15645.467074422 0.18540166798085
15630.651291207 0.1858895670975
15615.835507993 0.18637823577135
15601.019724778 0.18686767440659
15586.203941564 0.18735788340717
15571.38815835 0.18784886317685
15556.572375135 0.18834061411917
15541.756591921 0.18883313663748
15526.940808706 0.18932643113489
15512.125025492 0.18982049801431
15497.309242278 0.19031533767845
15482.493459063 0.1908109505298
15467.677675849 0.19130733697064
15452.861892634 0.19180449740304
15438.04610942 0.19230243222887
15423.230326206 0.19280114184979
15408.414542991 0.19330062666725
15393.598759777 0.19380088708248
15378.782976562 0.19430192349652
15363.967193348 0.19480373631019
15349.151410134 0.19530632592412
15334.335626919 0.19580969273872
15319.519843705 0.19631383715419
15304.70406049 0.19681875957053
15289.888277276 0.19732446038754
15275.072494062 0.19783094000482
15260.256710847 0.19833819882173
15245.440927633 0.19884623723747
15230.625144418 0.19935505565102
15215.809361204 0.19986465446113
15200.99357799 0.20037503406639
15186.177794775 0.20088619486515
15171.362011561 0.20139813725558
15156.546228346 0.20191086163564
15141.730445132 0.20242436840309
15126.914661918 0.20293865795547
15112.098878703 0.20345373069015
15097.283095489 0.20396958700427
15082.467312274 0.20448622729479
15067.65152906 0.20500365195845
15052.835745846 0.2055218613918
15038.019962631 0.20604085599119
15023.204179417 0.20656063615278
15008.388396202 0.2070812022725
14993.572612988 0.20760255474611
14978.756829774 0.20812469396916
14963.941046559 0.208647620337
14949.125263345 0.20917133424478
14934.30948013 0.20969583608747
14919.493696916 0.2102211262598
14904.677913702 0.21074720515636
14889.862130487 0.21127407317149
14875.046347273 0.21180173069937
14860.230564059 0.21233017813395
14845.414780844 0.21285941586903
14830.59899763 0.21338944429816
14815.783214415 0.21392026381473
14800.967431201 0.21445187481193
14786.151647987 0.21498427768275
14771.335864772 0.21551747281997
14756.520081558 0.2160514606162
14741.704298343 0.21658624146385
14726.888515129 0.21712181575513
14712.072731915 0.21765818388205
14697.2569487 0.21819534623645
14682.441165486 0.21873330320994
14667.625382271 0.21927205519397
14652.809599057 0.21981160257978
14637.993815843 0.22035194575844
14623.178032628 0.22089308512079
14608.362249414 0.22143502105751
14593.546466199 0.22197775395907
14578.730682985 0.22252128421577
14563.914899771 0.2230656122177
14549.099116556 0.22361073835476
14534.283333342 0.22415666301667
14519.467550127 0.22470338659295
14504.651766913 0.22525090947293
14489.835983699 0.22579923204577
14475.020200484 0.22634835470042
14460.20441727 0.22689827782565
14445.388634055 0.22744900181002
14430.572850841 0.22800052704194
14415.757067627 0.2285528539096
14400.941284412 0.22910598280103
14386.125501198 0.22965991410403
14371.309717983 0.23021464820626
14356.493934769 0.23077018549517
14341.678151555 0.23132652635801
14326.86236834 0.23188367118187
14312.046585126 0.23244162035364
14297.230801911 0.23300037426002
14282.415018697 0.23355993328754
14267.599235483 0.23412029782253
14252.783452268 0.23468146825114
14237.967669054 0.23524344495934
14223.151885839 0.2358062283329
14208.336102625 0.23636981875742
14193.520319411 0.23693421661831
14178.704536196 0.2374994223008
14163.888752982 0.23806543618993
14149.072969767 0.23863225867056
14134.257186553 0.23919989012738
14119.441403339 0.23976833094487
14104.625620124 0.24033758150735
14089.80983691 0.24090764219894
14074.994053695 0.2414785134036
14060.178270481 0.24205019550509
14045.362487267 0.24262268888699
14030.546704052 0.24319599393271
14015.730920838 0.24377011102547
14000.915137623 0.24434504054832
13986.099354409 0.2449207828841
13971.283571195 0.24549733841551
13956.46778798 0.24607470752503
13941.652004766 0.24665289059501
13926.836221551 0.24723188800757
13912.020438337 0.24781170014467
13897.204655123 0.2483923273881
13882.388871908 0.24897377011947
13867.573088694 0.2495560287202
13852.757305479 0.25013910357154
13837.941522265 0.25072299505455
13823.125739051 0.25130770355013
13808.309955836 0.251893229439
13793.494172622 0.25247957310168
13778.678389407 0.25306673491855
13763.862606193 0.25365471526978
13749.046822979 0.25424351453538
13734.231039764 0.25483313309518
13719.41525655 0.25542357132884
13704.599473335 0.25601482961583
13689.783690121 0.25660690833546
13674.967906907 0.25719980786686
13660.152123692 0.25779352858898
13645.336340478 0.25838807088059
13630.520557263 0.25898343512031
13615.704774049 0.25957962168655
13600.888990835 0.26017663095758
13586.07320762 0.26077446331148
13571.257424406 0.26137311912616
13556.441641191 0.26197259877934
13541.625857977 0.26257290264859
13526.810074763 0.26317403111131
13511.994291548 0.2637759845447
13497.178508334 0.2643787633258
13482.362725119 0.2649823678315
13467.546941905 0.26558679843849
13452.731158691 0.26619205552329
13437.915375476 0.26679813946227
13423.099592262 0.2674050506316
13408.283809047 0.26801278940731
13393.468025833 0.26862135616523
13378.652242619 0.26923075128105
13363.836459404 0.26984097513025
13349.02067619 0.27045202808817
13334.204892975 0.27106391052998
13319.389109761 0.27167662283067
13304.573326547 0.27229016536506
13289.757543332 0.27290453850781
13274.941760118 0.2735197426334
13260.125976903 0.27413577811615
13245.310193689 0.2747526453302
13230.494410475 0.27537034464954
13215.67862726 0.27598887644798
13200.862844046 0.27660824109917
13186.047060831 0.27722843897657
13171.231277617 0.2778494704535
13156.415494403 0.27847133590311
13141.599711188 0.27909403569836
13126.783927974 0.27971757021207
13111.968144759 0.28034193981688
13097.152361545 0.28096714488526
13082.336578331 0.28159318578953
13067.520795116 0.28222006290183
13052.705011902 0.28284777659413
13037.889228687 0.28347632723826
13023.073445473 0.28410571520585
13008.257662259 0.2847359408684
12993.441879044 0.28536700459722
12978.62609583 0.28599890676347
12963.810312615 0.28663164773814
12948.994529401 0.28726522789205
12934.178746187 0.28789964759586
12919.362962972 0.28853490722008
12904.547179758 0.28917100713504
12889.731396543 0.28980794771092
12874.915613329 0.29044572931771
12860.099830115 0.29108435232527
12845.2840469 0.29172381710328
12830.468263686 0.29236412402127
12815.652480471 0.2930052734486
12800.836697257 0.29364726575445
12786.020914043 0.29429010130787
12771.205130828 0.29493378047774
12756.389347614 0.29557830363276
12741.573564399 0.2962236711415
12726.757781185 0.29686988337233
12711.941997971 0.2975169406935
12697.126214756 0.29816484347307
12682.310431542 0.29881359207896
12667.494648327 0.29946318687891
12652.678865113 0.30011362824052
12637.863081899 0.30076491653121
12623.047298684 0.30141705211827
12608.23151547 0.30207003536879
12593.415732255 0.30272386664975
12578.599949041 0.30337854632792
12563.784165827 0.30403407476996
12548.968382612 0.30469045234233
12534.152599398 0.30534767941136
12519.336816183 0.30600575634321
12504.521032969 0.30666468350389
12489.705249755 0.30732446125924
12474.88946654 0.30798508997495
12460.073683326 0.30864657001656
12445.257900111 0.30930890174944
12430.442116897 0.30997208553881
12415.626333683 0.31063612174973
12400.810550468 0.31130101074712
12385.994767254 0.31196675289572
12371.178984039 0.31263334856012
12356.363200825 0.31330079810477
12341.547417611 0.31396910189394
12326.731634396 0.31463826029178
12311.915851182 0.31530827366224
12297.100067968 0.31597914236915
12282.284284753 0.31665086677618
12267.468501539 0.31732344724683
12252.652718324 0.31799688414445
12237.83693511 0.31867117783225
12223.021151896 0.31934632867327
12208.205368681 0.32002233703041
12193.389585467 0.32069920326641
12178.573802252 0.32137692774384
12163.758019038 0.32205551082516
12148.942235824 0.32273495287263
12134.126452609 0.32341525424839
12119.310669395 0.3240964153144
12104.49488618 0.3247784364325
12089.679102966 0.32546131796435
12074.863319752 0.32614506027146
12060.047536537 0.32682966371522
12045.231753323 0.32751512865683
12030.415970108 0.32820145545735
12015.600186894 0.32888864447771
12000.78440368 0.32957669607866
11985.968620465 0.3302656106208
11971.152837251 0.33095538846461
11956.337054036 0.33164602997039
11941.521270822 0.3323375354983
11926.705487608 0.33302990540835
11911.889704393 0.3337231400604
11897.073921179 0.33441723981416
11882.258137964 0.33511220502919
11867.44235475 0.3358080360649
11852.626571536 0.33650473328056
11837.810788321 0.33720229703527
11822.995005107 0.337900727688
11808.179221892 0.33860002559756
11793.363438678 0.33930019112263
11778.547655464 0.34000122462172
11763.731872249 0.3407031264532
11748.916089035 0.34140589697529
11734.10030582 0.34210953654608
11719.284522606 0.34281404552349
11704.468739392 0.34351942426529
11689.652956177 0.34422567312913
11674.837172963 0.34493279247249
11660.021389748 0.34564078265271
11645.205606534 0.34634964402698
11630.38982332 0.34705937695235
11615.574040105 0.34776998178572
11600.758256891 0.34848145888385
11585.942473676 0.34919380860334
11571.126690462 0.34990703130066
11556.310907248 0.35062112733212
11541.495124033 0.3513360970539
11526.679340819 0.35205194082203
11511.863557604 0.35276865899238
11497.04777439 0.3534862519207
11482.231991176 0.35420471996257
11467.416207961 0.35492406347344
11452.600424747 0.35564428280863
11437.784641532 0.35636537832329
11422.968858318 0.35708735037243
11408.153075104 0.35781019931093
11393.337291889 0.35853392549351
11378.521508675 0.35925852927477
11363.70572546 0.35998401100915
11348.889942246 0.36071037105093
11334.074159032 0.36143760975429
11319.258375817 0.36216572747323
11304.442592603 0.36289472456163
11289.626809388 0.36362460137321
11274.811026174 0.36435535826156
11259.99524296 0.36508699558013
11245.179459745 0.36581951368221
11230.363676531 0.36655291292097
11215.547893316 0.36728719364943
11200.732110102 0.36802235622047
11185.916326888 0.36875840098683
11171.100543673 0.36949532830109
11156.284760459 0.37023313851572
11141.468977244 0.37097183198303
11126.65319403 0.3717114090552
11111.837410816 0.37245187008425
11097.021627601 0.37319321542209
11082.205844387 0.37393544542046
11067.390061172 0.37467856043099
11052.574277958 0.37542256080514
11037.758494744 0.37616744689425
11022.942711529 0.37691321904951
11008.126928315 0.37765987762199
10993.3111451 0.3784074229626
10978.495361886 0.37915585542211
10963.679578672 0.37990517535117
10948.863795457 0.38065538310029
10934.048012243 0.38140647901981
10919.232229028 0.38215846345998
10904.416445814 0.38291133677087
10889.6006626 0.38366509930243
10874.784879385 0.38441975140448
10859.969096171 0.38517529342669
10845.153312956 0.3859317257186
10830.337529742 0.3866890486296
10815.521746528 0.38744726250897
10800.705963313 0.38820636770581
10785.890180099 0.38896636456914
10771.074396884 0.38972725344778
10756.25861367 0.39048903469047
10741.442830456 0.39125170864578
10726.627047241 0.39201527566216
10711.811264027 0.39277973608791
10696.995480812 0.39354509027121
10682.179697598 0.39431133856009
10667.363914384 0.39507848130245
10652.548131169 0.39584651884607
10637.732347955 0.39661545153856
10622.91656474 0.39738527972743
10608.100781526 0.39815600376004
10593.284998312 0.39892762398361
10578.469215097 0.39970014074523
10563.653431883 0.40047355439187
10548.837648668 0.40124786527035
10534.021865454 0.40202307372735
10519.20608224 0.40279918010943
10504.390299025 0.40357618476302
10489.574515811 0.4043540880344
10474.758732596 0.40513289026972
10459.942949382 0.40591259181501
10445.127166168 0.40669319301616
10430.311382953 0.40747469421893
10415.495599739 0.40825709576893
10400.679816524 0.40904039801165
10385.86403331 0.40982460129246
10371.048250096 0.41060970595657
10356.232466881 0.41139571234909
10341.416683667 0.41218262081497
10326.600900452 0.41297043169905
10311.785117238 0.41375914534602
10296.969334024 0.41454876210044
10282.153550809 0.41533928230675
10267.337767595 0.41613070630926
10252.52198438 0.41692303445214
10237.706201166 0.41771626707942
10222.890417952 0.41851040453503
10208.074634737 0.41930544716273
10193.258851523 0.42010139530619
10178.443068308 0.42089824930891
10163.627285094 0.42169600951428
10148.81150188 0.42249467626557
10133.995718665 0.42329424990591
10119.179935451 0.42409473077829
10104.364152236 0.42489611922558
10089.548369022 0.42569841559052
10074.732585808 0.42650162021573
10059.916802593 0.42730573344368
10045.101019379 0.42811075561672
10030.285236164 0.42891668707709
10015.46945295 0.42972352816687
10000.653669736 0.43053127922803
9985.8378865213 0.43133994060241
9971.0221033069 0.43214951263172
9956.2063200925 0.43295999565754
9941.3905368781 0.43377139002132
9926.5747536637 0.43458369606438
9911.7589704493 0.43539691412793
9896.9431872349 0.43621104455304
9882.1274040205 0.43702608768064
9867.3116208061 0.43784204385156
9852.4958375917 0.43865891340647
9837.6800543773 0.43947669668595
9822.8642711629 0.44029539403042
9808.0484879485 0.44111500578019
9793.2327047341 0.44193553227544
9778.4169215197 0.44275697385624
9763.6011383053 0.44357933086249
9748.7853550909 0.44440260363402
9733.9695718765 0.44522679251048
9719.1537886621 0.44605189783144
9704.3380054477 0.44687791993632
9689.5222222333 0.44770485916441
9674.7064390189 0.44853271585489
9659.8906558045 0.4493614903468
9645.0748725901 0.45019118297907
9630.2590893757 0.45102179409049
9615.4433061613 0.45185332401975
9600.6275229469 0.45268577310537
9585.8117397325 0.4535191416858
9570.9959565181 0.45435343009932
9556.1801733037 0.45518863868411
9541.3643900893 0.45602476777822
9526.5486068749 0.45686181771958
9511.7328236605 0.45769978884599
9496.9170404461 0.45853868149512
9482.1012572317 0.45937849600453
9467.2854740173 0.46021923271165
9452.4696908029 0.46106089195379
9437.6539075885 0.46190347406813
9422.8381243741 0.46274697939173
9408.0223411597 0.46359140826154
9393.2065579453 0.46443676101436
9378.3907747309 0.46528303798689
9363.5749915165 0.46613023951569
9348.7592083021 0.46697836593722
9333.9434250877 0.4678274175878
9319.1276418733 0.46867739480362
9304.3118586589 0.46952829792079
9289.4960754445 0.47038012727524
9274.6802922301 0.47123288320282
9259.8645090157 0.47208656603924
9245.0487258013 0.4729411761201
9230.2329425869 0.47379671378086
9215.4171593725 0.47465317935689
9200.6013761581 0.4755105731834
9185.7855929437 0.47636889559551
9170.9698097293 0.4772281469282
9156.1540265149 0.47808832751635
9141.3382433005 0.47894943769469
9126.5224600862 0.47981147779786
9111.7066768718 0.48067444816035
9096.8908936574 0.48153834911656
9082.075110443 0.48240318100075
9067.2593272286 0.48326894414707
9052.4435440142 0.48413563888953
9037.6277607998 0.48500326556205
9022.8119775854 0.48587182449842
9007.996194371 0.48674131603229
8993.1804111566 0.48761174049721
8978.3646279422 0.48848309822662
8963.5488447278 0.48935538955382
8948.7330615134 0.490228614812
8933.917278299 0.49110277433424
8919.1014950846 0.49197786845348
8904.2857118702 0.49285389750256
8889.4699286558 0.4937308618142
8874.6541454414 0.49460876172098
8859.838362227 0.4954875975554
8845.0225790126 0.49636736964981
8830.2067957982 0.49724807833645
8815.3910125838 0.49812972394745
8800.5752293694 0.49901230681482
8785.759446155 0.49989582727044
8770.9436629406 0.5007802856461
8756.1278797262 0.50166568227343
8741.3120965118 0.50255201748399
8726.4963132974 0.50343929160919
8711.680530083 0.50432750498034
8696.8647468686 0.50521665792862
8682.0489636542 0.5061067507851
8667.2331804398 0.50699778388074
8652.4173972254 0.50788975754638
8637.601614011 0.50878267211273
8622.7858307966 0.5096765279104
8607.9700475822 0.51057132526988
8593.1542643678 0.51146706452154
8578.3384811534 0.51236374599564
8563.522697939 0.51326137002231
8548.7069147246 0.5141599369316
8533.8911315102 0.51505944705339
8519.0753482958 0.5159599007175
8504.2595650814 0.5168612982536
8489.443781867 0.51776363999125
8474.6279986526 0.5186669262599
8459.8122154382 0.51957115738889
8444.9964322238 0.52047633370744
8430.1806490094 0.52138245554465
8415.364865795 0.52228952322951
8400.5490825806 0.5231975370909
8385.7332993662 0.52410649745758
8370.9175161518 0.5250164046582
8356.1017329374 0.5259272590213
8341.285949723 0.52683906087528
8326.4701665086 0.52775181054847
8311.6543832942 0.52866550836904
8296.8386000798 0.52958015466509
8282.0228168654 0.53049574976457
8267.207033651 0.53141229399534
8252.3912504366 0.53232978768513
8237.5754672222 0.53324823116158
8222.7596840078 0.53416762475219
8207.9439007934 0.53508796878436
8193.128117579 0.53600926358538
8178.3123343646 0.53693150948244
8163.4965511502 0.53785470680257
8148.6807679358 0.53877885587275
8133.8649847214 0.5397039570198
8119.049201507 0.54063001057046
8104.2334182926 0.54155701685132
8089.4176350782 0.5424849761889
8074.6018518638 0.54341388890959
8059.7860686494 0.54434375533965
8044.9702854349 0.54527457580526
8030.1545022205 0.54620635063248
8015.3387190061 0.54713908014724
8000.5229357917 0.54807276467538
7985.7071525773 0.54900740454262
7970.8913693629 0.54994300007457
7956.0755861485 0.55087955159672
7941.2598029341 0.55181705943447
7926.4440197197 0.5527555239131
7911.6282365053 0.55369494535776
7896.8124532909 0.55463532409352
7881.9966700765 0.55557666044532
7867.1808868621 0.55651895473801
7852.3651036476 0.5574622072963
7837.5493204332 0.5584064184448
7822.7335372188 0.55935158850804
7807.9177540044 0.5602977178104
7793.10197079 0.56124480667616
7778.2861875756 0.56219285542952
7763.4704043612 0.56314186439452
7748.6546211468 0.56409183389514
7733.8388379324 0.56504276425522
7719.023054718 0.5659946557985
7704.2072715036 0.56694750884861
7689.3914882892 0.56790132372908
7674.5757050747 0.56885610076331
7659.7599218603 0.56981184027462
7644.9441386459 0.57076854258618
7630.1283554315 0.57172620802111
7615.3125722171 0.57268483690237
7600.4967890027 0.57364442955283
7585.6810057883 0.57460498629526
7570.8652225739 0.57556650745231
7556.0494393595 0.57652899334653
7541.2336561451 0.57749244430036
7526.4178729307 0.57845686063612
7511.6020897163 0.57942224267605
7496.7863065019 0.58038859074226
7481.9705232874 0.58135590515676
7467.154740073 0.58232418624144
7452.3389568586 0.58329343431811
7437.5231736442 0.58426364970845
7422.7073904298 0.58523483273405
7407.8916072154 0.58620698371637
7393.075824001 0.58718010297678
7378.2600407866 0.58815419083654
7363.4442575722 0.58912924761681
7348.6284743578 0.59010527363863
7333.8126911434 0.59108226922295
7318.996907929 0.59206023469059
7304.1811247145 0.5930391703623
7289.3653415001 0.59401907655869
7274.5495582857 0.59499995360027
7259.7337750713 0.59598180180746
7244.9179918569 0.59696462150057
7230.1022086425 0.59794841299979
7215.2864254281 0.59893317662522
7200.4706422137 0.59991891269685
7185.6548589993 0.60090562153455
7170.8390757849 0.60189330345812
7156.0232925705 0.60288195878722
7141.2075093561 0.60387158784143
7126.3917261417 0.60486219094019
7111.5759429272 0.60585376840289
7096.7601597128 0.60684632054876
7081.9443764984 0.60783984769696
7067.128593284 0.60883435016653
7052.3128100696 0.60982982827642
7037.4970268552 0.61082628234547
7022.6812436408 0.61182371269239
7007.8654604264 0.61282211963583
6993.049677212 0.61382150349431
6978.2338939976 0.61482186458624
6963.4181107832 0.61582320322996
6948.6023275688 0.61682551974366
6933.7865443544 0.61782881444546
6918.9707611399 0.61883308765337
6904.1549779255 0.61983833968529
6889.3391947111 0.62084457085902
6874.5234114967 0.62185178149225
6859.7076282823 0.62285997190259
6844.8918450679 0.62386914240752
6830.0760618535 0.62487929332442
6815.2602786391 0.6258904249706
6800.4444954247 0.62690253766322
6785.6287122103 0.62791563171937
6770.8129289959 0.62892970745603
6755.9971457815 0.62994476519007
6741.181362567 0.63096080523827
6726.3655793526 0.63197782791729
6711.5497961382 0.63299583354372
6696.7340129238 0.634014822434
6681.9182297094 0.63503479490452
6667.102446495 0.63605575127153
6652.2866632806 0.63707769185119
6637.4708800662 0.63810061695957
6622.6550968518 0.63912452691263
6607.8393136374 0.64014942202622
6593.023530423 0.64117530261611
6578.2077472086 0.64220216899793
6563.3919639942 0.64323002148726
6548.5761807797 0.64425886039955
6533.7603975653 0.64528868605013
6518.9446143509 0.64631949875428
6504.1288311365 0.64735129882714
6489.3130479221 0.64838408658376
6474.4972647077 0.64941786233909
6459.6814814933 0.65045262640798
6444.8656982789 0.65148837910518
6430.0499150645 0.65252512074535
6415.2341318501 0.65356285164302
6400.4183486357 0.65460157211265
6385.6025654213 0.65564128246859
6370.7867822068 0.65668198302508
6355.9709989924 0.65772367409629
6341.155215778 0.65876635599625
6326.3394325636 0.65981002903893
6311.5236493492 0.66085469353816
6296.7078661348 0.66190034980771
6281.8920829204 0.66294699816122
6267.076299706 0.66399463891226
6252.2605164916 0.66504327237427
6237.4447332772 0.6660928988606
6222.6289500628 0.66714351868453
6207.8131668484 0.66819513215921
6192.997383634 0.66924773959768
6178.1816004195 0.67030134131293
6163.3658172051 0.6713559376178
6148.5500339907 0.67241152882507
6133.7342507763 0.6734681152474
6118.9184675619 0.67452569719735
6104.1026843475 0.6755842749874
6089.2869011331 0.67664384892991
6074.4711179187 0.67770441933717
6059.6553347043 0.67876598652135
6044.8395514899 0.67982855079452
6030.0237682755 0.68089211246866
6015.2079850611 0.68195667185567
6000.3922018467 0.68302222926731
5985.5764186322 0.68408878501529
5970.7606354178 0.68515633941119
5955.9448522034 0.68622489276651
5941.129068989 0.68729444539264
5926.3132857746 0.68836499760088
5911.4975025602 0.68943654970244
5896.6817193458 0.69050910200842
5881.8659361314 0.69158265482982
5867.050152917 0.69265720847757
5852.2343697026 0.69373276326247
5837.4185864882 0.69480931949525
5822.6028032738 0.69588687748653
5807.7870200593 0.69696543754683
5792.9712368449 0.69804499998659
5778.1554536305 0.69912556511614
5763.3396704161 0.70020713324572
5748.5238872017 0.70128970468547
5733.7081039873 0.70237327974544
5718.8923207729 0.70345785873558
5704.0765375585 0.70454344196574
5689.2607543441 0.70563002974568
5674.4449711297 0.70671762238507
5659.6291879153 0.70780622019347
5644.8134047009 0.70889582348037
5629.9976214865 0.70998643255513
5615.181838272 0.71107804772704
5600.3660550576 0.71217066930529
5585.5502718432 0.71326429759897
5570.7344886288 0.71435893291708
5555.9187054144 0.71545457556852
5541.1029222 0.7165512258621
5526.2871389856 0.71764888410654
5511.4713557712 0.71874755061045
5496.6555725568 0.71984722568236
5481.8397893424 0.7209479096307
5467.024006128 0.7220496027638
5452.2082229136 0.72315230538992
5437.3924396991 0.72425601781719
5422.5766564847 0.72536074035367
5407.7608732703 0.72646647330733
5392.9450900559 0.72757321698602
5378.1293068415 0.72868097169752
5363.3135236271 0.72978973774951
5348.4977404127 0.73089951544958
5333.6819571983 0.73201030510521
5318.8661739839 0.73312210702381
5304.0503907695 0.73423492151268
5289.2346075551 0.73534874887903
5274.4188243407 0.73646358942998
5259.6030411263 0.73757944347255
5244.7872579118 0.73869631131369
5229.9714746974 0.73981419326023
5215.155691483 0.74093308961891
5200.3399082686 0.74205300069639
5185.5241250542 0.74317392679924
5170.7083418398 0.74429586823391
5155.8925586254 0.7454188253068
5141.076775411 0.74654279832418
5126.2609921966 0.74766778759224
5111.4452089822 0.74879379341708
5096.6294257678 0.74992081610472
5081.8136425534 0.75104885596106
5066.997859339 0.75217791329194
5052.1820761245 0.75330798840308
5037.3662929101 0.75443908160011
5022.5505096957 0.7555711931886
5007.7347264813 0.756704323474
4992.9189432669 0.75783847276166
4978.1031600525 0.75897364135688
4963.2873768381 0.76010982956481
4948.4715936237 0.76124703769057
4933.6558104093 0.76238526603914
4918.8400271949 0.76352451491544
4904.0242439805 0.76466478462428
4889.2084607661 0.76580607547039
4874.3926775516 0.7669483877584
4859.5768943372 0.76809172179286
4844.7611111228 0.76923607787822
4829.9453279084 0.77038145631885
4815.129544694 0.77152785741902
4800.3137614796 0.7726752814829
4785.4979782652 0.7738237288146
4770.6821950508 0.77497319971811
4755.8664118364 0.77612369449734
4741.050628622 0.77727521345612
4726.2348454076 0.77842775689817
4711.4190621932 0.77958132512714
4696.6032789788 0.78073591844657
4681.7874957643 0.78189153715994
4666.9717125499 0.7830481815706
4652.1559293355 0.78420585198183
4637.3401461211 0.78536454869685
4622.5243629067 0.78652427201873
4607.7085796923 0.7876850222505
4592.8927964779 0.78884679969508
4578.0770132635 0.79000960465531
4563.2612300491 0.79117343743392
4548.4454468347 0.79233829833358
4533.6296636203 0.79350418765684
4518.8138804059 0.7946711057062
4503.9980971915 0.79583905278404
4489.182313977 0.79700802919265
4474.3665307626 0.79817803523425
4459.5507475482 0.79934907121096
4444.7349643338 0.80052113742481
4429.9191811194 0.80169423417776
4415.103397905 0.80286836177165
4400.2876146906 0.80404352050826
4385.4718314762 0.80521971068926
4370.6560482618 0.80639693261625
4355.8402650474 0.80757518659073
4341.024481833 0.80875447291412
4326.2086986186 0.80993479188774
4311.3929154041 0.81111614381284
4296.5771321897 0.81229852899057
4281.7613489753 0.81348194772199
4266.9455657609 0.81466640030808
4252.1297825465 0.81585188704972
4237.3139993321 0.81703840824772
4222.4982161177 0.8182259642028
4207.6824329033 0.81941455521557
4192.8666496889 0.82060418158659
4178.0508664745 0.8217948436163
4163.2350832601 0.82298654160506
4148.4193000457 0.82417927585316
4133.6035168313 0.82537304666078
4118.7877336168 0.82656785432804
4103.9719504024 0.82776369915494
4089.156167188 0.82896058144142
4074.3403839736 0.83015850148733
4059.5246007592 0.83135745959241
4044.7088175448 0.83255745605634
4029.8930343304 0.83375849117871
4015.077251116 0.83496056525901
4000.2614679016 0.83616367859665
3985.4456846872 0.83736783149096
3970.6299014728 0.83857302424118
3955.8141182584 0.83977925714647
3940.9983350439 0.84098653050588
3926.1825518295 0.8421948446184
3911.3667686151 0.84340419978293
3896.5509854007 0.84461459629827
3881.7352021863 0.84582603446314
3866.9194189719 0.8470385145762
3852.1036357575 0.84825203693599
3837.2878525431 0.84946660184097
3822.4720693287 0.85068220958953
3807.6562861143 0.85189886047996
3792.8405028999 0.85311655481048
3778.0247196855 0.85433529287921
3763.2089364711 0.85555507498419
3748.3931532566 0.85677590142338
3733.5773700422 0.85799777249464
3718.7615868278 0.85922068849577
3703.9458036134 0.86044464972447
3689.130020399 0.86166965647834
3674.3142371846 0.86289570905493
3659.4984539702 0.86412280775168
3644.6826707558 0.86535095286595
3629.8668875414 0.86658014469502
3615.051104327 0.86781038353608
3600.2353211126 0.86904166968624
3585.4195378982 0.87027400344253
3570.6037546838 0.87150738510188
3555.7879714693 0.87274181496116
3540.9721882549 0.87397729331714
3526.1564050405 0.87521382046649
3511.3406218261 0.87645139670584
3496.5248386117 0.8776900223317
3481.7090553973 0.8789296976405
3466.8932721829 0.88017042292861
3452.0774889685 0.88141219849228
3437.2617057541 0.88265502462771
3422.4459225397 0.883898901631
3407.6301393253 0.88514382979816
3392.8143561109 0.88638980942514
3377.9985728964 0.88763684080779
3363.182789682 0.88888492424186
3348.3670064676 0.89013406002307
3333.5512232532 0.89138424844699
3318.7354400388 0.89263548980916
3303.9196568244 0.89388778440501
3289.10387361 0.8951411325299
3274.2880903956 0.8963955344791
3259.4723071812 0.8976509905478
3244.6565239668 0.8989075010311
3229.8407407524 0.90016506622402
3215.024957538 0.90142368642152
3200.2091743236 0.90268336191844
3185.3933911091 0.90394409300957
3170.5776078947 0.90520587998959
3155.7618246803 0.90646872315313
3140.9460414659 0.9077326227947
3126.1302582515 0.90899757920876
3111.3144750371 0.91026359268968
3096.4986918227 0.91153066353173
3081.6829086083 0.91279879202912
3066.8671253939 0.91406797847597
3052.0513421795 0.91533822316632
3037.2355589651 0.91660952639412
3022.4197757507 0.91788188845325
3007.6039925362 0.9191553096375
2992.7882093218 0.92042979024059
2977.9724261074 0.92170533055614
2963.156642893 0.92298193087771
2948.3408596786 0.92425959149876
2933.5250764642 0.92553831271267
2918.7092932498 0.92681809481276
2903.8935100354 0.92809893809225
2889.077726821 0.92938084284428
2874.2619436066 0.93066380936192
2859.4461603922 0.93194783793815
2844.6303771778 0.93323292886586
2829.8145939634 0.93451908243788
2814.9988107489 0.93580629894695
2800.1830275345 0.93709457868572
2785.3672443201 0.93838392194679
2770.5514611057 0.93967432902263
2755.7356778913 0.94096580020567
2740.9198946769 0.94225833578825
2726.1041114625 0.94355193606263
2711.2883282481 0.94484660132098
2696.4725450337 0.9461423318554
2681.6567618193 0.9474391279579
2666.8409786049 0.94873698992042
2652.0251953905 0.95003591803482
2637.2094121761 0.95133591259288
2622.3936289616 0.95263697388628
2607.5778457472 0.95393910220666
2592.7620625328 0.95524229784554
2577.9462793184 0.95654656109439
2563.130496104 0.95785189224457
2548.3147128896 0.9591582915874
2533.4989296752 0.9604657594141
2518.6831464608 0.96177429601579
2503.8673632464 0.96308390168354
2489.051580032 0.96439457670834
2474.2357968176 0.96570632138108
2459.4200136032 0.96701913599259
2444.6042303887 0.96833302083362
2429.7884471743 0.96964797619482
2414.9726639599 0.97096400236679
2400.1568807455 0.97228109964003
2385.3410975311 0.97359926830497
2370.5253143167 0.97491850865197
2355.7095311023 0.97623882097129
2340.8937478879 0.97756020555312
2326.0779646735 0.97888266268759
2311.2621814591 0.98020619266472
2296.4463982447 0.98153079577447
2281.6306150303 0.98285647230673
2266.8148318159 0.9841832225513
2251.9990486014 0.98551104679789
2237.183265387 0.98683994533615
2222.3674821726 0.98816991845565
2207.5516989582 0.98950096644588
2192.7359157438 0.99083308959624
2177.9201325294 0.99216628819608
2163.104349315 0.99350056253464
2148.2885661006 0.9948359129011
2133.4727828862 0.99617233958457
2118.6569996718 0.99750984287405
2103.8412164574 0.99884842305851
2089.025433243 1.0001880804268
2074.2096500285 1.0015288152677
2059.3938668141 1.00287062787
2044.5780835997 1.0042135185222
2029.7623003853 1.0055574875129
2014.9465171709 1.0069025351307
2000.1307339565 1.0082486616639
1985.3149507421 1.0095958674008
1970.4991675277 1.0109441526297
1955.6833843133 1.0122935176387
1940.8676010989 1.013643962716
1926.0518178845 1.0149954881496
1911.2360346701 1.0163480942274
1896.4202514557 1.0177017812372
1881.6044682412 1.019056549467
1866.7886850268 1.0204123992043
1851.9729018124 1.0217693307368
1837.157118598 1.0231273443521
1822.3413353836 1.0244864403376
1807.5255521692 1.0258466189808
1792.7097689548 1.027207880569
1777.8939857404 1.0285702253894
1763.078202526 1.0299336537293
1748.2624193116 1.0312981658757
1733.4466360972 1.0326637621156
1718.6308528828 1.034030442736
1703.8150696684 1.0353982080238
1688.9992864539 1.0367670582657
1674.1835032395 1.0381369937485
1659.3677200251 1.0395080147589
1644.5519368107 1.0408801215834
1629.7361535963 1.0422533145085
1614.9203703819 1.0436275938205
1600.1045871675 1.045002959806
1585.2888039531 1.046379412751
1570.4730207387 1.0477569529419
1555.6572375243 1.0491355806648
1540.8414543099 1.0505152962056
1526.0256710955 1.0518960998503
1511.209887881 1.0532779918849
1496.3941046666 1.0546609725952
1481.5783214522 1.0560450422668
1466.7625382378 1.0574302011856
1451.9467550234 1.0588164496369
1437.130971809 1.0602037879065
1422.3151885946 1.0615922162796
1407.4994053802 1.0629817350418
1392.6836221658 1.0643723444782
1377.8678389514 1.0657640448741
1363.052055737 1.0671568365147
1348.2362725226 1.0685507196849
1333.4204893082 1.0699456946699
1318.6047060937 1.0713417617545
1303.7889228793 1.0727389212235
1288.9731396649 1.0741371733618
1274.1573564505 1.075536518454
1259.3415732361 1.0769369567848
1244.5257900217 1.0783384886387
1229.7100068073 1.0797411143002
1214.8942235929 1.0811448340537
1200.0784403785 1.0825496481835
1185.2626571641 1.0839555569738
1170.4468739497 1.085362560709
1155.6310907353 1.0867706596729
1140.8153075209 1.0881798541498
1125.9995243064 1.0895901444235
1111.183741092 1.0910015307779
1096.3679578776 1.0924140134969
1081.5521746632 1.0938275928641
1066.7363914488 1.0952422691633
1051.9206082344 1.096658042678
1037.10482502 1.0980749136918
1022.2890418056 1.0994928824881
1007.4732585912 1.1009119493503
992.65747537677 1.1023321145616
977.84169216237 1.1037533784054
963.02590894796 1.1051757411646
948.21012573355 1.1065992031226
933.39434251915 1.1080237645621
918.57855930474 1.1094494257662
903.76277609033 1.1108761870178
888.94699287593 1.1123040485996
874.13120966152 1.1137330107943
859.31542644711 1.1151630738846
844.49964323271 1.116594238153
829.6838600183 1.1180265038821
814.86807680389 1.1194598713543
800.05229358949 1.1208943408519
785.23651037508 1.1223299126572
770.42072716067 1.1237665870524
755.60494394626 1.1252043643197
740.78916073186 1.1266432447411
725.97337751745 1.1280832285987
711.15759430304 1.1295243161742
696.34181108864 1.1309665077496
681.52602787423 1.1324098036067
666.71024465982 1.1338542040272
651.89446144542 1.1352997092926
637.07867823101 1.1367463196846
622.2628950166 1.1381940354847
607.4471118022 1.1396428569742
592.63132858779 1.1410927844345
577.81554537338 1.142543818147
562.99976215898 1.1439959583926
548.18397894457 1.1454492054528
533.36819573016 1.1469035596084
518.55241251576 1.1483590211404
503.73662930135 1.1498155903299
488.92084608694 1.1512732674575
474.10506287254 1.1527320528042
459.28927965813 1.1541919466506
444.47349644372 1.1556529492773
429.65771322932 1.157115060965
414.84193001491 1.158578281994
400.0261468005 1.1600426126449
385.21036358609 1.1615080531979
370.39458037169 1.1629746039333
355.57879715728 1.1644422651314
340.76301394287 1.1659110370723
325.94723072847 1.1673809200361
311.13144751406 1.1688519143027
296.31566429965 1.1703240201521
281.49988108525 1.1717972378641
266.68409787084 1.1732715677185
251.86831465643 1.174747009995
237.05253144203 1.1762235649733
222.23674822762 1.177701232933
207.42096501321 1.1791800141535
192.60518179881 1.1806599089143
177.7893985844 1.1821409174948
162.97361536999 1.1836230401741
148.15783215558 1.1851062772317
133.34204894118 1.1865906289465
118.52626572677 1.1880760955978
103.71048251236 1.1895626774644
88.894699297956 1.1910503748254
74.078916083549 1.1925391879597
59.263132869142 1.1940291171459
44.447349654735 1.1955201626629
29.631566440328 1.1970123247894
14.81578322592 1.1985056038039
1.1513383579853e-008 1.1999999999849
