28731.566428814 0.00024896412368003
28587.90859667 0.00034823870538052
28444.250764526 0.00046811159949977
28300.592932382 0.00060983977055209
28156.935100238 0.00077461158445847
28013.277268094 0.00096355696342202
27869.61943595 0.0011777552550141
27725.961603806 0.0014182414776145
27582.303771662 0.0016860113761999
27438.645939518 0.0019820255837039
27294.988107374 0.0023072130951021
27151.33027523 0.0026624742034522
27007.672443085 0.0030486830078541
26864.014610941 0.0034666895759691
26720.356778797 0.0039173218242819
26576.698946653 0.0044013871651588
26433.041114509 0.0049196739593069
26289.383282365 0.0054729528043883
26145.725450221 0.0060619776845605
26002.067618077 0.0066874870010981
25858.409785933 0.0073502045006409
25714.751953789 0.0080508401147668
25571.094121645 0.0087900907223182
25427.436289501 0.0095686408440803
25283.778457357 0.010387163277933
25140.120625213 0.011246319681378
24996.462793069 0.012146761107361
24852.804960925 0.013089128498458
24709.147128781 0.014074053143825
24565.489296637 0.015102157102733
24421.831464493 0.016174053597997
24278.173632348 0.017290347382226
24134.515800204 0.018451635079445
23990.85796806 0.019658505504355
23847.200135916 0.020911539961216
23703.542303772 0.02221131252414
23559.884471628 0.023558390300374
23416.226639484 0.024953333677971
23272.56880734 0.026396696559131
23128.910975196 0.027889026580338
22985.253143052 0.029430865320319
22841.595310908 0.031022748496744
22697.937478764 0.032665206152507
22554.27964662 0.034358762832347
22410.621814476 0.036103937750481
22266.963982332 0.037901244949903
22123.306150188 0.03975119345389
21979.648318044 0.041654287410254
21835.9904859 0.043611026228822
21692.332653756 0.04562190471256
21548.674821611 0.047687413182771
21405.016989467 0.049808037598713
21261.359157323 0.051984259671996
21117.701325179 0.054216556976055
20974.043493035 0.05650540305101
20830.385660891 0.058851267504166
20686.727828747 0.061254616106402
20543.069996603 0.063715910884698
20399.412164459 0.066235610210988
20255.754332315 0.068814168887562
20112.096500171 0.071452038229191
19968.438668027 0.074149666142147
19824.780835883 0.076907497200287
19681.123003739 0.079725972718346
19537.465171595 0.082605530822582
19393.807339451 0.085546606518907
19250.149507307 0.088549631758624
19106.491675163 0.091615035501882
18962.833843018 0.09474324377898
18819.176010874 0.097934679749584
18675.51817873 0.10118976375999
18531.860346586 0.10450891339852
18388.202514442 0.10789254354907
18244.544682298 0.11134106644303
18100.886850154 0.11485489170948
17957.22901801 0.11843442642389
17813.571185866 0.12208007515527
17669.913353722 0.12579224001194
17526.255521578 0.12957132068583
17382.597689434 0.13341771449561
17238.93985729 0.1373318164284
17095.282025146 0.14131401918036
16951.624193002 0.14536471319613
16807.966360858 0.14948428670709
16664.308528714 0.15367312576857
16520.65069657 0.15793161429606
16376.992864426 0.16226013410039
16233.335032281 0.16665906492197
16089.677200137 0.17112878446411
15946.019367993 0.17566966842548
15802.361535849 0.18028209053165
15658.703703705 0.18496642256588
15515.045871561 0.18972303439912
15371.388039417 0.19455229401917
15227.730207273 0.19945456755917
15084.072375129 0.20443021932537
14940.414542985 0.20947961182423
14796.756710841 0.21460310578879
14653.098878697 0.21980106020447
14509.441046553 0.22507383233423
14365.783214408 0.2304217777431
14222.125382264 0.23584525032221
14078.46755012 0.24134460231218
13934.809717976 0.24692018432599
13791.151885832 0.25257234537136
13647.494053688 0.2583014328726
13503.836221544 0.26410779269194
13360.1783894 0.26999176915046
13216.520557256 0.27595370504844
13072.862725112 0.28199394168543
12929.204892968 0.28811281887969
12785.547060824 0.29431067498739
12641.88922868 0.30058784692127
12498.231396536 0.30694467016898
12354.573564391 0.31338147881103
12210.915732247 0.31989860553831
12067.257900103 0.32649638166929
11923.600067959 0.33317513716693
11779.942235815 0.33993520065509
11636.284403671 0.34677689943476
11492.626571527 0.35370055949991
11348.968739383 0.36070650555299
11205.310907239 0.3677950610202
11061.653075095 0.37496654806638
10917.995242951 0.38222128760969
10774.337410807 0.38955959933596
10630.679578663 0.39698180171275
10487.021746519 0.40448821200324
10343.363914374 0.41207914627972
10199.70608223 0.41975491943694
10056.048250086 0.42751584520516
9912.3904179423 0.435362236163
9768.7325857982 0.44329440374997
9625.0747536541 0.45131265827892
9481.4169215101 0.4594173089481
9337.759089366 0.46760866385312
9194.1012572219 0.47588702999868
9050.4434250778 0.48425271331005
8906.7855929338 0.49270601864436
8763.1277607897 0.50124724980178
8619.4699286456 0.50987670953635
8475.8120965015 0.51859469956679
8332.1542643575 0.52740152058699
8188.4964322134 0.53629747227643
8044.8386000693 0.54528285331033
7901.1807679253 0.55435796136973
7757.5229357812 0.56352309315132
7613.8651036371 0.57277854437714
7470.207271493 0.58212460980414
7326.549439349 0.59156158323356
7182.8916072049 0.60108975752016
7039.2337750608 0.61070942458131
6895.5759429168 0.62042087540595
6751.9181107727 0.63022440006337
6608.2602786286 0.64012028771189
6464.6024464845 0.65010882660738
6320.9446143405 0.66019030411168
6177.2867821964 0.67036500670082
6033.6289500523 0.68063321997322
5889.9711179082 0.69099522865765
5746.3132857642 0.70145131662118
5602.6554536201 0.71200176687691
5458.997621476 0.72264686159167
5315.339789332 0.73338688209353
5171.6819571879 0.74422210887927
5028.0241250438 0.75515282162166
4884.3662928997 0.76617929917676
4740.7084607557 0.77730181959093
4597.0506286116 0.78852066010792
4453.3927964675 0.79983609717576
4309.7349643235 0.81124840645357
4166.0771321794 0.82275786281825
4022.4193000353 0.83436474037115
3878.7614678912 0.84606931244457
3735.1036357472 0.85787185160818
3591.4458036031 0.86977262967542
3447.787971459 0.8817719177097
3304.130139315 0.89386998603062
3160.4723071709 0.90606710422003
3016.8144750268 0.91836354112808
2873.1566428827 0.93075956487907
2729.4988107387 0.94325544287737
2585.8409785946 0.95585144181317
2442.1831464505 0.96854782766815
2298.5253143064 0.98134486572112
2154.8674821624 0.99424282055353
2011.2096500183 1.007241956055
1867.5518178742 1.0203425354286
1723.8939857302 1.0335448211965
1580.2361535861 1.0468490752046
1436.578321442 1.0602555586285
1292.920489298 1.0737645319781
1149.2626571539 1.0873762551027
1005.6048250098 1.1010909871962
861.94699286575 1.1149089868019
718.28916072168 1.1288305118176
574.6313285776 1.1428558195
430.97349643353 1.1569851664698
287.31566428946 1.1712188087162
143.65783214539 1.1855570016017
1.321684095501e-009 1.1999999998666
