28731.566428814 0.00024896412368003
28372.421848454 0.00053616799797211
28013.277268094 0.00096355690828507
27654.132687734 0.0015486550673387
27294.988107373 0.0023072129869119
26935.843527013 0.003253659191458
26576.698946653 0.0044013869992381
26217.554366293 0.0057629502892663
25858.409785933 0.007350204271448
25499.265205572 0.0091744107634695
25140.120625212 0.011246319383432
24780.976044852 0.013576231739774
24421.831464492 0.016174053226061
24062.686884132 0.019049335535959
23703.542303771 0.022211312073249
23344.397723411 0.025668927816815
22985.253143051 0.029430864785758
22626.108562691 0.033505563962409
22266.963982331 0.037901244327186
21907.819401971 0.042625919511686
21548.67482161 0.047687412467615
21189.53024125 0.053093368467663
20830.38566089 0.058851266692467
20471.24108053 0.064968430610056
20112.09650017 0.071452037317007
19752.951919809 0.078309125981156
19393.807339449 0.08554660550244
19034.662759089 0.093171261489629
18675.518178729 0.10118976263558
18316.373598369 0.10960866656116
17957.229018008 0.11843442518797
17598.084437648 0.12767338969122
17238.939857288 0.13733181507753
16879.795276928 0.14741586442609
16520.650696568 0.15793161282691
16161.506116208 0.16888505104568
15802.361535847 0.18028208894096
15443.216955487 0.19212855865669
15084.072375127 0.20443021760998
14724.927794767 0.21719275129232
14365.783214407 0.23042177589991
14006.638634047 0.24412284080754
13647.494053686 0.2583014308986
13288.349473326 0.27296296876284
12929.204892966 0.28811281677193
12570.060312606 0.30375627904236
12210.915732246 0.31989860329389
11851.771151885 0.33654498261126
11492.626571525 0.35370055711602
11133.481991165 0.37137041555481
10774.337410805 0.38955959680982
10415.192830445 0.40827309133658
10056.048250085 0.42751584253406
9696.9036697245 0.44729274805123
9337.7590893643 0.46760866103438
8978.6145090041 0.48846839131863
8619.4699286439 0.50987670656735
8260.3253482838 0.53183833336234
7901.1807679236 0.55435795824789
7542.0361875634 0.57744022873142
7182.8916072032 0.60108975424295
6823.7470268431 0.62531110705609
6464.6024464829 0.65010882317232
6105.4578661227 0.67548740317085
5746.3132857625 0.7014513130258
5387.1687054023 0.72800498489232
5028.0241250422 0.75515281786355
4668.879544682 0.78289917869962
4309.7349643218 0.81124840253033
3950.5903839616 0.84020479353272
3591.4458036014 0.86977262558472
3232.3012232413 0.89995614289625
2873.1566428811 0.93075956061859
2514.0120625209 0.9621870654332
2154.8674821607 0.99424281612098
1795.7229018006 1.0269309441127
1436.5783214404 1.0602555540217
1077.4337410802 1.0942207241593
718.28916072003 1.1288305070342
359.14458035985 1.1640889298361
-3.2777336400613e-010 1.1999999949044
