28731.566428814 0.00024896412368003
28013.277268094 0.0009635560962877
27294.988107373 0.0023072113896774
26576.698946653 0.0044013845475261
25858.409785933 0.0073502008834528
25140.120625212 0.011246314978209
24421.831464492 0.016174047726259
23703.542303772 0.02221130540547
22985.253143051 0.029430856880328
22266.963982331 0.037901235117782
21548.674821611 0.047687401890902
20830.38566089 0.058851254687771
20112.09650017 0.071452023826031
19393.80733945 0.085546590469019
18675.518178729 0.10118974600547
17957.229018009 0.11843440690869
17238.939857289 0.13733179509818
16520.650696568 0.15793159109804
15802.361535848 0.18028206541448
15084.072375128 0.20443019223904
14365.783214407 0.2304217486388
13647.494053687 0.25830140170269
12929.204892967 0.28811278559759
12210.915732246 0.31989857009843
11492.626571526 0.35370052185762
10774.337410805 0.38955955944749
10056.048250085 0.4275158030276
9337.7590893647 0.46760861934431
8619.4699286444 0.50987666265491
7901.180767924 0.55435791207497
7182.8916072037 0.60108970577207
6464.6024464833 0.65010877236659
5746.313285763 0.70145125984892
5028.0241250426 0.75515276227977
4309.7349643223 0.81124834450442
3591.4458036019 0.86977256508193
2873.1566428815 0.93075949760466
2154.8674821612 0.99424275056213
1436.5783214408 1.0602554858845
718.28916072048 1.1288304362859
1.3025669431954e-010 1.1999999215124
