28731.566428814 0.00024896412368003
28659.737512742 0.00029610820536251
28587.90859667 0.00034823870569195
28516.079680598 0.00040552005725767
28444.250764526 0.00046811160009633
28372.421848454 0.00053616802769325
28300.592932382 0.00060983977141956
28228.76401631 0.00068927333468903
28156.935100238 0.00077461158558975
28085.106184166 0.00086599401487747
28013.277268094 0.00096355696481441
27941.448352022 0.0010674338332691
27869.61943595 0.0011777552566677
27797.790519878 0.0012946492747448
27725.961603806 0.0014182414795313
27654.132687733 0.0015486551506153
27582.303771661 0.001686011378383
27510.474855589 0.0018304291766853
27438.645939517 0.0019820255861574
27366.817023445 0.0021409157692437
27294.988107373 0.0023072130978306
27223.159191301 0.0024810292342683
27151.330275229 0.0026624742064606
27079.501359157 0.0028516564776113
27007.672443085 0.0030486830111477
26935.843527013 0.0032536593312736
26864.014610941 0.0034666895795534
26792.185694869 0.0036878765678832
26720.356778797 0.0039173218281624
26648.527862725 0.004155125658948
26576.698946653 0.0044013871693411
26504.870030581 0.0046562043203307
26433.041114509 0.0049196739637966
26361.212198437 0.0051918918793521
26289.383282365 0.0054729528091911
26217.554366293 0.0057629504910877
26145.725450221 0.0060619776896821
26073.896534148 0.0063701262261754
26002.067618076 0.0066874870065441
25930.238702004 0.0070141500483755
25858.409785932 0.0073502045064168
25786.58086986 0.0076957386969226
25714.751953788 0.0080508401208782
25642.923037716 0.0084155954861703
25571.094121644 0.0087900907287706
25499.265205572 0.0091744110329928
25427.4362895 0.0095686408508791
25355.607373428 0.0099728639207667
25283.778457356 0.010387163285083
25211.949541284 0.010811621307414
25140.120625212 0.011246319688886
25068.29170914 0.011691339483895
24996.462793068 0.012146761115232
24924.633876996 0.012612664388617
24852.804960924 0.013089128506696
24780.976044852 0.013576232082501
24709.14712878 0.014074053152436
24637.318212708 0.014582669188773
24565.489296636 0.015102157111722
24493.660380563 0.01563259330106
24421.831464491 0.016174053607369
24350.002548419 0.016726613362886
24278.173632347 0.017290347391985
24206.344716275 0.017865330021315
24134.515800203 0.018451635089598
24062.686884131 0.019049335957119
23990.857968059 0.019658505514905
23919.029051987 0.020279216193619
23847.200135915 0.020911539972169
23775.371219843 0.021555548386063
23703.542303771 0.022211312535501
23631.713387699 0.022878903093227
23559.884471627 0.023558390312147
23488.055555555 0.024249844032725
23416.226639483 0.024953333690161
23344.397723411 0.025668928321367
23272.568807339 0.026396696571742
23200.739891267 0.027136706701761
23128.910975195 0.027889026593376
23057.082059123 0.028653723756244
22985.253143051 0.029430865333788
22913.424226978 0.030220518109093
22841.595310906 0.031022748510648
22769.766394834 0.031837622617929
22697.937478762 0.032665206166851
22626.10856269 0.033505564555066
22554.279646618 0.034358762847134
22482.450730546 0.035224865779563
22410.621814474 0.036103937765717
22338.792898402 0.036996042900614
22266.96398233 0.037901244965593
22195.135066258 0.038819607432879
22123.306150186 0.039751193470036
22051.477234114 0.040696065944307
21979.648318042 0.041654287426862
21907.81940197 0.042625920196939
21835.990485898 0.043611026245895
21764.161569826 0.04460966728116
21692.332653754 0.045621904730104
21620.503737682 0.046647799743813
21548.67482161 0.047687413200789
21476.845905538 0.048740805710559
21405.016989466 0.04980803761721
21333.188073393 0.050889169002847
21261.359157321 0.051984259690975
21189.530241249 0.05309336924981
21117.701325177 0.05421655699552
21045.872409105 0.055353881995398
20974.043493033 0.056505403070966
20902.214576961 0.057671178801022
20830.385660889 0.058851267524616
20758.556744817 0.060045727343973
20686.727828745 0.061254616127351
20614.898912673 0.062477991511848
20543.069996601 0.063715910906149
20471.241080529 0.064968431493218
20399.412164457 0.066235610232945
20327.583248385 0.06751750386473
20255.754332313 0.06881416891003
20183.925416241 0.070125661674846
20112.096500169 0.071452038252173
20040.267584097 0.072793354524396
19968.438668025 0.074149666165647
19896.609751953 0.075521028644113
19824.780835881 0.076907497224308
19752.951919808 0.078309126969299
19681.123003736 0.079725972742892
19609.294087664 0.081158089211782
19537.465171592 0.082605530847658
19465.63625552 0.084068351929281
19393.807339448 0.085546606544516
19321.978423376 0.087040348592333
19250.149507304 0.088549631784769
19178.320591232 0.090074509648867
19106.49167516 0.091615035528568
19034.662759088 0.093171262586579
18962.833843016 0.09474324380621
18891.004926944 0.096331031993173
18819.176010872 0.097934679777361
18747.3470948 0.099554239614593
18675.518178728 0.10118976378832
18603.689262656 0.10284130441134
18531.860346584 0.1045089134274
18460.031430512 0.10619264261292
18388.20251444 0.10789254357851
18316.373598368 0.10960866777061
18244.544682296 0.11134106647303
18172.715766224 0.11308979080847
18100.886850151 0.11485489174005
18029.057934079 0.11663642007277
17957.229018007 0.11843442645502
17885.400101935 0.12024896137996
17813.571185863 0.12208007518698
17741.742269791 0.12392781806307
17669.913353719 0.12579224004422
17598.084437647 0.12767339101676
17526.255521575 0.1295713207187
17454.426605503 0.13148607874103
17382.597689431 0.13341771452906
17310.768773359 0.13536627738363
17238.939857287 0.13733181646243
17167.110941215 0.1393143807812
17095.282025143 0.14131401921498
17023.453109071 0.1433307804993
16951.624192999 0.14536471323135
16879.795276927 0.1474158658712
16807.966360855 0.1494842867429
16736.137444783 0.15157002403567
16664.308528711 0.15367312580498
16592.479612639 0.15579363997368
16520.650696566 0.15793161433307
16448.821780494 0.16008709654403
16376.992864422 0.16226013413801
16305.16394835 0.16445077451813
16233.335032278 0.1666590649602
16161.506116206 0.16888505261373
16089.677200134 0.17112878450295
16017.848284062 0.17339030752781
15946.01936799 0.17566966846493
15874.190451918 0.17796691396861
15802.361535846 0.18028209057172
15730.532619774 0.18261524468673
15658.703703702 0.18496642260658
15586.87478763 0.1873356705056
15515.045871558 0.18972303444045
15443.216955486 0.19212856035097
15371.388039414 0.19455229406112
15299.559123342 0.1969942812798
15227.73020727 0.19945456760175
15155.901291198 0.20193319850837
15084.072375126 0.20443021936859
15012.243459054 0.20694567543968
14940.414542982 0.20947961186809
14868.58562691 0.21203207369023
14796.756710838 0.21460310583329
14724.927794766 0.21719275311605
14653.098878694 0.21980106024961
14581.269962622 0.22242807183823
14509.44104655 0.22507383238001
14437.612130478 0.22773838626773
14365.783214406 0.23042177778954
14293.954298334 0.23312405112969
14222.125382262 0.2358452503693
14150.29646619 0.23858541948706
14078.467550118 0.24134460235992
14006.638634045 0.24412284276383
13934.809717973 0.24692018437439
13862.980801901 0.24973667076759
13791.151885829 0.25257234542043
13719.322969757 0.25542725171164
13647.494053685 0.25830143292233
13575.665137613 0.26119493223663
13503.836221541 0.26410779274234
13432.007305469 0.26704005743161
13360.178389397 0.26999176920153
13288.349473325 0.27296297085476
13216.520557253 0.27595370510019
13144.691641181 0.27896401455351
13072.862725109 0.28199394173785
13001.033809037 0.28504352908436
12929.204892965 0.28811281893279
12857.375976893 0.29120185353214
12785.547060821 0.29431067504117
12713.718144749 0.29743932552901
12641.889228677 0.30058784697574
12570.060312605 0.30375628127291
12498.231396533 0.30694467022414
12426.402480461 0.31015305554567
12354.573564389 0.31338147886688
12282.744648317 0.31662998173084
12210.915732245 0.31989860559485
12139.086816173 0.32318739183097
12067.257900101 0.32649638172654
11995.428984029 0.32982561648469
11923.600067957 0.33317513722487
11851.771151885 0.33654498498336
11779.942235813 0.33993520071373
11708.113319741 0.34334582528741
11636.284403669 0.34677689949411
11564.455487597 0.35022846404236
11492.626571525 0.35370055955997
11420.797655453 0.3571932265945
11348.96873938 0.36070650561376
11277.139823308 0.36424043700626
11205.310907236 0.36779506108168
11133.481991164 0.37137041807132
11061.653075092 0.37496654812858
10989.82415902 0.37858349132937
10917.995242948 0.38222128767261
10846.166326876 0.38587997708062
10774.337410804 0.3895595993996
10702.508494732 0.39326019440003
10630.67957866 0.39698180177712
10558.850662588 0.40072446115125
10487.021746516 0.40448821206834
10415.192830444 0.40827309400033
10343.363914372 0.41207914634555
10271.5349983 0.41590640842915
10199.706082228 0.4197549195035
10127.877166156 0.4236247187486
10056.048250084 0.42751584527246
9984.219334012 0.43142833811152
9912.39041794 0.43536223623103
9840.5615018679 0.43931757852543
9768.7325857959 0.44329440381875
9696.9036697239 0.44729275086497
9625.0747536519 0.45131265834844
9553.2458375798 0.45535416488419
9481.4169215078 0.45941730901836
9409.5880054358 0.46350212922854
9337.7590893637 0.46760866392413
9265.9301732917 0.47173695144673
9194.1012572197 0.47588703007045
9122.2723411477 0.48005893800231
9050.4434250756 0.48425271338257
8978.6145090036 0.48846839428508
8906.7855929316 0.49270601871764
8834.9566768596 0.49696562462232
8763.1277607875 0.50124724987582
8691.2988447155 0.50555093228978
8619.4699286435 0.50987670961115
8547.6410125714 0.51422461952251
8475.8120964994 0.51859469964236
8403.9831804274 0.5229869875255
8332.1542643554 0.52740152066332
8260.3253482833 0.53183833648415
8188.4964322113 0.53629747235353
8116.6675161393 0.54077896557456
8044.8386000672 0.5452828533882
7973.0096839952 0.5498091729736
7901.1807679232 0.55435796144838
7829.3518518511 0.55892925586893
7757.5229357791 0.56352309323075
7685.6940197071 0.5681395104687
7613.865103635 0.57277854445735
7542.036187563 0.57744023201122
7470.207271491 0.58212460988513
7398.3783554189 0.58683171477443
7326.5494393469 0.59156158331534
7254.7205232748 0.59631425208518
7182.8916072028 0.60108975760272
7111.0626911308 0.60588813632841
7039.2337750587 0.61070942466467
6967.4048589867 0.61555365895616
6895.5759429147 0.6204208754901
6823.7470268426 0.62531111049646
6751.9181107706 0.63022440014831
6680.0891946986 0.63516078056204
6608.2602786265 0.64012028779763
6536.4313625545 0.64510295785893
6464.6024464824 0.65010882669392
6392.7735304104 0.65513793019495
6320.9446143384 0.66019030419902
6249.1156982663 0.66526598448801
6177.2867821943 0.67036500678897
6105.4578661223 0.67548740677433
6033.6289500502 0.68063322006217
5961.8000339782 0.68580248221649
5889.9711179062 0.69099522874742
5818.1422018341 0.69621149511146
5746.3132857621 0.70145131671176
5674.4843696901 0.70671472889834
5602.655453618 0.71200176696831
5530.826537546 0.71731246616614
5458.9976214739 0.72264686168388
5387.1687054019 0.72800498866139
5315.3397893299 0.73338688218657
5243.5108732578 0.73879257729558
5171.6819571858 0.74422210897312
5099.8530411138 0.74967551215259
5028.0241250417 0.75515282171634
4956.1952089697 0.76065407249592
4884.3662928977 0.76617929927226
4812.5373768256 0.77172853677591
4740.7084607536 0.77730181968726
4668.8795446815 0.78289918263675
4597.0506286095 0.78852066020509
4525.2217125375 0.79416628692347
4453.3927964654 0.79983609727377
4381.5638803934 0.80553012568878
4309.7349643214 0.81124840655241
4237.9060482493 0.81699097419987
4166.0771321773 0.82275786291793
4094.2482161053 0.82854910694506
4022.4193000332 0.83436474047167
3950.5903839612 0.84020479764033
3878.7614678892 0.84606931254593
3806.9325518171 0.8519583192359
3735.1036357451 0.85787185171039
3663.274719673 0.86380994392251
3591.445803601 0.86977262977848
3519.616887529 0.87575994313782
3447.7879714569 0.88177191781361
3375.9590553849 0.88780858757258
3304.1301393129 0.89386998613538
3232.3012232408 0.89995614717674
3160.4723071688 0.90606710432565
3088.6433910968 0.91220289116556
3016.8144750247 0.91836354123455
2944.9855589527 0.92454908802553
2873.1566428806 0.9307595649864
2801.3277268086 0.93699500552027
2729.4988107366 0.94325544298557
2657.6698946645 0.94954091069632
2585.8409785925 0.95585144192224
2514.0120625205 0.96218706988893
2442.1831464484 0.96854782777809
2370.3542303764 0.97493374872763
2298.5253143044 0.98134486583192
2226.6963982323 0.98778121214188
2154.8674821603 0.9942428206652
2083.0385660883 1.0007297243665
2011.2096500162 1.0072419561675
1939.3807339442 1.0137795489473
1867.5518178721 1.0203425355421
1795.7229018001 1.026930948746
1723.8939857281 1.0335448213108
1652.065069656 1.0401841859461
1580.236153584 1.0468490753198
1508.407237512 1.0535395220578
1436.5783214399 1.0602555587446
1364.7494053679 1.0669972179231
1292.9204892959 1.073764532095
1221.0915732238 1.080557533721
1149.2626571518 1.0873762552205
1077.4337410797 1.0942207289724
1005.6048250077 1.1010909873149
933.77590893568 1.1079870625455
861.94699286364 1.1149089869215
790.11807679161 1.1218567926601
718.28916071957 1.1288305119381
646.46024464754 1.1358301768928
574.6313285755 1.1428558196214
502.80241250347 1.1499074721818
430.97349643143 1.1569851665921
359.1445803594 1.1640889348314
287.31566428736 1.1712188088394
215.48674821533 1.1783748205169
143.65783214329 1.1855570017258
71.828916071256 1.1927653842892
-7.797975598578e-010 1.1999999999916
