29631.566428814 7.8729368649673e-007
29601.934862385 1.5063076457402e-006
29572.303295957 2.5201413072191e-006
29542.671729528 3.8608789447409e-006
29513.040163099 5.5577098394819e-006
29483.40859667 7.6375967643301e-006
29453.777030241 1.012572034452e-005
29424.145463813 1.3045792436253e-005
29394.513897384 1.6420287033016e-005
29364.882330955 2.027061626486e-005
29335.250764526 2.4617268218781e-005
29305.619198097 2.9479917269184e-005
29275.987631669 3.487751403906e-005
29246.35606524 4.0828359901418e-005
29216.724498811 4.7350169505399e-005
29187.092932382 5.4460123861846e-005
29157.461365953 6.2174915871989e-005
29127.829799525 7.0510789725368e-005
29098.198233096 7.9483575264533e-005
29068.566666667 8.9108718173555e-005
29038.935100238 9.940130666836e-005
29009.303533809 0.00011037609523156
28979.671967381 0.00012204752583078
28950.040400952 0.00013442974697892
28920.408834523 0.00014753663093191
28890.777268094 0.0001613817892691
28861.145701665 0.00017597858706169
28831.514135237 0.00019134015580213
28801.882568808 0.0002074794052411
28772.251002379 0.00022440903425706
28742.61943595 0.00024214154086566
28712.987869521 0.00026068923146137
28683.356303093 0.00028006422937132
28653.724736664 0.00030027848279101
28624.093170235 0.00032134377216268
28594.461603806 0.00034327171704959
28564.830037377 0.00036607378255319
28535.198470949 0.00038976128531471
28505.56690452 0.00041434539913777
28475.935338091 0.00043983716026481
28446.303771662 0.00046624747233638
28416.672205233 0.00049358711105942
28387.040638805 0.00052186672860789
28357.409072376 0.00055109685777666
28327.777505947 0.00058128791590778
28298.145939518 0.00061245020860599
28268.514373089 0.00064459393325924
28238.882806661 0.00067772918237803
28209.251240232 0.00071186594676648
28179.619673803 0.00074701411853671
28149.988107374 0.00078318349397728
28120.356540945 0.00082038377628517
28090.724974517 0.00085862457817047
28061.093408088 0.00089791542434176
28031.461841659 0.00093826575387973
28001.83027523 0.00097968492250607
27972.198708801 0.0010221822047537
27942.567142373 0.0010657667960448
27912.935575944 0.0011104478146811
27883.304009515 0.0011562343037527
27853.672443086 0.0012031352329689
27824.040876657 0.0012511595004163
27794.409310229 0.0013003159342478
27764.7777438 0.0013506132943058
27735.146177371 0.0014020602736841
27705.514610942 0.0014546655002307
27675.883044513 0.0015084375379956
27646.251478085 0.0015633848886252
27616.619911656 0.0016195159927072
27586.988345227 0.0016768392310673
27557.356778798 0.0017353629260212
27527.72521237 0.0017950953425832
27498.093645941 0.0018560446896337
27468.462079512 0.0019182191210478
27438.830513083 0.0019816267367864
27409.198946654 0.0020462755839515
27379.567380226 0.0021121736578083
27349.935813797 0.0021793289027738
27320.304247368 0.0022477492133749
27290.672680939 0.0023174424351769
27261.04111451 0.0023884163656832
27231.409548082 0.0024606787552078
27201.777981653 0.0025342373077222
27172.146415224 0.0026090996816763
27142.514848795 0.0026852734907968
27112.883282366 0.0027627663048609
27083.251715938 0.0028415856504493
27053.620149509 0.0029217390116769
27023.98858308 0.0030032338309041
26994.357016651 0.0030860775094275
26964.725450222 0.0031702774081526
26935.093883794 0.0032558408482475
26905.462317365 0.0033427751117802
26875.830750936 0.003431087442338
26846.199184507 0.0035207850456314
26816.567618078 0.0036118750900821
26786.93605165 0.0037043647073957
26757.304485221 0.0037982609931208
26727.672918792 0.0038935710071929
26698.041352363 0.0039903017744653
26668.409785934 0.0040884602852275
26638.778219506 0.0041880534957097
26609.146653077 0.0042890883285765
26579.515086648 0.0043915716734076
26549.883520219 0.0044955103871683
26520.25195379 0.0046009112946677
26490.620387362 0.0047077811890075
26460.988820933 0.0048161268320192
26431.357254504 0.0049259549546927
26401.725688075 0.005037272257594
26372.094121646 0.0051500854112745
26342.462555218 0.0052644010566702
26312.830988789 0.0053802258054932
26283.19942236 0.005497566240614
26253.567855931 0.0056164289164356
26223.936289502 0.0057368203592596
26194.304723074 0.0058587470676448
26164.673156645 0.0059822155127579
26135.041590216 0.0061072321387169
26105.410023787 0.0062338033629278
26075.778457358 0.0063619355764136
26046.14689093 0.0064916351441374
26016.515324501 0.0066229084053184
25986.883758072 0.006755761673742
25957.252191643 0.0068902012380633
25927.620625214 0.0070262333621048
25897.989058786 0.0071638642851484
25868.357492357 0.0073031002222215
25838.725925928 0.0074439473643779
25809.094359499 0.0075864118789728
25779.46279307 0.0077304999099329
25749.831226642 0.0078762175780218
25720.199660213 0.0080235709810994
25690.568093784 0.0081725661943778
25660.936527355 0.0083232092706712
25631.304960926 0.008475506240642
25601.673394498 0.0086294631130425
25572.041828069 0.0087850858749516
25542.41026164 0.0089423804920079
25512.778695211 0.0091013529086385
25483.147128782 0.0092620090482832
25453.515562354 0.0094243548136157
25423.883995925 0.0095883960867603
25394.252429496 0.0097541387295052
25364.620863067 0.0099215885835116
25334.989296638 0.01009075147052
25305.35773021 0.010261633192552
25275.726163781 0.010434239532112
25246.094597352 0.010608576252376
25216.463030923 0.010784649097394
25186.831464494 0.010962463792271
25157.199898066 0.011142026043356
25127.568331637 0.011323341538427
25097.936765208 0.011506415946867
25068.305198779 0.011691254919848
25038.67363235 0.011877864090496
25009.042065922 0.012066249074071
24979.410499493 0.012256415468134
24949.778933064 0.012448368852708
24920.147366635 0.012642114790449
24890.515800207 0.012837658826804
24860.884233778 0.01303500649017
24831.252667349 0.013234163292049
24801.62110092 0.013435134727204
24771.989534491 0.01363792627381
24742.357968063 0.013842543393602
24712.726401634 0.014048991532024
24683.094835205 0.014257276118372
24653.463268776 0.014467402565941
24623.831702347 0.014679376272159
24594.200135919 0.014893202618732
24564.56856949 0.015108886971775
24534.937003061 0.015326434681952
24505.305436632 0.015545851084606
24475.673870203 0.015767141499889
24446.042303775 0.015990311232893
24416.410737346 0.016215365573777
24386.779170917 0.016442309797891
24357.147604488 0.016671149165899
24327.516038059 0.016901888923906
24297.884471631 0.017134534303571
24268.252905202 0.017369090522232
24238.621338773 0.017605562783018
24208.989772344 0.017843956274968
24179.358205915 0.018084276173144
24149.726639487 0.018326527638743
24120.095073058 0.018570715819206
24090.463506629 0.018816845848331
24060.8319402 0.019064922846378
24031.200373771 0.019314951920178
24001.568807343 0.019566938163235
23971.937240914 0.019820886655833
23942.305674485 0.020076802465136
23912.674108056 0.02033469064529
23883.042541627 0.020594556237524
23853.410975199 0.020856404270247
23823.77940877 0.021120239759145
23794.147842341 0.021386067707279
23764.516275912 0.021653893105177
23734.884709483 0.021923720930931
23705.253143055 0.022195556150287
23675.621576626 0.022469403716738
23645.990010197 0.022745268571614
23616.358443768 0.023023155644169
23586.726877339 0.023303069851672
23557.095310911 0.023585016099492
23527.463744482 0.023868999281188
23497.832178053 0.024155024278586
23468.200611624 0.02444309596187
23438.569045195 0.024733219189664
23408.937478767 0.02502539880911
23379.305912338 0.025319639655952
23349.674345909 0.025615946554618
23320.04277948 0.025914324318294
23290.411213051 0.026214777749006
23260.779646623 0.026517311637695
23231.148080194 0.026821930764297
23201.516513765 0.027128639897814
23171.884947336 0.02743744379639
23142.253380907 0.027748347207389
23112.621814479 0.028061354867461
23082.99024805 0.02837647150262
23053.358681621 0.028693701828311
23023.727115192 0.029013050549485
22994.095548763 0.029334522360665
22964.463982335 0.029658121946016
22934.832415906 0.029983853979415
22905.200849477 0.030311723124517
22875.569283048 0.03064173403482
22845.937716619 0.030973891353736
22816.306150191 0.031308199714651
22786.674583762 0.031644663740994
22757.043017333 0.031983288046297
22727.411450904 0.032324077234261
22697.779884475 0.032667035898818
22668.148318047 0.033012168624192
22638.516751618 0.033359479984963
22608.885185189 0.033708974546122
22579.25361876 0.034060656863139
22549.622052331 0.034414531482015
22519.990485903 0.034770602939344
22490.358919474 0.035128875762372
22460.727353045 0.035489354469053
22431.095786616 0.035852043568106
22401.464220188 0.036216947559073
22371.832653759 0.036584070932373
22342.20108733 0.036953418169358
22312.569520901 0.037324993742367
22282.937954472 0.037698802114782
22253.306388044 0.038074847741081
22223.674821615 0.038453135066887
22194.043255186 0.038833668529029
22164.411688757 0.039216452555585
22134.780122328 0.039601491565939
22105.1485559 0.039988789970832
22075.516989471 0.04037835217241
22045.885423042 0.040770182564275
22016.253856613 0.041164285531535
21986.622290184 0.041560665450853
21956.990723756 0.041959326690495
21927.359157327 0.04236027361038
21897.727590898 0.042763510562124
21868.096024469 0.043169041889092
21838.46445804 0.043576871926441
21808.832891612 0.043987005001168
21779.201325183 0.044399445432154
21749.569758754 0.044814197530213
21719.938192325 0.045231265598135
21690.306625896 0.04565065393073
21660.675059468 0.046072366814873
21631.043493039 0.046496408529548
21601.41192661 0.046922783345891
21571.780360181 0.047351495527234
21542.148793752 0.047782549329145
21512.517227324 0.048215948999475
21482.885660895 0.048651698778393
21453.254094466 0.049089802898436
21423.622528037 0.049530265584542
21393.990961608 0.049973091054095
21364.35939518 0.050418283516967
21334.727828751 0.050865847175553
21305.096262322 0.051315786224814
21275.464695893 0.051768104852317
21245.833129464 0.05222280723827
21216.201563036 0.052679897555567
21186.569996607 0.05313937996982
21156.938430178 0.053601258639399
21127.306863749 0.054065537715472
21097.67529732 0.054532221342041
21068.043730892 0.055001313655975
21038.412164463 0.055472818787055
21008.780598034 0.055946740858001
20979.149031605 0.056423083984516
20949.517465176 0.056901852275317
20919.885898748 0.05738304983217
20890.254332319 0.057866680749931
20860.62276589 0.058352749116572
20830.991199461 0.058841259013224
20801.359633032 0.059332214514205
20771.728066604 0.05982561968706
20742.096500175 0.060321478592586
20712.464933746 0.060819795284876
20682.833367317 0.061320573811344
20653.201800888 0.06182381821276
20623.57023446 0.062329532523286
20593.938668031 0.062837720770502
20564.307101602 0.063348386975446
20534.675535173 0.063861535152639
20505.043968744 0.064377169310118
20475.412402316 0.064895293449471
20445.780835887 0.065415911565864
20416.149269458 0.065939027648074
20386.517703029 0.066464645678517
20356.8861366 0.066992769633282
20327.254570172 0.06752340348216
20297.623003743 0.06805655118867
20267.991437314 0.068592216710094
20238.359870885 0.069130403997504
20208.728304456 0.06967111699579
20179.096738028 0.070214359643691
20149.465171599 0.070760135873822
20119.83360517 0.071308449612704
20090.202038741 0.071859304780792
20060.570472312 0.0724127052925
20030.938905884 0.072968655056235
20001.307339455 0.073527157974419
19971.675773026 0.074088217943517
19942.044206597 0.074651838854068
19912.412640169 0.075218024590708
19882.78107374 0.075786779032199
19853.149507311 0.076358106051455
19823.517940882 0.076932009515567
19793.886374453 0.077508493285832
19764.254808025 0.078087561217777
19734.623241596 0.078669217161184
19704.991675167 0.079253464960117
19675.360108738 0.079840308452949
19645.728542309 0.080429751472384
19616.096975881 0.081021797845484
19586.465409452 0.081616451393691
19556.833843023 0.082213715932858
19527.202276594 0.082813595273265
19497.570710165 0.083416093219652
19467.939143737 0.084021213571236
19438.307577308 0.084628960121738
19408.676010879 0.085239336659408
19379.04444445 0.085852346967046
19349.412878021 0.086467994822028
19319.781311593 0.087086283996325
19290.149745164 0.087707218256534
19260.518178735 0.088330801363891
19230.886612306 0.088957037074301
19201.255045877 0.089585929138359
19171.623479449 0.090217481301371
19141.99191302 0.090851697303376
19112.360346591 0.091488580879173
19082.728780162 0.092128135758336
19053.097213733 0.092770365665239
19023.465647305 0.09341527431908
18993.834080876 0.094062865433899
18964.202514447 0.094713142718601
18934.570948018 0.095366109876977
18904.939381589 0.096021770607726
18875.307815161 0.096680128604474
18845.676248732 0.097341187555795
18816.044682303 0.098004951145235
18786.413115874 0.098671423051328
18756.781549445 0.09934060694762
18727.149983017 0.10001250650269
18697.518416588 0.10068712538015
18667.886850159 0.10136446723872
18638.25528373 0.10204453573217
18608.623717301 0.10272733450941
18578.992150873 0.10341286721446
18549.360584444 0.1041011374865
18519.729018015 0.10479214895988
18490.097451586 0.10548590526412
18460.465885157 0.10618241002399
18430.834318729 0.10688166685943
18401.2027523 0.10758367938566
18371.571185871 0.10828845121316
18341.939619442 0.10899598594769
18312.308053013 0.10970628719029
18282.676486585 0.11041935853736
18253.044920156 0.11113520358059
18223.413353727 0.11185382590706
18193.781787298 0.11257522909922
18164.150220869 0.11329941673488
18134.518654441 0.1140263923873
18104.887088012 0.11475615962513
18075.255521583 0.1154887220125
18045.623955154 0.11622408310897
18015.992388725 0.11696224646959
17986.360822297 0.11770321564491
17956.729255868 0.11844699418098
17927.097689439 0.1191935856194
17897.46612301 0.1199429934973
17867.834556581 0.12069522134738
17838.202990153 0.12145027269791
17808.571423724 0.12220815107278
17778.939857295 0.12296885999146
17749.308290866 0.12373240296908
17719.676724437 0.12449878351639
17690.045158009 0.12526800513983
17660.41359158 0.12604007134149
17630.782025151 0.12681498561918
17601.150458722 0.12759275146638
17571.518892293 0.12837337237234
17541.887325865 0.12915685182203
17512.255759436 0.12994319329617
17482.624193007 0.13073240027127
17452.992626578 0.13152447621961
17423.361060149 0.13231942460927
17393.729493721 0.13311724890418
17364.097927292 0.13391795256406
17334.466360863 0.13472153904452
17304.834794434 0.13552801179699
17275.203228006 0.1363373742688
17245.571661577 0.13714962990319
17215.940095148 0.13796478213927
17186.308528719 0.13878283441209
17156.67696229 0.13960379015265
17127.045395862 0.14042765278787
17097.413829433 0.14125442574067
17067.782263004 0.14208411242991
17038.150696575 0.14291671627047
17008.519130146 0.14375224067323
16978.887563718 0.14459068904509
16949.255997289 0.14543206478899
16919.62443086 0.14627637130392
16889.992864431 0.14712361198491
16860.361298002 0.1479737902231
16830.729731574 0.1488269094057
16801.098165145 0.14968297291602
16771.466598716 0.1505419841335
16741.835032287 0.15140394643371
16712.203465858 0.15226886318834
16682.57189943 0.15313673776526
16652.940333001 0.15400757352851
16623.308766572 0.1548813738383
16593.677200143 0.15575814205104
16564.045633714 0.15663788151936
16534.414067286 0.15752059559208
16504.782500857 0.1584062876143
16475.150934428 0.15929496092732
16445.519367999 0.16018661886874
16415.88780157 0.1610812647724
16386.256235142 0.16197890196844
16356.624668713 0.1628795337833
16326.993102284 0.16378316353972
16297.361535855 0.16468979455677
16267.729969426 0.16559943014983
16238.098402998 0.16651207363066
16208.466836569 0.16742772830736
16178.83527014 0.1683463974844
16149.203703711 0.16926808446263
16119.572137282 0.1701927925393
16089.940570853 0.17112052500806
16060.309004425 0.17205128515898
16030.677437996 0.17298507627855
16001.045871567 0.17392190164972
15971.414305138 0.17486176455187
15941.782738709 0.17580466826086
15912.151172281 0.17675061604901
15882.519605852 0.17769961118513
15852.888039423 0.17865165693455
15823.256472994 0.17960675655907
15793.624906565 0.18056491331704
15763.993340136 0.18152613046333
15734.361773708 0.18249041124934
15704.730207279 0.18345775892306
15675.09864085 0.18442817672899
15645.467074421 0.18540166790825
15615.835507992 0.18637823569853
15586.203941564 0.18735788333412
15556.572375135 0.18834061404589
15526.940808706 0.18932643106138
15497.309242277 0.19031533760471
15467.677675848 0.19130733689667
15438.046109419 0.19230243215467
15408.414542991 0.19330062659281
15378.782976562 0.19430192342185
15349.151410133 0.19530632584923
15319.519843704 0.19631383707906
15289.888277275 0.19732446031218
15260.256710847 0.19833819874614
15230.625144418 0.19935505557519
15200.993577989 0.20037503399033
15171.36201156 0.2013981371793
15141.730445131 0.20242436832657
15112.098878702 0.2034537306134
15082.467312274 0.2044862272178
15052.835745845 0.20552186131458
15023.204179416 0.20656063607532
14993.572612987 0.20760255466842
14963.941046558 0.20864762025908
14934.30948013 0.20969583600931
14904.677913701 0.21074720507797
14875.046347272 0.21180173062074
14845.414780843 0.21285941579016
14815.783214414 0.21392026373563
14786.151647986 0.21498427760341
14756.520081557 0.21605146053663
14726.888515128 0.21712181567532
14697.256948699 0.2181953461564
14667.62538227 0.21927205511369
14637.993815841 0.22035194567792
14608.362249413 0.22143502097675
14578.730682984 0.22252128413478
14549.099116555 0.22361073827353
14519.467550126 0.22470338651148
14489.835983697 0.22579923196407
14460.204417269 0.2268982777437
14430.57285084 0.22800052695976
14400.941284411 0.2291059827186
14371.309717982 0.2302146481236
14341.678151553 0.23132652627511
14312.046585124 0.2324416202705
14282.415018696 0.23355993320416
14252.783452267 0.23468146816752
14223.151885838 0.23580622824904
14193.520319409 0.23693421653421
14163.88875298 0.23806543610559
14134.257186552 0.2391998900428
14104.625620123 0.24033758142252
14074.994053694 0.24147851331853
14045.362487265 0.24262268880168
14015.730920836 0.24377011093993
13986.099354407 0.24492078279831
13956.467787979 0.246074707439
13926.83622155 0.24723188792129
13897.204655121 0.24839232730159
13867.573088692 0.24955602863344
13837.941522263 0.25072299496754
13808.309955835 0.25189322935175
13778.678389406 0.25306673483106
13749.046822977 0.25424351444764
13719.415256548 0.25542357124086
13689.783690119 0.25660690824724
13660.152123691 0.25779352850051
13630.520557262 0.25898343503159
13600.888990833 0.26017663086863
13571.257424404 0.26137311903695
13541.625857975 0.26257290255915
13511.994291546 0.263775984455
13482.362725118 0.26498236774156
13452.731158689 0.2661920554331
13423.09959226 0.26740505054117
13393.468025831 0.26862135607455
13363.836459402 0.26984097503932
13334.204892974 0.27106391043881
13304.573326545 0.27229016527364
13274.941760116 0.27351974254173
13245.310193687 0.27475264523828
13215.678627258 0.27598887635582
13186.047060829 0.27722843888416
13156.415494401 0.27847133581045
13126.783927972 0.27971757011916
13097.152361543 0.2809671447921
13067.520795114 0.28222006280842
13037.889228685 0.2834763271446
13008.257662257 0.2847359407745
12978.626095828 0.28599890666932
12948.994529399 0.28726522779764
12919.36296297 0.28853490712543
12889.731396541 0.28980794761601
12860.099830112 0.29108435223011
12830.468263684 0.29236412392587
12800.836697255 0.29364726565879
12771.205130826 0.29493378038183
12741.573564397 0.29622367104534
12711.941997968 0.29751694059709
12682.31043154 0.29881359198229
12652.678865111 0.3001136281436
12623.047298682 0.3014170520211
12593.415732253 0.30272386655233
12563.784165824 0.30403407467229
12534.152599396 0.30534767931344
12504.521032967 0.30666468340571
12474.889466538 0.30798508987652
12445.257900109 0.30930890165075
12415.62633368 0.31063612165079
12385.994767251 0.31196675279652
12356.363200823 0.31330079800532
12326.731634394 0.31463826019207
12297.100067965 0.3159791422692
12267.468501536 0.31732344714661
12237.836935107 0.31867117773178
12208.205368679 0.32002233692969
12178.57380225 0.32137692764286
12148.942235821 0.3227349527714
12119.310669392 0.32409641521291
12089.679102963 0.3254613178626
12060.047536534 0.32682966361322
12030.415970106 0.32820145535509
12000.784403677 0.32957669597614
11971.152837248 0.33095538836184
11941.521270819 0.33233753539527
11911.88970439 0.33372313995711
11882.258137962 0.33511220492565
11852.626571533 0.33650473317675
11822.995005104 0.33790072758393
11793.363438675 0.33930019101831
11763.731872246 0.34070312634862
11734.100305817 0.34210953644124
11704.468739389 0.3435194241602
11674.83717296 0.34493279236713
11645.205606531 0.34634964392136
11615.574040102 0.34776998167985
11585.942473673 0.34919380849721
11556.310907245 0.35062112722573
11526.679340816 0.35205194071537
11497.047774387 0.35348625181378
11467.416207958 0.35492406336627
11437.784641529 0.35636537821585
11408.153075101 0.35781019920323
11378.521508672 0.35925852916681
11348.889942243 0.36071037094271
11319.258375814 0.36216572736475
11289.626809385 0.36362460126446
11259.995242956 0.36508699547112
11230.363676528 0.3665529128117
11200.732110099 0.36802235611094
11171.10054367 0.3694953281913
11141.468977241 0.37097183187297
11111.837410812 0.37245186997393
11082.205844384 0.37393544530988
11052.574277955 0.37542256069429
11022.942711526 0.3769132189384
10993.311145097 0.37840742285122
10963.679578668 0.37990517523953
10934.048012239 0.38140647890791
10904.416445811 0.3829113366587
10874.784879382 0.38441975129205
10845.153312953 0.3859317256059
10815.521746524 0.387447262396
10785.890180095 0.3889663644559
10756.258613667 0.39048903457697
10726.627047238 0.3920152755484
10696.995480809 0.39354509015718
10667.36391438 0.39507848118816
10637.732347951 0.396615451424
10608.100781522 0.39815600364521
10578.469215094 0.39970014063014
10548.837648665 0.40124786515498
10519.206082236 0.4027991799938
10489.574515807 0.4043540879185
10459.942949378 0.40591259169885
10430.31138295 0.40747469410249
10400.679816521 0.40904039789495
10371.048250092 0.4106097058396
10341.416683663 0.41218262069773
10311.785117234 0.41375914522851
10282.153550806 0.41533928218897
10252.521984377 0.41692303433409
10222.890417948 0.41851040441671
10193.258851519 0.4201013951876
10163.62728509 0.42169600939543
10133.995718661 0.42329424978678
10104.364152233 0.42489611910618
10074.732585804 0.42650162009606
10045.101019375 0.42811075549679
10015.469452946 0.42972352804666
9985.8378865174 0.43133994048193
9956.2063200885 0.43295999553679
9926.5747536597 0.43458369594336
9896.9431872309 0.43621104443175
9867.3116208021 0.43784204372999
9837.6800543733 0.43947669656411
9808.0484879445 0.44111500565808
9778.4169215156 0.44275697373385
9748.7853550868 0.44440260351136
9719.153788658 0.44605189770852
9689.5222222292 0.44770485904121
9659.8906558004 0.44936149022332
9630.2590893716 0.45102179396675
9600.6275229427 0.45268577298135
9570.9959565139 0.45435342997502
9541.3643900851 0.45602476765365
9511.7328236563 0.45769978872114
9482.1012572275 0.45937849587941
9452.4696907987 0.4610608918284
9422.8381243699 0.46274697926607
9393.206557941 0.46443676088841
9363.5749915122 0.46613023938947
9333.9434250834 0.4678274174613
9304.3118586546 0.46952829779402
9274.6802922258 0.47123288307577
9245.048725797 0.47294117599277
9215.4171593681 0.47465317922929
9185.7855929393 0.47636889546763
9156.1540265105 0.47808832738819
9126.5224600817 0.47981147766943
9096.8908936529 0.48153834898786
9067.2593272241 0.48326894401808
9037.6277607952 0.48500326543279
9007.9961943664 0.48674131590275
8978.3646279376 0.4884830980968
8948.7330615088 0.49022861468191
8919.10149508 0.49197786832311
8889.4699286512 0.49373086168354
8859.8383622224 0.49548759742447
8830.2067957935 0.49724807820524
8800.5752293647 0.49901230668333
8770.9436629359 0.50078028551433
8741.3120965071 0.50255201735195
8711.6805300783 0.50432750484801
8682.0489636495 0.5061067506525
8652.4173972206 0.50788975741349
8622.7858307918 0.50967652777723
8593.154264363 0.51146706438809
8563.5226979342 0.51326136988858
8533.8911315054 0.51505944691938
8504.2595650766 0.51686129811931
8474.6279986477 0.51866692612533
8444.9964322189 0.52047633357258
8415.3648657901 0.52228952309437
8385.7332993613 0.52410649732217
8356.1017329325 0.5259272588856
8326.4701665037 0.52775181041249
8296.8386000749 0.52958015452883
8267.207033646 0.53141229385879
8237.5754672172 0.53324823102475
8207.9439007884 0.53508796864725
8178.3123343596 0.53693150934504
8148.6807679308 0.53877885573507
8119.049201502 0.54063001043249
8089.4176350731 0.54248497605066
8059.7860686443 0.54434375520112
8030.1545022155 0.54620635049367
8000.5229357867 0.54807276453628
7970.8913693579 0.54994299993518
7941.2598029291 0.5518170592948
7911.6282365002 0.55369494521781
7881.9966700714 0.55557666030509
7852.3651036426 0.55746220715577
7822.7335372138 0.55935158836723
7793.101970785 0.56124480653507
7763.4704043562 0.56314186425314
7733.8388379273 0.56504276411356
7704.2072714985 0.56694750870666
7674.5757050697 0.56885610062107
7644.9441386409 0.57076854244366
7615.3125722121 0.57268483675955
7585.6810057833 0.57460498615216
7556.0494393545 0.57652899320314
7526.4178729256 0.57845686049245
7496.7863064968 0.5803885905983
7467.154740068 0.58232418609719
7437.5231736392 0.58426364956392
7407.8916072104 0.58620698357154
7378.2600407816 0.58815419069142
7348.6284743527 0.59010527349323
7318.9969079239 0.5920602345449
7289.3653414951 0.5940190764127
7259.7337750663 0.59598180166119
7230.1022086375 0.59794841285323
7200.4706422087 0.59991891255
7170.8390757798 0.60189330331098
7141.207509351 0.603871587694
7111.5759429222 0.60585376825517
7081.9443764934 0.60783984754895
7052.3128100646 0.60982982812812
7022.6812436358 0.6118237125438
6993.049677207 0.61382150334543
6963.4181107781 0.61582320308078
6933.7865443493 0.617828814296
6904.1549779205 0.61983833953553
6874.5234114917 0.6218517813422
6844.8918450629 0.62386914225717
6815.2602786341 0.62589042481996
6785.6287122052 0.62791563156845
6755.9971457764 0.62994476503885
6726.3655793476 0.63197782776578
6696.7340129188 0.6340148222822
6667.10244649 0.63605575111943
6637.4708800612 0.63810061680718
6607.8393136323 0.64014942187354
6578.2077472035 0.64220216884496
6548.5761807747 0.64425886024627
6518.9446143459 0.64631949860072
6489.3130479171 0.6483840864299
6459.6814814883 0.65045262625383
6430.0499150595 0.6525251205909
6400.4183486306 0.6546015719579
6370.7867822018 0.65668198287005
6341.155215773 0.65876635584092
6311.5236493442 0.66085469338253
6281.8920829154 0.6629469980053
6252.2605164866 0.66504327221805
6222.6289500577 0.66714351852802
6192.9973836289 0.66924773944087
6163.3658172001 0.6713559374607
6133.7342507713 0.67346811508999
6104.1026843425 0.6755842748297
6074.4711179137 0.67770441917918
6044.8395514848 0.67982855063622
6015.207985056 0.68195667169708
5985.5764186272 0.6840887848564
5955.9448521984 0.68622489260733
5926.3132857696 0.6883649974414
5896.6817193408 0.69050910184863
5867.050152912 0.69265720831749
5837.4185864831 0.69480931933487
5807.7870200543 0.69696543738616
5778.1554536255 0.69912556495517
5748.5238871967 0.7012897045242
5718.8923207679 0.703457858574
5689.2607543391 0.70563002958381
5659.6291879102 0.7078062200313
5629.9976214814 0.70998643239266
5600.3660550526 0.71217066914252
5570.7344886238 0.71435893275401
5541.102922195 0.71655122569873
5511.4713557662 0.71874755044678
5481.8397893373 0.72094790946673
5452.2082229085 0.72315230522565
5422.5766564797 0.7253607401891
5392.9450900509 0.72757321682115
5363.3135236221 0.72978973758434
5333.6819571933 0.73201030493974
5304.0503907644 0.7342349213469
5274.4188243356 0.7364635892639
5244.7872579068 0.73869631114731
5215.155691478 0.74093308945223
5185.5241250492 0.74317392663225
5155.8925586204 0.74541882513951
5126.2609921916 0.74766778742465
5096.6294257627 0.74992081593683
5066.9978593339 0.75217791312374
5037.3662929051 0.75443908143161
5007.7347264763 0.75670432330519
4978.1031600475 0.75897364118777
4948.4715936187 0.76124703752116
4918.8400271898 0.76352451474572
4889.208460761 0.76580607530037
4859.5768943322 0.76809172162254
4829.9453279034 0.77038145614822
4800.3137614746 0.77267528131197
4770.6821950458 0.77497319954687
4741.0506286169 0.77727521328458
4711.4190621881 0.77958132495529
4681.7874957593 0.78189153698778
4652.1559293305 0.78420585180938
4622.5243629017 0.78652427184597
4592.8927964729 0.78884679952201
4563.2612300441 0.79117343726054
4533.6296636152 0.79350418748316
4503.9980971864 0.79583905261005
4474.3665307576 0.79817803505995
4444.7349643288 0.80052113725021
4415.1033979 0.80286836159674
4385.4718314712 0.80521971051404
4355.8402650423 0.80757518641521
4326.2086986135 0.80993479171191
4296.5771321847 0.81229852881443
4266.9455657559 0.81466640013163
4237.3139993271 0.81703840807097
4207.6824328983 0.81941455503851
4178.0508664694 0.82179484343893
4148.4193000406 0.82417927567548
4118.7877336118 0.82656785415005
4089.156167183 0.82896058126313
4059.5246007542 0.8313574594138
4029.8930343254 0.83375849099979
4000.2614678966 0.83616367841743
3970.6299014677 0.83857302406165
3940.9983350389 0.84098653032603
3911.3667686101 0.84340419960277
3881.7352021813 0.84582603428268
3852.1036357525 0.84825203675521
3822.4720693237 0.85068220940844
3792.8405028948 0.85311655462908
3763.208936466 0.85555507480248
3733.5773700372 0.85799777231262
3703.9458036084 0.86044464954214
3674.3142371796 0.86289570887229
3644.6826707508 0.86535095268299
3615.0511043219 0.86781038335281
3585.4195378931 0.87027400325895
3555.7879714643 0.87274181477727
3526.1564050355 0.87521382028229
3496.5248386067 0.87769002214719
3466.8932721779 0.88017042274378
3437.261705749 0.88265502444257
3407.6301393202 0.88514382961271
3377.9985728914 0.88763684062202
3348.3670064626 0.89013405983699
3318.7354400338 0.89263548962277
3289.103873605 0.8951411323432
3259.4723071762 0.89765099036078
3229.8407407473 0.90016506603669
3200.2091743185 0.90268336173079
3170.5776078897 0.90520587980163
3140.9460414609 0.90773262260642
3111.3144750321 0.91026359250108
3081.6829086033 0.91279879184021
3052.0513421744 0.9153382229771
3022.4197757456 0.91788188826371
2992.7882093168 0.92042979005074
2963.156642888 0.92298193068754
2933.5250764592 0.92553831252219
2903.8935100304 0.92809893790145
2874.2619436015 0.9306638091708
2844.6303771727 0.93323292867443
2814.9988107439 0.9358062987552
2785.3672443151 0.93838392175472
2755.7356778863 0.94096580001329
2726.1041114575 0.94355193586993
2696.4725450287 0.94614233166238
2666.8409785998 0.94873698972708
2637.209412171 0.95133591239922
2607.5778457422 0.95393910201269
2577.9462793134 0.9565465609001
2548.3147128846 0.9591582913928
2518.6831464558 0.96177429582086
2489.0515800269 0.96439457651309
2459.4200135981 0.96701913579703
2429.7884471693 0.96964797599894
2400.1568807405 0.97228109944383
2370.5253143117 0.97491850845545
2340.8937478829 0.97756020535628
2311.262181454 0.98020619246756
2281.6306150252 0.98285647210925
2251.9990485964 0.98551104660009
2222.3674821676 0.98816991825753
2192.7359157388 0.9908330893978
2163.10434931 0.99350056233588
2133.4727828812 0.99617233938549
2103.8412164523 0.99884842285911
2074.2096500235 1.001528815068
2044.5780835947 1.0042135183221
2014.9465171659 1.0069025349303
1985.3149507371 1.0095958672001
1955.6833843083 1.0122935174377
1926.0518178795 1.0149954879482
1896.4202514506 1.0177017810356
1866.7886850218 1.0204123990023
1837.157118593 1.0231273441498
1807.5255521642 1.0258466187782
1777.8939857354 1.0285702251865
1748.2624193066 1.0312981656724
1718.6308528778 1.0340304425324
1688.9992864489 1.0367670580618
1659.3677200201 1.0395080145547
1629.7361535913 1.0422533143039
1600.1045871625 1.0450029596011
1570.4730207337 1.0477569527367
1540.8414543049 1.0505152960001
1511.2098878761 1.0532779916791
1481.5783214472 1.0560450420607
1451.9467550184 1.0588164494304
1422.3151885896 1.0615922160728
1392.6836221608 1.0643723442711
1363.052055732 1.0671568363072
1333.4204893032 1.0699456944621
1303.7889228744 1.0727389210154
1274.1573564456 1.0755365182456
1244.5257900167 1.07833848843
1214.8942235879 1.0811448338446
1185.2626571591 1.0839555567644
1155.6310907303 1.0867706594632
1125.9995243015 1.0895901442134
1096.3679578727 1.0924140132864
1066.7363914439 1.0952422689526
1037.104825015 1.0980749134808
1007.4732585862 1.1009119491389
977.84169215742 1.1037533781936
948.2101257286 1.1065992029105
918.57855929979 1.1094494255539
888.94699287098 1.1123040483869
859.31542644216 1.1151630736716
829.68386001335 1.1180265036688
800.05229358453 1.1208943406382
770.42072715572 1.1237665868384
740.78916072691 1.1266432445268
711.15759429809 1.1295243159595
681.52602786928 1.1324098033917
651.89446144047 1.1352997090773
622.26289501165 1.138194035269
592.63132858284 1.1410927842186
562.99976215403 1.1439959581763
533.36819572521 1.1469035593917
503.7366292964 1.1498155901129
474.10506286758 1.1527320525869
444.47349643877 1.1556529490597
414.84193000996 1.158578281776
385.21036358114 1.1615080529796
355.57879715233 1.1644422649128
325.94723072351 1.1673809198171
296.3156642947 1.1703240199328
266.68409786589 1.1732715674989
237.05253143707 1.1762235647534
207.42096500826 1.1791800139332
177.78939857944 1.1821409172741
148.15783215063 1.1851062770107
118.52626572181 1.1880760953765
88.894699293 1.1910503746038
59.263132864186 1.194029116924
29.631566435372 1.1970123245671
6.557637100002e-009 1.1999999997623
