28731.566428814 0.00024896412368003
28713.609199796 0.00026029186543938
28695.651970778 0.0002719233518431
28677.69474176 0.00028386125034432
28659.737512742 0.00029610820537325
28641.780283724 0.00030866683892319
28623.823054706 0.00032153975111218
28605.865825688 0.00033472952072157
28587.90859667 0.00034823870571284
28569.951367652 0.0003620698437239
28551.994138634 0.00037622545254597
28534.036909616 0.00039070803058209
28516.079680598 0.00040552005728827
28498.12245158 0.00042066399359812
28480.165222562 0.00043614228233189
28462.207993544 0.00045195734859063
28444.250764526 0.00046811160013632
28426.293535508 0.00048460742775852
28408.33630649 0.00050144720562835
28390.379077472 0.00051863329164028
28372.421848454 0.0005361680277424
28354.464619436 0.00055405374025565
28336.507390418 0.00057229274018255
28318.5501614 0.00059088732350585
28300.592932382 0.0006098397714777
28282.635703364 0.00062915235089954
28264.678474346 0.00064882731439334
28246.721245328 0.00066886690066437
28228.76401631 0.00068927333475603
28210.806787292 0.00071004882829695
28192.849558274 0.00073119557974072
28174.892329256 0.00075271577459863
28156.935100238 0.00077461158566555
28138.97787122 0.00079688517323939
28121.020642202 0.00081953868533426
28103.063413184 0.00084257425788768
28085.106184166 0.00086599401496201
28067.148955148 0.00088980006894036
28049.19172613 0.00091399452071711
28031.234497112 0.00093857945988342
28013.277268094 0.00096355696490768
27995.320039076 0.0009889291033113
27977.362810058 0.0010146979318398
27959.40558104 0.0010408654966298
27941.448352022 0.0010674338333711
27923.491123004 0.0010944049674655
27905.533893986 0.001121780914181
27887.576664968 0.0011495636788024
27869.61943595 0.0011777552567785
27851.662206932 0.0012063576338648
27833.704977914 0.0012353727862642
27815.747748896 0.001264802680763
27797.790519878 0.0012946492748643
27779.833290861 0.0013249145169185
27761.876061843 0.0013556003462503
27743.918832825 0.0013867086932829
27725.961603807 0.0014182414796596
27708.004374789 0.0014502006183627
27690.047145771 0.0014825880138291
27672.089916753 0.0015154055620641
27654.132687735 0.0015486551507525
27636.175458717 0.001582338659367
27618.218229699 0.0016164579592746
27600.261000681 0.0016510149138403
27582.303771663 0.0016860113785292
27564.346542645 0.0017214492010061
27546.389313627 0.0017573302212328
27528.432084609 0.001793656271564
27510.474855591 0.0018304291768405
27492.517626573 0.0018676507544813
27474.560397555 0.001905322814573
27456.603168537 0.0019434471599582
27438.645939519 0.0019820255863217
27420.688710501 0.0020210598822748
27402.731481483 0.0020605518294385
27384.774252465 0.0021005032025251
27366.817023447 0.0021409157694172
27348.859794429 0.0021817912912466
27330.902565411 0.0022231315224709
27312.945336393 0.0022649382109486
27294.988107375 0.0023072130980133
27277.030878357 0.0023499579185459
27259.073649339 0.0023931744010462
27241.116420321 0.0024368642677025
27223.159191303 0.0024810292344604
27205.201962285 0.0025256710110899
27187.244733267 0.0025707913012522
27169.287504249 0.002616391802564
27151.330275231 0.002662474206662
27133.373046213 0.0027090401992653
27115.415817195 0.002756091460237
27097.458588177 0.0028036296636452
27079.501359159 0.0028516564778222
27061.544130141 0.0029001735654233
27043.586901123 0.002949182583484
27025.629672105 0.0029986851834772
27007.672443087 0.0030486830113683
26989.715214069 0.00309917770767
26971.757985051 0.0031501709074965
26953.800756033 0.0032016642406163
26935.843527015 0.0032536593315038
26917.886297997 0.0033061577993914
26899.929068979 0.0033591612583192
26881.971839961 0.0034126713171851
26864.014610943 0.0034666895797934
26846.057381925 0.0035212176449028
26828.100152907 0.0035762571062741
26810.142923889 0.0036318095527164
26792.185694871 0.003687876568133
26774.228465853 0.0037444597315669
26756.271236835 0.0038015606172449
26738.314007817 0.0038591807946215
26720.356778799 0.0039173218284222
26702.399549781 0.0039759852786858
26684.442320763 0.0040351727008064
26666.485091745 0.0040948856455745
26648.527862727 0.0041551256592178
26630.570633709 0.0042158942834411
26612.613404691 0.0042771930554658
26594.656175673 0.0043390235080689
26576.698946655 0.0044013871696211
26558.741717637 0.0044642855641247
26540.784488619 0.0045277202112511
26522.827259601 0.0045916926263769
26504.870030583 0.0046562043206209
26486.912801565 0.0047212568008791
26468.955572547 0.0047868515698602
26450.998343529 0.0048529901261203
26433.041114511 0.0049196739640972
26415.083885493 0.0049869045741441
26397.126656475 0.0050546834425627
26379.169427457 0.0051230120516366
26361.212198439 0.0051918918796631
26343.254969421 0.0052613244009857
26325.297740403 0.0053313110860252
26307.340511385 0.0054018534013111
26289.383282367 0.0054729528095126
26271.426053349 0.0055446107694684
26253.468824331 0.0056168287362167
26235.511595313 0.0056896081610252
26217.554366295 0.0057629504914198
26199.597137277 0.0058368571712138
26181.639908259 0.0059113296405358
26163.682679241 0.0059863693358583
26145.725450223 0.0060619776900249
26127.768221205 0.0061381561322783
26109.810992187 0.0062149060882865
26091.853763169 0.0062922289801703
26073.896534151 0.006370126226529
26055.939305133 0.0064485992424671
26037.982076115 0.006527649439619
26020.024847097 0.0066072782261757
26002.067618079 0.0066874870069086
25984.110389061 0.0067682771831953
25966.153160043 0.0068496501530434
25948.195931025 0.0069316073111152
25930.238702007 0.007014150048751
25912.281472989 0.0070972797539935
25894.324243971 0.0071809978116103
25876.367014953 0.0072653056031178
25858.409785935 0.0073502045068034
25840.452556917 0.0074356958977481
25822.495327899 0.0075217811478492
25804.538098881 0.0076084616258416
25786.580869863 0.0076957386973204
25768.623640845 0.0077836137247617
25750.666411827 0.0078720880675444
25732.709182809 0.0079611630819706
25714.751953791 0.0080508401212873
25696.794724773 0.008141120535706
25678.837495755 0.0082320056724237
25660.880266737 0.0083234968756428
25642.923037719 0.0084155954865907
25624.965808701 0.0085083028435401
25607.008579683 0.0086016202818278
25589.051350665 0.0086955491338742
25571.094121647 0.0087900907292025
25553.136892629 0.0088852463944571
25535.179663611 0.0089810174534228
25517.222434593 0.0090774052270426
25499.265205575 0.0091744110334363
25481.307976557 0.0092720361879183
25463.350747539 0.0093702820030159
25445.393518521 0.0094691497884862
25427.436289503 0.0095686408513342
25409.479060485 0.0096687564958298
25391.521831467 0.009769498023525
25373.564602449 0.0098708667332707
25355.607373431 0.0099728639212335
25337.650144413 0.010075490880912
25319.692915395 0.010178748903155
25301.735686377 0.010282639276173
25283.778457359 0.010387163285562
25265.821228341 0.01049232221431
25247.863999323 0.010598117342822
25229.906770305 0.010704549948929
25211.949541287 0.010811621307905
25193.992312269 0.010919332692485
25176.035083252 0.011027685372877
25158.077854234 0.011136680616777
25140.120625216 0.011246319689388
25122.163396198 0.011356603853429
25104.20616718 0.011467534369152
25086.248938162 0.011579112494358
25068.291709144 0.011691339484409
25050.334480126 0.011804216592244
25032.377251108 0.011917745068389
25014.42002209 0.012031926160978
24996.462793072 0.012146761115758
24978.505564054 0.012262251176111
24960.548335036 0.012378397583062
24942.591106018 0.012495201575292
24924.633877 0.012612664389156
24906.676647982 0.012730787258693
24888.719418964 0.012849571415636
24870.762189946 0.012969018089431
24852.804960928 0.013089128507247
24834.84773191 0.013209903893986
24816.890502892 0.013331345472299
24798.933273874 0.013453454462598
24780.976044856 0.013576232083065
24763.018815838 0.01369967954967
24745.06158682 0.013823798076177
24727.104357802 0.01394858887416
24709.147128784 0.014074053153012
24691.189899766 0.01420019211996
24673.232670748 0.014327006980073
24655.27544173 0.014454498936277
24637.318212712 0.014582669189362
24619.360983694 0.014711518938
24601.403754676 0.014841049378748
24583.446525658 0.014971261706065
24565.48929664 0.015102157112324
24547.532067622 0.015233736787815
24529.574838604 0.015366001920765
24511.617609586 0.015498953697343
24493.660380568 0.015632593301674
24475.70315155 0.015766921915846
24457.745922532 0.015901940719925
24439.788693514 0.016037650891959
24421.831464496 0.016174053607996
24403.874235478 0.016311150042088
24385.91700646 0.016448941366304
24367.959777442 0.01658742875074
24350.002548424 0.016726613363526
24332.045319406 0.016866496370842
24314.088090388 0.01700707893692
24296.13086137 0.017148362224061
24278.173632352 0.017290347392639
24260.216403334 0.017433035601113
24242.259174316 0.017576428006038
24224.301945298 0.01772052576207
24206.34471628 0.017865330021981
24188.387487262 0.018010841936662
24170.430258244 0.018157062655138
24152.473029226 0.018303993324572
24134.515800208 0.018451635090277
24116.55857119 0.018599989095726
24098.601342172 0.018749056482558
24080.644113154 0.018898838390586
24062.686884136 0.019049335957812
24044.729655118 0.019200550320426
24026.7724261 0.019352482612825
24008.815197082 0.019505133967612
23990.857968064 0.019658505515612
23972.900739046 0.019812598385875
23954.943510028 0.019967413705688
23936.98628101 0.020122952600582
23919.029051992 0.020279216194338
23901.071822974 0.020436205608999
23883.114593956 0.020593921964875
23865.157364938 0.020752366380552
23847.20013592 0.020911539972902
23829.242906902 0.021071443857085
23811.285677884 0.021232079146566
23793.328448866 0.021393446953112
23775.371219848 0.021555548386809
23757.41399083 0.021718384556065
23739.456761812 0.021881956567618
23721.499532794 0.022046265526542
23703.542303776 0.022211312536261
23685.585074758 0.022377098698548
23667.62784574 0.022543625113536
23649.670616722 0.022710892879728
23631.713387704 0.022878903094001
23613.756158686 0.023047656851612
23595.798929668 0.023217155246208
23577.84170065 0.023387399369834
23559.884471632 0.023558390312935
23541.927242614 0.023730129164368
23523.970013596 0.023902617011408
23506.012784578 0.024075854939751
23488.05555556 0.024249844033527
23470.098326542 0.0244245853753
23452.141097524 0.024600080046083
23434.183868506 0.024776329125335
23416.226639488 0.024953333690977
23398.26941047 0.02513109481939
23380.312181452 0.02530961358543
23362.354952434 0.025488891062427
23344.397723416 0.025668928322197
23326.440494398 0.025849726435044
23308.48326538 0.02603128646977
23290.526036362 0.02621360949368
23272.568807344 0.026396696572586
23254.611578326 0.026580548770819
23236.654349308 0.026765167151228
23218.69712029 0.026950552775191
23200.739891272 0.02713670670262
23182.782662254 0.027323629991966
23164.825433236 0.027511323700227
23146.868204218 0.027699788882952
23128.9109752 0.027889026594248
23110.953746182 0.028079037886786
23092.996517164 0.028269823811805
23075.039288146 0.028461385419121
23057.082059128 0.028653723757131
23039.12483011 0.028846839872817
23021.167601092 0.029040734811755
23003.210372074 0.02923540961812
22985.253143056 0.029430865334689
22967.295914038 0.02962710300285
22949.33868502 0.029824123662604
22931.381456002 0.030021928352574
22913.424226984 0.030220518110009
22895.466997966 0.030419893970789
22877.509768948 0.03062005696943
22859.55253993 0.030821008139091
22841.595310912 0.031022748511578
22823.638081894 0.031225279117351
22805.680852876 0.031428600985526
22787.723623858 0.031632715143884
22769.76639484 0.031837622618874
22751.809165822 0.032043324435618
22733.851936804 0.032249821617917
22715.894707786 0.032457115188257
22697.937478768 0.032665206167811
22679.98024975 0.032874095576447
22662.023020732 0.033083784432732
22644.065791714 0.033294273753937
22626.108562696 0.033505564556041
22608.151333678 0.033717657853737
22590.194104661 0.033930554660438
22572.236875643 0.034144255988279
22554.279646625 0.034358762848124
22536.322417607 0.034574076249569
22518.365188589 0.034790197200948
22500.407959571 0.03500712670934
22482.450730553 0.035224865780567
22464.493501535 0.035443415419207
22446.536272517 0.035662776628592
22428.579043499 0.035882950410815
22410.621814481 0.036103937766737
22392.664585463 0.036325739695987
22374.707356445 0.036548357196969
22356.750127427 0.036771791266867
22338.792898409 0.036996042901649
22320.835669391 0.03722111309607
22302.878440373 0.037447002843679
22284.921211355 0.037673713136821
22266.963982337 0.037901244966643
22249.006753319 0.038129599323096
22231.049524301 0.038358777194943
22213.092295283 0.038588779569761
22195.135066265 0.038819607433945
22177.177837247 0.039051261772711
22159.220608229 0.039283743570106
22141.263379211 0.039517053809004
22123.306150193 0.039751193471117
22105.348921175 0.039986163536995
22087.391692157 0.040221964986033
22069.434463139 0.040458598796471
22051.477234121 0.040696065945403
22033.520005103 0.040934367408779
22015.562776085 0.041173504161406
21997.605547067 0.041413477176958
21979.648318049 0.041654287427974
21961.691089031 0.041895935885865
21943.733860013 0.04213842352092
21925.776630995 0.042381751302303
21907.819401977 0.042625920198066
21889.862172959 0.042870931175146
21871.904943941 0.043116785199369
21853.947714923 0.04336348323546
21835.990485905 0.043611026247038
21818.033256887 0.043859415196628
21800.076027869 0.04410865104566
21782.118798851 0.044358734754473
21764.161569833 0.044609667282319
21746.204340815 0.044861449587369
21728.247111797 0.045114082626714
21710.289882779 0.045367567356369
21692.332653761 0.045621904731278
21674.375424743 0.045877095705315
21656.418195725 0.046133141231292
21638.460966707 0.046390042260957
21620.503737689 0.046647799745003
21602.546508671 0.046906414633066
21584.589279653 0.047165887873733
21566.632050635 0.047426220414544
21548.674821617 0.047687413201995
21530.717592599 0.047949467181541
21512.760363581 0.048212383297603
21494.803134563 0.048476162493564
21476.845905545 0.048740805711781
21458.888676527 0.049006313893582
21440.931447509 0.049272687979272
21422.974218491 0.049539928908138
21405.016989473 0.049808037618448
21387.059760455 0.050077015047457
21369.102531437 0.05034686213141
21351.145302419 0.050617579805546
21333.188073401 0.050889169004101
21315.230844383 0.051161630660307
21297.273615365 0.051434965706403
21279.316386347 0.051709175073631
21261.359157329 0.051984259692245
21243.401928311 0.052260220491508
21225.444699293 0.052537058399702
21207.487470275 0.052814774344124
21189.530241257 0.053093369251096
21171.573012239 0.053372844045963
21153.615783221 0.053653199653098
21135.658554203 0.053934436995905
21117.701325185 0.054216556996823
21099.744096167 0.054499560577326
21081.786867149 0.054783448657929
21063.829638131 0.055068222158192
21045.872409113 0.055353881996717
21027.915180095 0.055640429091158
21009.957951077 0.055927864358219
20992.000722059 0.056216188713661
20974.043493041 0.056505403072302
20956.086264023 0.056795508348018
20938.129035005 0.057086505453752
20920.171805987 0.057378395301511
20902.214576969 0.057671178802374
20884.257347951 0.057964856866489
20866.300118933 0.058259430403081
20848.342889915 0.058554900320452
20830.385660897 0.058851267525985
20812.428431879 0.059148532926145
20794.471202861 0.059446697426484
20776.513973843 0.059745761931644
20758.556744825 0.060045727345358
20740.599515807 0.060346594570451
20722.642286789 0.060648364508849
20704.685057771 0.060951038061574
20686.727828753 0.061254616128753
20668.770599735 0.061559099609617
20650.813370717 0.061864489402506
20632.856141699 0.062170786404868
20614.898912681 0.062477991513267
20596.941683663 0.062786105623381
20578.984454645 0.063095129630006
20561.027225627 0.06340506442706
20543.069996609 0.063715910907584
20525.112767591 0.064027669963746
20507.155538573 0.064340342486841
20489.198309555 0.064653929367296
20471.241080537 0.064968431494671
20453.283851519 0.065283849757664
20435.326622501 0.06560018504411
20417.369393483 0.065917438240987
20399.412164465 0.066235610234415
20381.454935447 0.06655470190966
20363.497706429 0.066874714151139
20345.540477411 0.067195647842418
20327.583248393 0.067517503866217
20309.626019375 0.067840283104413
20291.668790357 0.06816398643804
20273.711561339 0.068488614747294
20255.754332321 0.068814168911533
20237.797103303 0.069140649809283
20219.839874285 0.069468058318234
20201.882645267 0.06979639531525
20183.925416249 0.070125661676367
20165.968187231 0.070455858276793
20148.010958213 0.070786985990917
20130.053729195 0.071119045692307
20112.096500177 0.071452038253711
20094.139271159 0.071785964547063
20076.182042141 0.072120825443482
20058.224813123 0.072456621813278
20040.267584105 0.072793354525951
20022.310355087 0.073131024450194
20004.353126069 0.073469632453895
19986.395897052 0.073809179404141
19968.438668034 0.074149666167219
19950.481439016 0.074491093608618
19932.524209998 0.07483346259303
19914.56698098 0.075176773984355
19896.609751962 0.075521028645703
19878.652522944 0.075866227439392
19860.695293926 0.076212371226956
19842.738064908 0.076559460869142
19824.78083589 0.076907497225916
19806.823606872 0.077256481156462
19788.866377854 0.077606413519188
19770.909148836 0.077957295171723
19752.951919818 0.078309126970924
19734.9946908 0.078661909772876
19717.037461782 0.079015644432891
19699.080232764 0.079370331805518
19681.123003746 0.079725972744535
19663.165774728 0.080082568102961
19645.20854571 0.08044011873305
19627.251316692 0.080798625486298
19609.294087674 0.081158089213442
19591.336858656 0.081518510764465
19573.379629638 0.081879890988595
19555.42240062 0.08224223073431
19537.465171602 0.082605530849336
19519.507942584 0.082969792180654
19501.550713566 0.083335015574496
19483.593484548 0.083701201876355
19465.63625553 0.084068351930977
19447.679026512 0.084436466582373
19429.721797494 0.084805546673813
19411.764568476 0.085175593047832
19393.807339458 0.08554660654623
19375.85011044 0.085918588010078
19357.892881422 0.086291538279714
19339.935652404 0.086665458194748
19321.978423386 0.087040348594064
19304.021194368 0.087416210315823
19286.06396535 0.087793044197461
19268.106736332 0.088170851075693
19250.149507314 0.088549631786519
19232.192278296 0.088929387165217
19214.235049278 0.089310118046354
19196.27782026 0.08969182526378
19178.320591242 0.090074509650635
19160.363362224 0.090458172039351
19142.406133206 0.090842813261649
19124.448904188 0.091228434148546
19106.49167517 0.091615035530354
19088.534446152 0.092002618236682
19070.577217134 0.09239118309644
19052.619988116 0.092780730937836
19034.662759098 0.093171262588383
19016.70553008 0.093562778874899
18998.748301062 0.093955280623507
18980.791072044 0.094348768659637
18962.833843026 0.094743243808032
18944.876614008 0.095138706892743
18926.91938499 0.095535158737137
18908.962155972 0.095932600163895
18891.004926954 0.096331031995013
18873.047697936 0.096730455051808
18855.090468918 0.097130870154915
18837.1332399 0.097532278124293
18819.176010882 0.09793467977922
18801.218781864 0.098338075938305
18783.261552846 0.098742467419479
18765.304323828 0.099147855040004
18747.34709481 0.09955423961647
18729.389865792 0.099961621964801
18711.432636774 0.10037000290025
18693.475407756 0.10077938323742
18675.518178738 0.10118976379022
18657.56094972 0.10160114537193
18639.603720702 0.10201352879515
18621.646491684 0.10242691487182
18603.689262666 0.10284130441325
18585.732033648 0.10325669823006
18567.77480463 0.10367309713223
18549.817575612 0.1040905019291
18531.860346594 0.10450891342934
18513.903117576 0.10492833244097
18495.945888558 0.10534875977139
18477.98865954 0.10577019622733
18460.031430522 0.10619264261487
18442.074201504 0.10661609973947
18424.116972486 0.10704056840594
18406.159743468 0.10746604941843
18388.20251445 0.10789254358048
18370.245285432 0.10832005169499
18352.288056414 0.1087485745642
18334.330827396 0.10917811298974
18316.373598378 0.1096086677726
18298.41636936 0.11004023971315
18280.459140342 0.1104728296111
18262.501911324 0.11090643826558
18244.544682306 0.11134106647504
18226.587453288 0.11177671503734
18208.63022427 0.11221338474972
18190.672995252 0.11265107640878
18172.715766234 0.1130897908105
18154.758537216 0.11352952875024
18136.801308198 0.11397029102277
18118.84407918 0.11441207842222
18100.886850162 0.11485489174209
18082.929621144 0.1152987317753
18064.972392126 0.11574359931414
18047.015163108 0.1161894951503
18029.05793409 0.11663642007484
18011.100705072 0.11708437487823
17993.143476054 0.11753336035034
17975.186247036 0.11798337728041
17957.229018018 0.11843442645711
17939.271789 0.11888650866847
17921.314559982 0.11933962470195
17903.357330964 0.1197937753444
17885.400101946 0.12024896138207
17867.442872928 0.12070518360061
17849.48564391 0.12116244278508
17831.528414892 0.12162073971996
17813.571185874 0.1220800751891
17795.613956856 0.1225404499758
17777.656727838 0.12300186486275
17759.69949882 0.12346432063205
17741.742269802 0.12392781806521
17723.785040784 0.12439235794317
17705.827811766 0.12485794104628
17687.870582748 0.12532456815429
17669.91335373 0.12579224004638
17651.956124712 0.12626095750116
17633.998895694 0.12673072129665
17616.041666676 0.12720153221029
17598.084437658 0.12767339101894
17580.12720864 0.1281462984989
17562.169979622 0.12862025542588
17544.212750604 0.12909526257502
17526.255521586 0.1295713207209
17508.298292568 0.13004843063751
17490.34106355 0.13052659309829
17472.383834532 0.13100580887611
17454.426605514 0.13148607874325
17436.469376496 0.13196740347146
17418.512147478 0.13244978383189
17400.554918461 0.13293322059516
17382.597689443 0.1334177145313
17364.640460425 0.1339032664098
17346.683231407 0.13438987699958
17328.726002389 0.13487754706901
17310.768773371 0.13536627738589
17292.811544353 0.13585606871748
17274.854315335 0.13634692183047
17256.897086317 0.13683883749102
17238.939857299 0.13733181646471
17220.982628281 0.13782585951658
17203.025399263 0.13832096741113
17185.068170245 0.13881714091231
17167.110941227 0.1393143807835
17149.153712209 0.13981268778756
17131.196483191 0.1403120626868
17113.239254173 0.14081250624297
17095.282025155 0.1413140192173
17077.324796137 0.14181660237046
17059.367567119 0.1423202564626
17041.410338101 0.1428249822533
17023.453109083 0.14333078050163
17005.495880065 0.14383765196612
16987.538651047 0.14434559740475
16969.581422029 0.14485461757497
16951.624193011 0.14536471323371
16933.666963993 0.14587588513734
16915.709734975 0.14638813404174
16897.752505957 0.14690146070222
16879.795276939 0.14741586587357
16861.838047921 0.14793135031008
16843.880818903 0.14844791476548
16825.923589885 0.14896555999299
16807.966360867 0.1494842867453
16790.009131849 0.15000409577458
16772.051902831 0.15052498783247
16754.094673813 0.15104696367011
16736.137444795 0.15157002403809
16718.180215777 0.1520941696865
16700.222986759 0.15261940136491
16682.265757741 0.15314571982237
16664.308528723 0.15367312580742
16646.351299705 0.15420162006807
16628.394070687 0.15473120335183
16610.436841669 0.15526187640569
16592.479612651 0.15579363997613
16574.522383633 0.15632649480914
16556.565154615 0.15686044165016
16538.607925597 0.15739548124415
16520.650696579 0.15793161433555
16502.693467561 0.15846884166831
16484.736238543 0.15900716398586
16466.779009525 0.15954658203112
16448.821780507 0.16008709654653
16430.864551489 0.160628708274
16412.907322471 0.16117141795496
16394.950093453 0.16171522633033
16376.992864435 0.16226013414053
16359.035635417 0.16280614212548
16341.078406399 0.16335325102462
16323.121177381 0.16390146157687
16305.163948363 0.16445077452067
16287.206719345 0.16500119059395
16269.249490327 0.16555271053417
16251.292261309 0.16610533507829
16233.335032291 0.16665906496275
16215.377803273 0.16721390092355
16197.420574255 0.16776984369616
16179.463345237 0.16832689401557
16161.506116219 0.16888505261631
16143.548887201 0.16944432023238
16125.591658183 0.17000469759732
16107.634429165 0.17056618544419
16089.677200147 0.17112878450555
16071.719971129 0.1716924955135
16053.762742111 0.17225731919962
16035.805513093 0.17282325629505
16017.848284075 0.17339030753043
15999.891055057 0.17395847363593
15981.933826039 0.17452775534122
15963.976597021 0.17509815337553
15946.019368003 0.17566966846758
15928.062138985 0.17624230134563
15910.104909967 0.17681605273746
15892.147680949 0.1773909233704
15874.190451931 0.17796691397127
15856.233222913 0.17854402526644
15838.275993895 0.17912225798181
15820.318764877 0.17970161284282
15802.361535859 0.1802820905744
15784.404306841 0.18086369190107
15766.447077823 0.18144641754683
15748.489848804 0.18203026823526
15730.532619786 0.18261524468944
15712.575390768 0.183201347632
15694.61816175 0.1837885777851
15676.660932732 0.18437693587046
15658.703703714 0.18496642260931
15640.746474696 0.18555703872243
15622.789245678 0.18614878493014
15604.83201666 0.18674166195231
15586.874787642 0.18733567050835
15568.917558624 0.18793081131719
15550.960329606 0.18852708509733
15533.003100588 0.18912449256681
15515.04587157 0.18972303444321
15497.088642552 0.19032271144366
15479.131413534 0.19092352428482
15461.174184516 0.19152547368293
15443.216955498 0.19212856035376
15425.25972648 0.19273278501262
15407.302497462 0.1933381483744
15389.345268444 0.19394465115351
15371.388039426 0.19455229406393
15353.430810408 0.19516107781919
15335.47358139 0.19577100313237
15317.516352372 0.19638207071612
15299.559123354 0.19699428128263
15281.601894336 0.19760763554364
15263.644665318 0.19822213421047
15245.6874363 0.19883777799398
15227.730207282 0.1994545676046
15209.772978264 0.20007250375231
15191.815749246 0.20069158714665
15173.858520228 0.20131181849674
15155.90129121 0.20193319851124
15137.944062192 0.20255572789839
15119.986833174 0.20317940736598
15102.029604156 0.20380423762136
15084.072375138 0.20443021937148
15066.11514612 0.20505735332282
15048.157917102 0.20568564018144
15030.200688084 0.20631508065297
15012.243459066 0.2069456754426
14994.286230048 0.2075774252551
14976.32900103 0.2082103307948
14958.371772012 0.20884439276562
14940.414542994 0.20947961187102
14922.457313976 0.21011598881407
14904.500084958 0.21075352429739
14886.54285594 0.21139221902317
14868.585626922 0.21203207369318
14850.628397904 0.21267308900879
14832.671168886 0.2133152656709
14814.713939868 0.21395860438004
14796.75671085 0.21460310583627
14778.799481832 0.21524877073925
14760.842252814 0.21589559978824
14742.885023796 0.21654359368203
14724.927794778 0.21719275311905
14706.97056576 0.21784307879726
14689.013336742 0.21849457141423
14671.056107724 0.21914723166711
14653.098878706 0.21980106025263
14635.141649688 0.22045605786712
14617.18442067 0.22111222520646
14599.227191652 0.22176956296615
14581.269962634 0.22242807184127
14563.312733616 0.22308775252647
14545.355504598 0.22374860571602
14527.39827558 0.22441063210374
14509.441046562 0.22507383238308
14491.483817544 0.22573820724704
14473.526588526 0.22640375738825
14455.569359508 0.22707048349891
14437.61213049 0.22773838627082
14419.654901472 0.22840746639536
14401.697672454 0.22907772456353
14383.740443436 0.2297491614659
14365.783214418 0.23042177779264
14347.8259854 0.23109557423354
14329.868756382 0.23177055147796
14311.911527364 0.23244671021486
14293.954298346 0.23312405113282
14275.997069328 0.23380257491999
14258.03984031 0.23448228226414
14240.082611292 0.23516317385264
14222.125382274 0.23584525037245
14204.168153256 0.23652851251015
14186.210924238 0.23721296095189
14168.25369522 0.23789859638346
14150.296466201 0.23858541949024
14132.339237183 0.2392734309572
14114.382008165 0.23996263146893
14096.424779147 0.24065302170964
14078.467550129 0.24134460236312
14060.510321111 0.24203737411278
14042.553092093 0.24273133764163
14024.595863075 0.24342649363231
14006.638634057 0.24412284276705
13988.681405039 0.24482038572769
13970.724176021 0.24551912319568
13952.766947003 0.24621905585211
13934.809717985 0.24692018437763
13916.852488967 0.24762250945256
13898.895259949 0.24832603175679
13880.938030931 0.24903075196984
13862.980801913 0.24973667077085
13845.023572895 0.25044378883857
13827.066343877 0.25115210685136
13809.109114859 0.25186162548721
13791.151885841 0.25257234542371
13773.194656823 0.25328426733809
13755.237427805 0.25399739190718
13737.280198787 0.25471171980744
13719.322969769 0.25542725171495
13701.365740751 0.25614398830539
13683.408511733 0.2568619302541
13665.451282715 0.257581078236
13647.494053697 0.25830143292566
13629.536824679 0.25902299499727
13611.579595661 0.25974576512463
13593.622366643 0.26046974398118
13575.665137625 0.26119493223998
13557.707908607 0.26192133057371
13539.750679589 0.26264893965468
13521.793450571 0.26337776015483
13503.836221553 0.26410779274572
13485.878992535 0.26483903809855
13467.921763517 0.26557149688413
13449.964534499 0.26630516977293
13432.007305481 0.26704005743501
13414.050076463 0.2677761605401
13396.092847445 0.26851347975753
13378.135618427 0.26925201575627
13360.178389409 0.26999176920495
13342.221160391 0.27073274077179
13324.263931373 0.27147493112466
13306.306702355 0.27221834093109
13288.349473337 0.2729629708582
13270.392244319 0.27370882157278
13252.435015301 0.27445589374125
13234.477786283 0.27520418802964
13216.520557265 0.27595370510365
13198.563328247 0.27670444562861
13180.606099229 0.27745641026948
13162.648870211 0.27820959969086
13144.691641193 0.278964014557
13126.734412175 0.27971965553177
13108.777183157 0.28047652327871
13090.819954139 0.28123461846097
13072.862725121 0.28199394174136
13054.905496103 0.28275449378234
13036.948267085 0.28351627524598
13018.991038067 0.28427928679404
13001.033809049 0.28504352908789
12983.076580031 0.28580900278855
12965.119351013 0.28657570855669
12947.162121995 0.28734364705264
12929.204892977 0.28811281893635
12911.247663959 0.28888322486743
12893.290434941 0.28965486550514
12875.333205923 0.29042774150839
12857.375976905 0.29120185353572
12839.418747887 0.29197720224535
12821.461518869 0.29275378829512
12803.504289851 0.29353161234255
12785.547060833 0.29431067504477
12767.589831815 0.29509097705861
12749.632602797 0.29587251904052
12731.675373779 0.29665530164661
12713.718144761 0.29743932553264
12695.760915743 0.29822459135403
12677.803686725 0.29901109976586
12659.846457707 0.29979885142285
12641.889228689 0.30058784697938
12623.931999671 0.3013780870895
12605.974770653 0.30216957240689
12588.017541635 0.30296230358492
12570.060312616 0.30375628127658
12552.103083598 0.30455150613454
12534.14585458 0.30534797881114
12516.188625562 0.30614569995836
12498.231396544 0.30694467022784
12480.274167526 0.30774489027088
12462.316938508 0.30854636073846
12444.35970949 0.3093490822812
12426.402480472 0.31015305554939
12408.445251454 0.31095828119298
12390.488022436 0.31176475986159
12372.530793418 0.31257249220449
12354.5735644 0.31338147887062
12336.616335382 0.3141917205086
12318.659106364 0.31500321776668
12300.701877346 0.31581597129282
12282.744648328 0.3166299817346
12264.78741931 0.31744524973931
12246.830190292 0.31826177595387
12228.872961274 0.31907956102489
12210.915732256 0.31989860559864
12192.958503238 0.32071891032106
12175.00127422 0.32154047583776
12157.044045202 0.32236330279401
12139.086816184 0.32318739183478
12121.129587166 0.32401274360467
12103.172358148 0.32483935874798
12085.21512913 0.32566723790867
12067.257900112 0.32649638173037
12049.300671094 0.32732679085639
12031.343442076 0.32815846592971
12013.386213058 0.32899140759299
11995.42898404 0.32982561648854
11977.471755022 0.33066109325838
11959.514526004 0.33149783854418
11941.557296986 0.3323358529873
11923.600067968 0.33317513722875
11905.64283895 0.33401569190925
11887.685609932 0.33485751766919
11869.728380914 0.33570061514861
11851.771151896 0.33654498498726
11833.813922878 0.33739062782455
11815.85669386 0.33823754429959
11797.899464842 0.33908573505114
11779.942235824 0.33993520071766
11761.985006806 0.34078594193728
11744.027777788 0.34163795934783
11726.07054877 0.34249125358679
11708.113319752 0.34334582529136
11690.156090734 0.34420167509838
11672.198861716 0.34505880364441
11654.241632698 0.34591721156568
11636.28440368 0.34677689949808
11618.327174662 0.34763786807723
11600.369945644 0.3485001179384
11582.412716626 0.34936364971656
11564.455487608 0.35022846404636
11546.49825859 0.35109456156213
11528.541029572 0.35196194289791
11510.583800554 0.35283060868739
11492.626571536 0.35370055956399
11474.669342518 0.35457179616078
11456.7121135 0.35544431911055
11438.754884482 0.35631812904575
11420.797655464 0.35719322659855
11402.840426446 0.35806961240077
11384.883197428 0.35894728708396
11366.92596841 0.35982625127934
11348.968739392 0.36070650561783
11331.011510374 0.36158805073003
11313.054281356 0.36247088724624
11295.097052338 0.36335501579646
11277.13982332 0.36424043701036
11259.182594302 0.36512715151732
11241.225365284 0.36601515994643
11223.268136266 0.36690446292643
11205.310907248 0.3677950610858
11187.35367823 0.36868695505269
11169.396449212 0.36958014545495
11151.439220194 0.37047463292013
11133.481991176 0.37137041807547
11115.524762158 0.37226750154791
11097.56753314 0.3731658839641
11079.610304122 0.37406556595037
11061.653075104 0.37496654813275
11043.695846086 0.37586883113697
11025.738617068 0.37677241558848
11007.78138805 0.3776773021124
10989.824159032 0.37858349133356
10971.866930013 0.3794909838765
10953.909700995 0.38039978036545
10935.952471977 0.38130988142435
10917.995242959 0.38222128767683
10900.038013941 0.38313399974622
10882.080784923 0.38404801825558
10864.123555905 0.38496334382764
10846.166326887 0.38587997708486
10828.209097869 0.38679791864938
10810.251868851 0.38771716914306
10792.294639833 0.38863772918747
10774.337410815 0.38955959940386
10756.380181797 0.39048278041321
10738.422952779 0.3914072728362
10720.465723761 0.3923330772932
10702.508494743 0.39326019440431
10684.551265725 0.39418862478933
10666.594036707 0.39511836906777
10648.636807689 0.39604942785883
10630.679578671 0.39698180178143
10612.722349653 0.39791549145422
10594.765120635 0.39885049749552
10576.807891617 0.39978682052339
10558.850662599 0.40072446115558
10540.893433581 0.40166342000957
10522.936204563 0.40260369770254
10504.978975545 0.40354529485138
10487.021746527 0.4044882120727
10469.064517509 0.4054324499828
10451.107288491 0.40637800919773
10433.150059473 0.40732489033321
10415.192830455 0.40827309400471
10397.235601437 0.4092226208274
10379.278372419 0.41017347141615
10361.321143401 0.41112564638556
10343.363914383 0.41207914634996
10325.406685365 0.41303397192335
10307.449456347 0.4139901237195
10289.492227329 0.41494760235185
10271.534998311 0.41590640843358
10253.577769293 0.41686654257759
10235.620540275 0.41782800539648
10217.663311257 0.41879079750259
10199.706082239 0.41975491950796
10181.748853221 0.42072037202435
10163.791624203 0.42168715566324
10145.834395185 0.42265527103585
10127.877166167 0.42362471875308
10109.919937149 0.42459549942559
10091.962708131 0.42556761366373
10074.005479113 0.42654106207759
10056.048250095 0.42751584527697
10038.091021077 0.42849196387139
10020.133792059 0.42946941847012
10002.176563041 0.43044820968211
9984.2193340229 0.43142833811605
9966.2621050049 0.43240980438037
9948.3048759869 0.43339260908321
9930.3476469688 0.43437675283242
9912.3904179508 0.43536223623559
9894.4331889328 0.43634905990003
9876.4759599148 0.43733722443279
9858.5187308968 0.43832673044062
9840.5615018788 0.43931757853001
9822.6042728608 0.44030976930718
9804.6470438428 0.44130330337806
9786.6898148247 0.44229818134832
9768.7325858067 0.44329440382335
9750.7753567887 0.44429197140829
9732.8181277707 0.44529088470797
9714.8608987527 0.44629114432697
9696.9036697347 0.4472927508696
9678.9464407167 0.4482957049399
9660.9892116987 0.44930000714163
9643.0319826807 0.45030565807829
9625.0747536626 0.45131265835309
9607.1175246446 0.452321008569
9589.1602956266 0.4533307093287
9571.2030666086 0.45434176123461
9553.2458375906 0.45535416488887
9535.2886085726 0.45636792089337
9517.3313795546 0.45738302984971
9499.3741505366 0.45839949235925
9481.4169215186 0.45941730902307
9463.4596925005 0.46043648044196
9445.5024634825 0.46145700721649
9427.5452344645 0.46247888994692
9409.5880054465 0.46350212923327
9391.6307764285 0.46452672567529
9373.6735474105 0.46555267987247
9355.7163183925 0.46657999242402
9337.7590893745 0.46760866392889
9319.8018603565 0.46863869498578
9301.8446313384 0.46967008619312
9283.8874023204 0.47070283814906
9265.9301733024 0.47173695145151
9247.9729442844 0.47277242669811
9230.0157152664 0.47380926448623
9212.0584862484 0.474847465413
9194.1012572304 0.47588703007525
9176.1440282124 0.4769279590696
9158.1867991944 0.47797025299235
9140.2295701763 0.4790139124396
9122.2723411583 0.48005893800714
9104.3151121403 0.48110533029053
9086.3578831223 0.48215308988506
9068.4006541043 0.48320221738577
9050.4434250863 0.48425271338742
9032.4861960683 0.48530457848454
9014.5289670503 0.48635781327138
8996.5717380323 0.48741241834194
8978.6145090142 0.48846839428996
8960.6572799962 0.48952574170893
8942.7000509782 0.49058446119208
8924.7428219602 0.49164455333238
8906.7855929422 0.49270601872255
8888.8283639242 0.49376885795504
8870.8711349062 0.49483307162206
8852.9139058882 0.49589866031557
8834.9566768702 0.49696562462725
8816.9994478521 0.49803396514856
8799.0422188341 0.49910368247066
8781.0849898161 0.50017477718451
8763.1277607981 0.50124724988078
8745.1705317801 0.50232110114989
8727.2133027621 0.50339633158201
8709.2560737441 0.50447294176708
8691.2988447261 0.50555093229476
8673.3416157081 0.50663030375447
8655.38438669 0.50771105673537
8637.427157672 0.50879319182638
8619.469928654 0.50987670961616
8601.512699636 0.51096161069313
8583.555470618 0.51204789564545
8565.5982416 0.51313556506103
8547.641012582 0.51422461952754
8529.683783564 0.51531505963239
8511.7265545459 0.51640688596275
8493.7693255279 0.51750009910554
8475.8120965099 0.51859469964742
8457.8548674919 0.51969068817481
8439.8976384739 0.52078806527389
8421.9404094559 0.52188683153059
8403.9831804379 0.52298698753058
8386.0259514199 0.5240885338593
8368.0687224019 0.52519147110193
8350.1114933838 0.52629579984341
8332.1542643658 0.52740152066844
8314.1970353478 0.52850863416146
8296.2398063298 0.52961714090667
8278.2825773118 0.53072704148805
8260.3253482938 0.53183833648929
8242.3681192758 0.53295102649387
8224.4108902578 0.53406511208502
8206.4536612398 0.53518059384571
8188.4964322217 0.53629747235869
8170.5392032037 0.53741574820645
8152.5819741857 0.53853542197125
8134.6247451677 0.53965649423509
8116.6675161497 0.54077896557975
8098.7102871317 0.54190283658674
8080.7530581137 0.54302810783736
8062.7958290957 0.54415477991266
8044.8386000777 0.54528285339342
8026.8813710596 0.54641232886022
8008.9241420416 0.54754320689337
7990.9669130236 0.54867548807297
7973.0096840056 0.54980917297885
7955.0524549876 0.55094426219061
7937.0952259696 0.55208075628762
7919.1379969516 0.553218655849
7901.1807679336 0.55435796145365
7883.2235389156 0.5554986736802
7865.2663098975 0.55664079310707
7847.3090808795 0.55778432031243
7829.3518518615 0.55892925587422
7811.3946228435 0.56007560037014
7793.4373938255 0.56122335437764
7775.4801648075 0.56237251847395
7757.5229357895 0.56352309323606
7739.5657067715 0.56467507924073
7721.6084777535 0.56582847706447
7703.6512487354 0.56698328728356
7685.6940197174 0.56813951047404
7667.7367906994 0.56929714721174
7649.7795616814 0.57045619807223
7631.8223326634 0.57161666363085
7613.8651036454 0.57277854446272
7595.9078746274 0.5739418411427
7577.9506456094 0.57510655424545
7559.9934165914 0.57627268434536
7542.0361875733 0.57744023201662
7524.0789585553 0.57860919783318
7506.1217295373 0.57977958236874
7488.1645005193 0.58095138619678
7470.2072715013 0.58212460989056
7452.2500424833 0.58329925402308
7434.2928134653 0.58447531916715
7416.3355844473 0.58565280589531
7398.3783554292 0.58683171477988
7380.4211264112 0.58801204639297
7362.4638973932 0.58919380130644
7344.5066683752 0.59037698009192
7326.5494393572 0.59156158332081
7308.5922103392 0.59274761156431
7290.6349813212 0.59393506539334
7272.6777523032 0.59512394537864
7254.7205232852 0.59631425209069
7236.7632942671 0.59750598609975
7218.8060652491 0.59869914797587
7200.8488362311 0.59989373828884
7182.8916072131 0.60108975760825
7164.9343781951 0.60228720650346
7146.9771491771 0.60348608554358
7129.0199201591 0.60468639529753
7111.0626911411 0.60588813633397
7093.1054621231 0.60709130922135
7075.148233105 0.60829591452789
7057.191004087 0.6095019528216
7039.233775069 0.61070942467025
7021.276546051 0.61191833064138
7003.319317033 0.61312867130231
6985.362088015 0.61434044722015
6967.404858997 0.61555365896177
6949.447629979 0.61676830709382
6931.490400961 0.61798439218274
6913.5331719429 0.61920191479471
6895.5759429249 0.62042087549573
6877.6187139069 0.62164127485156
6859.6614848889 0.62286311342773
6841.7042558709 0.62408639178955
6823.7470268529 0.62531111050212
6805.7897978349 0.62653727013032
6787.8325688169 0.62776487123878
6769.8753397989 0.62899391439194
6751.9181107808 0.630224400154
6733.9608817628 0.63145632908896
6716.0036527448 0.63268970176057
6698.0464237268 0.6339245187324
6680.0891947088 0.63516078056775
6662.1319656908 0.63639848782975
6644.1747366728 0.63763764108128
6626.2175076548 0.638878240885
6608.2602786368 0.64012028780337
6590.3030496187 0.64136378239862
6572.3458206007 0.64260872523277
6554.3885915827 0.6438551168676
6536.4313625647 0.6451029578647
6518.4741335467 0.64635224878543
6500.5169045287 0.64760299019093
6482.5596755107 0.64885518264212
6464.6024464927 0.65010882669972
6446.6452174747 0.65136392292422
6428.6879884566 0.65262047187589
6410.7307594386 0.65387847411479
6392.7735304206 0.65513793020078
6374.8163014026 0.65639884069347
6356.8590723846 0.65766120615229
6338.9018433666 0.65892502713643
6320.9446143486 0.66019030420487
6302.9873853306 0.66145703791639
6285.0301563126 0.66272522882954
6267.0729272945 0.66399487750267
6249.1156982765 0.66526598449389
6231.1584692585 0.66653855036113
6213.2012402405 0.66781257566208
6195.2440112225 0.66908806095424
6177.2867822045 0.67036500679487
6159.3295531865 0.67164341374105
6141.3723241685 0.67292328234961
6123.4150951504 0.67420461317721
6105.4578661324 0.67548740678026
6087.5006371144 0.67677166371498
6069.5434080964 0.67805738453737
6051.5861790784 0.67934456980323
6033.6289500604 0.68063322006813
6015.6717210424 0.68192333588745
5997.7144920244 0.68321491781635
5979.7572630064 0.68450796640978
5961.8000339883 0.68580248222248
5943.8428049703 0.68709846580898
5925.8855759523 0.68839591772359
5907.9283469343 0.68969483852044
5889.9711179163 0.69099522875343
5872.0138888983 0.69229708897625
5854.0566598803 0.69360041974238
5836.0994308623 0.69490522160511
5818.1422018443 0.6962114951175
5800.1849728262 0.69751924083241
5782.2277438082 0.69882845930251
5764.2705147902 0.70013915108023
5746.3132857722 0.70145131671783
5728.3560567542 0.70276495676732
5710.3988277362 0.70408007178054
5692.4415987182 0.7053966623091
5674.4843697002 0.70671472890443
5656.5271406822 0.70803427211773
5638.5699116641 0.7093552925
5620.6126826461 0.71067779060203
5602.6554536281 0.71200176697443
5584.6982246101 0.71332722216758
5566.7409955921 0.71465415673165
5548.7837665741 0.71598257121663
5530.8265375561 0.71731246617229
5512.8693085381 0.7186438421482
5494.9120795201 0.71997669969373
5476.954850502 0.72131103935803
5458.997621484 0.72264686169006
5441.040392466 0.72398416723858
5423.083163448 0.72532295655215
5405.12593443 0.7266632301791
5387.168705412 0.7280049886676
5369.211476394 0.72934823256557
5351.254247376 0.73069296242077
5333.297018358 0.73203917878073
5315.3397893399 0.7333868821928
5297.3825603219 0.73473607320411
5279.4253313039 0.73608675236159
5261.4681022859 0.73743892021199
5243.5108732679 0.73879257730184
5225.5536442499 0.74014772417747
5207.5964152319 0.74150436138502
5189.6391862139 0.74286248947042
5171.6819571959 0.74422210897941
5153.7247281778 0.74558322045751
5135.7674991598 0.74694582445007
5117.8102701418 0.74830992150222
5099.8530411238 0.7496755121589
5081.8958121058 0.75104259696485
5063.9385830878 0.7524111764646
5045.9813540698 0.7537812512025
5028.0241250518 0.75515282172269
5010.0668960337 0.75652588856911
4992.1096670157 0.75790045228552
4974.1524379977 0.75927651341546
4956.1952089797 0.76065407250229
4938.2379799617 0.76203313008917
4920.2807509437 0.76341368671904
4902.3235219257 0.76479574293469
4884.3662929077 0.76617929927866
4866.4090638897 0.76756435629334
4848.4518348716 0.76895091452089
4830.4946058536 0.77033897450329
4812.5373768356 0.77172853678234
4794.5801478176 0.77311960189961
4776.6229187996 0.77451217039649
4758.6656897816 0.77590624281419
4740.7084607636 0.77730181969371
4722.7512317456 0.77869890157586
4704.7940027276 0.78009748900125
4686.8367737095 0.7814975825103
4668.8795446915 0.78289918264323
4650.9223156735 0.78430228994009
4632.9650866555 0.7857069049407
4615.0078576375 0.78711302818472
4597.0506286195 0.7885206602116
4579.0933996015 0.78992980156059
4561.1361705835 0.79134045277077
4543.1789415655 0.79275261438102
4525.2217125474 0.79416628693
4507.2644835294 0.79558147095622
4489.3072545114 0.79699816699798
4471.3500254934 0.79841637559337
4453.3927964754 0.79983609728033
4435.4355674574 0.80125733259657
4417.4783384394 0.80268008207962
4399.5211094214 0.80410434626684
4381.5638804034 0.80553012569537
4363.6066513853 0.80695742090218
4345.6494223673 0.80838623242403
4327.6921933493 0.80981656079752
4309.7349643313 0.81124840655903
4291.7777353133 0.81268177024476
4273.8205062953 0.81411665239074
4255.8632772773 0.81555305353278
4237.9060482593 0.81699097420652
4219.9488192413 0.81843041494741
4201.9915902232 0.81987137629071
4184.0343612052 0.82131385877148
4166.0771321872 0.8227578629246
4148.1199031692 0.82420338928478
4130.1626741512 0.82565043838652
4112.2054451332 0.82709901076414
4094.2482161152 0.82854910695176
4076.2909870972 0.83000072748333
4058.3337580792 0.83145387289262
4040.3765290612 0.83290854371318
4022.4193000431 0.8343647404784
4004.4620710251 0.83582246372149
3986.5048420071 0.83728171397545
3968.5476129891 0.8387424917731
3950.5903839711 0.84020479764709
3932.6331549531 0.84166863212987
3914.6759259351 0.84313399575371
3896.7186969171 0.8446008890507
3878.7614678991 0.84606931255272
3860.8042388811 0.8475392667915
3842.8470098631 0.84901075229855
3824.8897808451 0.85048376960524
3806.9325518271 0.85195831924271
3788.9753228091 0.85343440174195
3771.0180937911 0.85491201763374
3753.060864773 0.85639116744869
3735.103635755 0.85787185171724
3717.146406737 0.85935407096961
3699.189177719 0.86083782573587
3681.231948701 0.8623231165459
3663.274719683 0.86380994392938
3645.317490665 0.86529830841584
3627.360261647 0.86678821053459
3609.403032629 0.86827965081478
3591.445803611 0.86977262978538
3573.488574593 0.87126714797516
3555.531345575 0.87276320591274
3537.574116557 0.87426080412652
3519.616887539 0.87575994314475
3501.659658521 0.87726062349549
3483.7024295029 0.8787628457066
3465.7452004849 0.88026661030579
3447.7879714669 0.88177191782057
3429.8307424489 0.88327876877827
3411.8735134309 0.88478716370605
3393.9162844129 0.88629710313088
3375.9590553949 0.88780858757957
3358.0018263769 0.88932161757871
3340.0445973589 0.89083619365476
3322.0873683409 0.89235231633396
3304.1301393229 0.8938699861424
3286.1729103049 0.89538920360597
3268.2156812869 0.89690996925039
3250.2584522689 0.89843228360121
3232.3012232509 0.89995614718379
3214.3439942328 0.90148156052331
3196.3867652148 0.90300852414478
3178.4295361968 0.90453703857304
3160.4723071788 0.90606710433273
3142.5150781608 0.90759872194833
3124.5578491428 0.90913189194413
3106.6006201248 0.91066661484426
3088.6433911068 0.91220289117267
3070.6861620888 0.91374072145311
3052.7289330708 0.91528010620918
3034.7717040528 0.91682104596429
3016.8144750348 0.91836354124169
2998.8572460168 0.91990759256442
2980.9000169988 0.92145320045539
2962.9427879808 0.9230003654373
2944.9855589627 0.92454908803269
2927.0283299447 0.92609936876392
2909.0711009267 0.92765120815316
2891.1138719087 0.92920460672244
2873.1566428907 0.93075956499359
2855.1994138727 0.93231608348827
2837.2421848547 0.93387416272797
2819.2849558367 0.93543380323399
2801.3277268187 0.93699500552748
2783.3704978007 0.93855777012941
2765.4132687827 0.94012209756056
2747.4560397647 0.94168798834154
2729.4988107467 0.94325544299282
2711.5415817287 0.94482446203465
2693.5843527107 0.94639504598714
2675.6271236926 0.9479671953702
2657.6698946746 0.9495409107036
2639.7126656566 0.95111619250691
2621.7554366386 0.95269304129954
2603.7982076206 0.95427145760073
2585.8409786026 0.95585144192954
2567.8837495846 0.95743299480487
2549.9265205666 0.95901611674542
2531.9692915486 0.96060080826976
2514.0120625306 0.96218706989626
2496.0548335126 0.96377490214313
2478.0976044946 0.9653643055284
2460.1403754766 0.96695528056994
2442.1831464586 0.96854782778545
2424.2259174405 0.97014194769244
2406.2686884225 0.97173764080827
2388.3114594045 0.97333490765013
2370.3542303865 0.97493374873502
2352.3970013685 0.9765341645798
2334.4397723505 0.97813615570114
2316.4825433325 0.97973972261554
2298.5253143145 0.98134486583934
2280.5680852965 0.9829515858887
2262.6108562785 0.98455988327963
2244.6536272605 0.98616975852795
2226.6963982425 0.98778121214933
2208.7391692245 0.98939424465925
2190.7819402065 0.99100885657304
2172.8247111885 0.99262504840585
2154.8674821704 0.99424282067268
2136.9102531524 0.99586217388834
2118.9530241344 0.99748310856749
2100.9957951164 0.99910562522461
2083.0385660984 1.000729724374
2065.0813370804 1.0023554065299
2047.1241080624 1.0039826722062
2029.1668790444 1.0056115219167
2011.2096500264 1.0072419561751
1993.2524210084 1.0088739754949
1975.2951919904 1.0105075803893
1957.3379629724 1.0121427713717
1939.3807339544 1.0137795489548
1921.4235049363 1.0154179136516
1903.4662759183 1.0170578659747
1885.5090469003 1.0186994064366
1867.5518178823 1.0203425355497
1849.5945888643 1.021987253826
1831.6373598463 1.0236335617775
1813.6801308283 1.0252814599162
1795.7229018103 1.0269309487536
1777.7656727923 1.0285820288013
1759.8084437743 1.0302347005706
1741.8512147563 1.0318889645726
1723.8939857382 1.0335448213184
1705.9367567202 1.0352022713189
1687.9795277022 1.0368613150846
1670.0222986842 1.0385219531261
1652.0650696662 1.0401841859538
1634.1078406482 1.0418480140779
1616.1506116302 1.0435134380083
1598.1933826122 1.0451804582549
1580.2361535942 1.0468490753275
1562.2789245762 1.0485192897356
1544.3216955582 1.0501911019885
1526.3644665401 1.0518645125955
1508.4072375221 1.0535395220656
1490.4500085041 1.0552161309077
1472.4927794861 1.0568943396305
1454.5355504681 1.0585741487426
1436.5783214501 1.0602555587524
1418.6210924321 1.0619385701681
1400.6638634141 1.0636231834979
1382.7066343961 1.0653093992495
1364.7494053781 1.0669972179309
1346.7921763601 1.0686866400496
1328.834947342 1.070377666113
1310.877718324 1.0720702966284
1292.920489306 1.0737645321029
1274.963260288 1.0754603730435
1257.00603127 1.0771578199569
1239.048802252 1.0788568733499
1221.091573234 1.0805575337288
1203.134344216 1.0822598016001
1185.177115198 1.0839636774698
1167.21988618 1.0856691618439
1149.262657162 1.0873762552284
1131.3054281439 1.0890849581288
1113.3481991259 1.0907952710507
1095.3909701079 1.0925071944995
1077.4337410899 1.0942207289803
1059.4765120719 1.0959358749983
1041.5192830539 1.0976526330582
1023.5620540359 1.0993710036649
1005.6048250179 1.1010909873228
987.64759599988 1.1028125845365
969.69036698187 1.1045357958101
951.73313796386 1.1062606216478
933.77590894585 1.1079870625535
915.81867992784 1.1097151190309
897.86145090983 1.1114447915838
879.90422189182 1.1131760807156
861.94699287381 1.1149089869296
843.9897638558 1.1166435107289
826.0325348378 1.1183796526165
808.07530581979 1.1201174130954
790.11807680178 1.1218567926681
772.16084778377 1.1235977918373
754.20361876576 1.1253404111052
736.24638974775 1.1270846509742
718.28916072974 1.1288305119462
700.33193171173 1.1305779945232
682.37470269372 1.132327099207
664.41747367571 1.134077826499
646.46024465771 1.1358301769009
628.5030156397 1.1375841509138
610.54578662169 1.1393397490389
592.58855760368 1.1410969717772
574.63132858567 1.1428558196296
556.67409956766 1.1446162930965
538.71687054965 1.1463783926787
520.75964153164 1.1481421188764
502.80241251363 1.1499074721899
484.84518349562 1.1516744531192
466.88795447762 1.1534430621643
448.93072545961 1.1552132998248
430.9734964416 1.1569851666003
413.01626742359 1.1587586629904
395.05903840558 1.1605337894942
377.10180938757 1.162310546611
359.14458036956 1.1640889348396
341.18735135155 1.165868954679
323.23012233354 1.1676506066278
305.27289331553 1.1694338911846
287.31566429753 1.1712188088477
269.35843527952 1.1730053601153
251.40120626151 1.1747935454855
233.4439772435 1.1765833654562
215.48674822549 1.1783748205252
197.52951920748 1.1801679111901
179.57229018947 1.1819626379484
161.61506117146 1.1837590012974
143.65783215346 1.1855570017341
125.70060313545 1.1873566397558
107.74337411744 1.1891579158591
89.786145099429 1.1909608305408
71.82891608142 1.1927653842976
53.871687063411 1.1945715776256
35.914458045402 1.1963794110214
17.957229027394 1.1981888849808
9.3847583038098e-009 1.2
