0 2600000 0 0 0 0
0.375 2596250 0 2.37894230769231 7346565.14213318 99886969.0881822
0.75 2592500 0.892103365384615 4.76661540860234 52139958.7877739 199994227.191222
1.125 2588750 2.67958414361049 7.16300646941829 134462396.525132 300318373.666521
1.5 2585000 5.36571156964235 9.56810220879033 254394814.329957 400855950.062571
1.875 2581250 8.95374989793872 11.9818889151094 412016847.010195 501603442.484239
2.25 2577500 13.4469582411048 14.4043524649309 607406807.542243 602557284.053328
2.625 2573750 18.8485904154538 16.8354783420355 840641667.334453 703713857.462768
3 2570000 25.1618947937172 19.2752516571186 1111797037.45291 805069497.622664
3.375 2566250 32.3901141651366 21.7236571680997 1420947150.84382 906620494.396249
3.75 2562500 40.536485603174 24.1806793010407 1768164845.58613 1008363095.4236
4.125 2558750 49.6042403410643 26.6463021716625 2153521549.20717 1110293509.03082
4.5 2555000 59.5966036554377 29.1205096074492 2577087264.09326 1212407907.22229
4.875 2551250 70.5167947582312 31.6032851703253 3038930554.02628 1314702428.75323
5.25 2547500 82.3680266971032 34.0946121798939 3539118531.87617 1417173182.27998
5.625 2543750 95.1535062645634 36.5944737372225 4077716848.47846 1519816249.58484
6 2540000 108.876433916022 39.1028527491587 4654789682.72452 1622627688.8726
6.375 2536250 123.540003696956 41.6197319531629 5270399732.89129 1725603538.13528
6.75 2532500 139.147403179392 44.1450939426401 5924608209.236 1828739818.58197
7.125 2528750 155.701813407882 46.6789211927535 6617474827.87993 1932032538.12988
7.5 2525000 173.206408855165 49.2211960867024 7349057806.00423 2035477694.95334
7.875 2521250 191.664357387678 51.7719009424453 8119413858.37914 2139071281.08654
8.25 2517500 211.078820241095 54.3310180398492 8928598195.24669 2242809286.07644
8.625 2513750 231.452952006039 56.8985296482448 9776664521.57546 2346687700.68157
9 2510000 252.789900624131 59.4744180543664 10663665037.7045 2450702520.61263
9.375 2506250 275.092807394518 62.0586655906562 11589650441.3916 2554849750.3107
9.75 2502500 298.364806991014 64.6512546639105 12554669931.2804 2659125406.75859
10.125 2498750 322.609027489981 67.2521677842445 13558771211.7976 2763525523.32089
10.5 2495000 347.828590409072 69.8613875943541 14602000499.4921 2868046153.60831
10.875 2491250 374.026610756955 72.4788968990502 15684402530.8237 2972683375.36153
11.25 2487500 401.206197094099 75.1046786950414 16806020571.4091 3077433294.34993
11.625 2483750 429.370451604739 77.7387162009408 17966896426.7307 3182292048.28055
12 2480000 458.522470180092 80.3809928874719 19167070454.3114 3287255810.71234
12.375 2476250 488.665342512894 83.0314925078479 20406581577.3576 3392320794.97099
12.75 2472500 519.802152203337 85.6901991282995 21685467299.8693 3497483258.05941
13.125 2468750 551.935976876449 88.3570971587236 23003763723.2177 3602739504.55893
13.5 2465000 585.069888310971 91.0321713834286 24361505564.1837 3708085890.51644
13.875 2461250 619.206952579756 93.7154069919475 25758726174.4542 3813518827.31242
14.25 2457500 654.350230201737 96.4067896098938 27195457561.5673 3919034785.50497
14.625 2453750 690.502776305447 99.106305329832 28671730411.2985 4024630298.64503
15 2450000 727.667640804134 101.813940742136 30187574111.4748 4130301967.05779
15.375 2446250 765.847868582435 104.529682965807 31743016777.2067 4236046461.58554
15.75 2442500 805.046499694612 107.253519679228 33338085277.5204 4341860527.28703
16.125 2438750 845.266569574323 109.985439150819 34972805263.3759 4447740987.08871
16.5 2435000 886.51110925588 112.725430269574 36647201197.0517 4553684745.38302
16.875 2431250 928.78314560697 115.473482575448 38361296382.8761 4659688791.56915
17.25 2427500 972.085701572763 118.229586289567 40115112999.2839 4765750203.53168
17.625 2423750 1016.42179643135 120.993732344239 41908672132.1737 4871866151.05264
18 2420000 1061.79444606044 123.765912412724 43741993809.5425 4978033899.15254
18.375 2416250 1108.20666321521 126.54611893876 45615097037.369 5084250811.35604
18.75 2412500 1155.66145781725 129.334345165793 47527999836.7181 5190514352.87824
19.125 2408750 1204.16183725442 132.130585165907 49480719282.0366 5296822093.72723
19.5 2405000 1253.71080669163 134.934833868409 51473271540.6081 5403171711.7192
19.875 2401250 1304.31136939229 137.74708708806 53505671913.1346 5509560995.40207
20.25 2397500 1355.96652705031 140.567341552907 55577934875.4096 5615987846.88407
20.625 2393750 1408.67928013265 143.39559493172 57690074121.048 5722450284.56362
21 2390000 1462.45262823205 146.231845860972 59842102605.2348 5828946445.75713
21.375 2386250 1517.28957042991 149.076093971377 62034032589.4538 5935474589.2214
21.75 2382500 1573.19310566918 151.928339913929 64265875687.1582 6042033097.56758
22.125 2378750 1630.1662331369 154.788585385439 66537642910.3406 6148620479.56365
22.5 2375000 1688.21195265644 157.656833153548 68849344716.9609 6255235372.32265
22.875 2371250 1747.33326508902 160.533087081174 71200991059.1904 6361876543.37407
23.25 2367500 1807.53317274446 163.417352150402 73592591432.4259 6468542892.61584
23.625 2363750 1868.81467980086 166.309634485764 76024154925.0315 6575233454.14481
24 2360000 1931.18079273302 169.209941376921 78495690268.7594 6681947397.96336
24.375 2356250 1994.63452074937 172.118281300696 81007205889.8065 6788684031.56048
24.75 2352500 2059.17887623713 175.034663942471 83558709960.4572 6895442801.36534
25.125 2348750 2124.81687521556 177.959100216898 86150210451.2649 7002223294.07191
25.5 2345000 2191.55153779689 180.891602287937 88781715183.725 7109025237.83325
25.875 2341250 2259.38588865487 183.832183588181 91453231883.3888 7215848503.32405
26.25 2337500 2328.32295750044 186.780858837468 94164768233.3705 7322693104.67079
26.625 2333750 2398.36577956449 189.737644060754 96916331928.1959 7429559200.24821
27 2330000 2469.51739608727 192.702556605241 99707930727.9442 7536447093.34181
27.375 2326250 2541.78085481423 195.675615156744 102539572512.631 7643357232.67566
27.75 2322500 2615.15921049801 198.656839755279 105411265336.784 7750290212.8053
28.125 2318750 2689.65552540624 201.646251809875 108323017484.159 7857246774.37558
28.5 2315000 2765.27286983495 204.64387411258 111274837522.547 7964227804.2435
28.875 2311250 2842.01432262716 207.649730851665 114266734358.617 8071234335.46623
29.25 2307500 2919.88297169654 210.663847624013 117298717292.757 8178267547.1547
29.625 2303750 2998.88191455554 213.686251446686 120370796073.842 8285328764.19331
30 2300000 3079.01425884805 216.716970767651 123482980953.901 8392419456.82644
30.375 2296250 3160.28312288592 219.756035475683 126635282742.615 8499541240.11272
30.75 2292500 3242.6916361893 222.803476909415 129827712861.608 8606695873.24787
31.125 2288750 3326.24294003033 225.859327865537 133060283398.479 8713885258.75748
31.5 2285000 3410.94018797991 228.923622606153 136333007160.519 8821111441.56099
31.875 2281250 3496.78654645721 231.99639686527 139645897728.078 8928376607.90818
32.25 2277500 3583.78519528169 235.077687854441 142998969507.522 9035683084.18998
32.625 2273750 3671.93932822711 238.167534267537 146392237783.743 9143033335.62507
33 2270000 3761.25215357743 241.265976284664 149825718772.162 9250429964.82431
33.375 2266250 3851.72689468418 244.373055575221 153299429670.198 9357875710.23486
33.75 2262500 3943.36679052489 247.488815300092 156813388708.139 9465373444.46605
34.125 2258750 4036.17509626242 250.613300112985 160367615199.386 9572926172.49921
34.5 2255000 4130.15508380479 253.746556160916 163962129590.016 9680537029.7837
34.875 2251250 4225.31004236514 256.888631083831 167596953507.627 9788209280.22167
35.25 2247500 4321.64327902157 260.039574013392 171272109809.419 9895946314.0437
35.625 2243750 4419.1581192766 263.199435570907 174987622629.479 10003751645.5782
36 2240000 4517.85790761569 266.368267864429 178743517425.218 10111628910.9173
36.375 2236250 4617.74600806485 269.546124485014 182539821022.929 10219581865.4809
36.75 2232500 4718.82580474673 272.733060502161 186376561662.432 10327614381.4838
37.125 2228750 4821.10070243504 275.929132458425 190253769040.753 10435730445.306
37.5 2225000 4924.57412710695 279.134398363221 194171474354.822 10543934154.7718
37.875 2221250 5029.24952649315 282.348917685829 198129710343.144 10652229716.3381
38.25 2217500 5135.13037062534 285.572751347597 202128511326.405 10760621442.1974
38.625 2213750 5242.22015238069 288.805961713367 206167913246.994 10869113747.2963
39 2210000 5350.5223880232 292.048612582126 210247953707.397 10977711146.274
39.375 2206250 5460.0406177415 295.300769176889 214368672007.445 11086418250.3236
39.75 2202500 5570.77840618283 298.562498133838 218530109180.374 11195239763.979
40.125 2198750 5682.73934298302 301.833867490714 222732308027.681 11304180481.8309
40.5 2195000 5795.92704329204 305.114946674488 226975313152.738 11413245285.1747
40.875 2191250 5910.34514829497 308.405806488313 231259170993.157 11522439138.5945
41.25 2187500 6025.99732572809 311.706519097777 235583929851.854 11631767086.4846
41.625 2183750 6142.88727038976 315.017158016465 239949639926.82 11741234249.5138
42 2180000 6261.01870464593 318.337798090857 244356353339.552 11850845821.0341
42.375 2176250 6380.39537893 321.668515484553 248804124162.142 11960607063.4374
42.75 2172500 6501.02107223671 325.00938766187 253293008442.988 12070523304.4648
43.125 2168750 6622.89959260991 328.360493370792 257823064231.124 12180599933.4687
43.5 2165000 6746.03477762396 331.721912625329 262394351599.144 12290842397.6345
43.875 2161250 6870.43049485846 335.093726687256 267006932664.703 12401256198.1621
44.25 2157500 6996.09064236618 338.47601804729 271660871610.588 12511846886.4117
44.625 2153750 7123.01914913391 341.868870405688 276356234703.338 12622620060.0177
45 2150000 7251.21997553605 345.272368652309 281093090310.403 12733581358.9718
45.375 2146250 7380.69711378066 348.68659884614 285871508915.834 12844736461.6805
45.75 2142500 7511.45458834796 352.111648194303 290691563134.492 12956091080.9988
46.125 2138750 7643.49645642083 355.547605030578 295553327724.765 13067650960.2436
46.5 2135000 7776.82680830729 358.994558793439 300456879599.79 13179421869.1897
46.875 2131250 7911.44976785483 362.452600003632 305402297837.17 13291409600.0516
47.25 2127500 8047.3694928562 365.921820241308 310389663687.184 13403619963.4535
47.625 2123750 8184.59017544669 369.40231212274 315419060579.481 13516058784.3913
48 2120000 8323.11604249271 372.894169276622 320490574128.262 13628731898.1889
48.375 2116250 8462.95135597145 376.397486319989 325604292135.936 13741645146.4513
48.75 2112500 8604.10041334144 379.912358833767 330760304595.269 13854804373.0187
49.125 2108750 8746.56754790411 383.43888333797 335958703690.001 13968215419.9229
49.5 2105000 8890.35712915585 386.977157266563 341199583793.956 14081884123.3494
49.875 2101250 9035.47356313081 390.527278942023 346483041468.628 14195816309.6081
50.25 2097500 9181.92129273406 394.089347549594 351809175459.263 14310017791.1156
50.625 2093750 9329.70479806516 397.663463111272 357178086689.424 14424494362.3901
51 2090000 9478.82859673189 401.249726459537 362589878254.061 14539251796.0637
51.375 2086250 9629.29724415422 404.848239210842 368044655411.08 14654295838.914
51.75 2082500 9781.11533385828 408.45910373889 373542525571.423 14769632207.9158
52.125 2078750 9934.28749776037 412.082423147709 379083598287.671 14885266586.3189
52.5 2075000 10088.8184064408 415.718301244545 384667985241.169 15001204619.7507
52.875 2071250 10244.7127694075 419.366842512604 390295800227.692 15117451912.3494
53.25 2067500 10401.9753353497 423.02815208364 395967159141.662 15234014022.928
53.625 2063750 10560.6108923811 426.702335710431 401682179958.923 15350896461.1719
54 2060000 10720.6242682725 430.389499739143 407440982718.092 15468104683.8742
54.375 2056250 10882.0203306746 434.08975108162 413243689500.493 15585644091.2079
54.75 2052500 11044.8039873302 437.803197187596 419090424408.702 15703520023.0409
55.125 2048750 11208.9801862756 441.529946016875 424981313543.698 15821737755.2931
55.5 2045000 11374.5539160319 445.270106011468 430916484980.661 15940302496.3393
55.875 2041250 11541.5302057862 449.023786067738 436896068743.407 16059219383.4604
56.25 2037500 11709.9141255616 452.791095508539 442920196777.505 16178493479.3445
56.625 2033750 11879.7107863773 456.572144055397 448989002922.074 16298129768.6396
57 2030000 12050.9253403981 460.367041800728 455102622880.288 16418133154.5615
57.375 2026250 12223.5629810734 464.175899180132 461261194188.616 16538508455.5579
57.75 2022500 12397.6289432659 467.998826944765 467464856184.8 16659260402.031
58.125 2018750 12573.1285033702 471.835936133814 473713749974.615 16780393633.1211
58.5 2015000 12750.0669794204 475.687338047095 480008018397.419 16901912693.5527
58.875 2011250 12928.4497311881 479.553144217795 486347805990.517 17023822030.5454
59.25 2007500 13108.2821602697 483.433466385357 492733258952.376 17146125990.7923
59.625 2003750 13289.5697101642 487.328416468562 499164525104.7 17268828817.5058
60 2000000 13472.3178663399 491.238106538783 505641753853.399 17391934647.5359
60.375 1996250 13656.532156292 495.162648793464 512165096148.484 17515447508.5593
60.75 1992500 13842.2181495895 499.102155529823 518734704442.901 17639371316.3449
61.125 1988750 14029.3814579132 503.056739118797 525350732650.349 17763709872.0942
61.5 1985000 14218.0277350828 507.026511979261 532013336102.089 17888466859.8609
61.875 1981250 14408.162677075 511.011586552517 538722671502.803 18013645844.0504
62.25 1977500 14599.7920220322 515.012075277084 545478896885.503 18139250267.0008
62.625 1973750 14792.9215502611 519.028090563804 552282171565.544 18265283446.6479
63 1970000 14987.5570842225 523.059744771278 559132656093.751 18391748574.2754
63.375 1966250 15183.7044885117 527.10715018165 566030512208.718 18518648712.3522
63.75 1962500 15381.3696698299 531.170418976752 572975902788.288 18645986792.4578
64.125 1958750 15580.5585769461 535.249663214633 579968991800.258 18773765613.2987
64.5 1955000 15781.2772006516 539.34499480648 587009944252.346 18901987838.8161
64.875 1951250 15983.5315737041 543.456525493955 594098926141.446 19030655996.3869
65.25 1947500 16187.3277707643 547.584366826954 601236104402.21 19159772475.1197
65.625 1943750 16392.6719083244 551.728630141812 608421646855 19289339524.2466
66 1940000 16599.5701446276 555.889426539964 615655722153.227 19419359251.6132
66.375 1936250 16808.0286795801 560.066866867076 622938499730.14 19549833622.2668
66.75 1932500 17018.0537546552 564.261061692669 630270149745.074 19680764457.145
67.125 1928750 17229.65165279 568.472121290235 637650843029.22 19812153431.866
67.5 1925000 17442.8286982738 572.700155617875 645080751030.938 19944002075.6207
67.875 1921250 17657.5912566305 576.945274299463 652560045760.656 20076311770.1693
68.25 1917500 17873.9457344928 581.207586606352 660088899735.399 20209083748.9414
68.625 1913750 18091.8985794702 585.487201439634 667667485922.983 20342319096.243
69 1910000 18311.4562800101 589.78422731297 675295977685.912 20476018746.5689
69.375 1906250 18532.6253652524 594.098772336001 682974548725.019 20610183484.0225
69.75 1902500 18755.4124048784 598.430944198349 690703373022.897 20744813941.8445
70.125 1898750 18979.8240089528 602.780850154222 698482624787.155 20879910602.049
70.5 1895000 19205.8668277606 607.14859700764 706312478393.536 21015473795.1702
70.875 1891250 19433.5475516385 611.534291098282 714193108328.948 21151503700.117
71.25 1887500 19662.8729108004 615.938038287975 722124689134.445 21288000344.1401
71.625 1883750 19893.8496751583 620.359943947825 730107395348.19 21424963602.9072
72 1880000 20126.4846541388 624.800112946016 738141401448.464 21562393200.6907
72.375 1876250 20360.7846964935 629.258649636265 746226881796.734 21700288710.6646
72.75 1872500 20596.7566901071 633.735657846959 754364010580.848 21838649555.3138
73.125 1868750 20834.4075617997 638.231240870979 762552961758.375 21977475006.9525
73.5 1865000 21073.7442771264 642.745501456216 770793909000.16 22116764188.3544
73.875 1861250 21314.7738401724 647.278541796779 779087025634.1 22256516073.4922
74.25 1857500 21557.5032933462 651.830463524927 787432484589.211 22396729488.3874
74.625 1853750 21801.9397171681 656.401367703705 795830458340.025 22537403112.0691
75 1850000 22048.090230057 660.991354820302 804281118851.329 22678535477.6418
75.375 1846250 22295.9619881146 665.600524780139 812784637523.334 22820124973.4606
75.75 1842500 22545.5621849071 670.228976901687 821341185137.268 22962169844.4138
76.125 1838750 22796.8980512453 674.876809912025 829950931801.465 23104668193.3111
76.5 1835000 23049.9768549623 679.544121943134 838614046897.975 23247617982.3773
76.875 1831250 23304.805900691 684.231010528942 847330699029.74 23391017034.8488
77.25 1827500 23561.3925296393 688.937572603107 856101055968.373 23534863036.6736
77.625 1823750 23819.7441193655 693.663904497563 864925284602.574 23679153538.3109
78 1820000 24079.8680835521 698.41010194181 873803550887.231 23823885956.6305
78.375 1816250 24341.7718717802 703.176260062956 882736019793.237 23969057576.9096
78.75 1812500 24605.4629693039 707.96247338652 891722855258.053 24114665554.9253
79.125 1808750 24870.9488968238 712.768835837987 900764220137.071 24260706919.1404
79.5 1805000 25138.237210263 717.595440745113 909860276155.789 24407178572.9809
79.875 1801250 25407.3355005425 722.442380840991 919011183862.856 24554077297.2025
80.25 1797500 25678.2513933578 727.309748267862 928217102583.998 24701399752.3446
80.625 1793750 25950.9925489583 732.197634581676 937478190376.877 24849142481.2675
81 1790000 26225.5666619264 737.106130757406 946794603986.9 24997301911.773
81.375 1786250 26501.9814609604 742.035327195097 956166498804.017 25145874359.3022
81.75 1782500 26780.2447086586 746.985313726656 965594028820.535 25294856029.7109
82.125 1778750 27060.3642013061 751.956179623383 975077346589.978 25444243022.1176
82.5 1775000 27342.3477686649 756.94801360422 984616603187.014 25594031331.8217
82.875 1771250 27626.2032737664 761.960903844733 994211948168.487 25744216853.2887
83.25 1767500 27911.9386127082 766.994937986806 1003863529535.57 25894795383.1988
83.625 1763750 28199.5617144533 772.050203149043 1013571493697.06 26045762623.5562
84 1760000 28489.0805406342 777.126785937874 1023335985433.85 26197114184.8547
84.375 1756250 28780.5030853609 782.224772459356 1033157147864.59 26348845589.2964
84.75 1752500 29073.8373750331 787.344248331658 1043035122412.56 26500952274.0607
85.125 1748750 29369.0914681575 792.485298698213 1052970048773.75 26653429594.6176
85.5 1745000 29666.2734551693 797.648008241548 1062962064886.26 26806272828.0838
85.875 1741250 29965.3914582599 802.832461197759 1073011306900.83 26959477176.6165
86.25 1737500 30266.4536312091 808.038741371629 1083117909152.79 27113037770.841
86.625 1733750 30569.4681592234 813.266932152385 1093282004135.19 27266949673.3079
87 1730000 30874.4432587806 818.51711653006 1103503722473.31 27421207881.9763
87.375 1726250 31181.3871774793 823.789377112476 1113783192900.41 27575807333.7185
87.75 1722500 31490.3081938965 829.083796142809 1124120542234.84 27730742907.8415
88.125 1718750 31801.2146174501 834.400455517736 1134515895358.46 27886009429.6222
88.5 1715000 32114.1147882692 839.739436806146 1144969375196.39 28041601673.8507
88.875 1711250 32429.0170770715 845.100821268401 1155481102698.1 28197514368.3783
89.25 1707500 32745.9298850472 850.484689876132 1166051196819.8 28353742197.6651
89.625 1703750 33064.8616437507 855.891123332548 1176679774508.21 28510279806.324
90 1700000 33385.8208150004 861.320202093254 1187366950685.63 28667121802.6552
90.375 1696250 33708.8158907854 866.772006387551 1198112838236.35 28824262762.1681
90.75 1692500 34033.8553931807 872.246616240206 1208917547994.35 28981697231.0852
91.125 1688750 34360.9478742708 877.744111493674 1219781188732.39 29139419729.8252
91.5 1685000 34690.1019160809 883.26457183075 1230703867152.3 29297424756.4589
91.875 1681250 35021.3261305175 888.808076797644 1241685687876.68 29455706790.1356
92.25 1677500 35354.6291593166 894.374705827448 1252726753441.81 29614260294.474
92.625 1673750 35690.0196740019 899.964538263987 1263827164291.84 29773079720.9153
93 1670000 36027.5063758509 905.577653386026 1274987018774.29 29932159512.0324
93.375 1666250 36367.0979958706 911.214130431824 1286206413136.72 30091494104.7928
93.75 1662500 36708.8032947826 916.874048624008 1297485441524.67 30251077933.7696
94.125 1658750 37052.6310630166 922.557487194752 1308824195980.8 30410905434.2987
94.5 1655000 37398.5901207146 928.26452541124 1320222766445.2 30570971045.5761
94.875 1651250 37746.6893177438 933.995242601396 1331681240756.85 30731269213.693
95.25 1647500 38096.9375337193 939.749718179855 1343199704656.28 30891794394.6048
95.625 1643750 38449.3436780368 945.528031674165 1354778241789.24 31052541057.0301
96 1640000 38803.9166899146 951.330262751194 1366416933711.55 31213503685.2767
96.375 1636250 39160.6655384463 957.156491243724 1378115859894.97 31374676781.9905
96.75 1632500 39519.5992226627 963.006797177211 1389875097734.09 31536054870.8255
97.125 1628750 39880.7267716042 968.881260796693 1401694722554.23 31697632499.0298
97.5 1625000 40244.0572444029 974.779962593835 1413574807620.32 31859404239.9474
97.875 1621250 40609.5997303756 980.702983334068 1425515424146.7 32021364695.4294
98.25 1617500 40977.3633491259 986.650404083833 1437516641307.81 32183508498.156
98.625 1613750 41347.3572506573 992.62230623789 1449578526249.82 32345830313.863
99 1610000 41719.5906154965 998.618771546679 1461701144102.96 32508324843.4737
99.375 1606250 42094.0726548265 1004.63988214372 1473884557994.78 32670986825.1315
99.75 1602500 42470.8126106304 1010.68572057302 1486128829064.11 32833811036.1323
100.125 1598750 42849.8197558453 1016.7563698165 1498434016475.71 32996792294.7553
100.5 1595000 43231.1033945265 1022.85191332138 1510800177435.69 33159925461.989
100.875 1591250 43614.672862022 1028.97243502751 1523227367207.46 33323205443.1526
101.25 1587500 44000.5375251573 1035.11801939473 1535715639128.4 33486627189.4101
101.625 1583750 44388.7067824304 1041.28875143004 1548265044627.04 33650185699.1764
102 1580000 44779.1900642166 1047.4847167148 1560875633240.71 33813876019.4146
102.375 1576250 45171.9968329847 1053.70600143175 1573547452633.78 33977693246.823
102.75 1572500 45567.1365835216 1059.95269239193 1586280548616.27 34141632528.9122
103.125 1568750 45964.6188431686 1066.2248770615 1599074965162.85 34305689064.9707
103.5 1565000 46364.4531720666 1072.52264358837 1611930744432.29 34469858106.9188
103.875 1561250 46766.6491634123 1078.84608082871 1624847926787.08 34634134960.0518
104.25 1557500 47171.216443723 1085.19527837325 1637826550813.44 34798514983.6712
104.625 1553750 47578.164673113 1091.57032657344 1650866653341.53 34962993591.6042
105 1550000 47987.503545578 1097.97131656733 1663968269465.84 35127566252.6134
105.375 1546250 48399.2427892908 1104.39834030536 1677131432565.72 35292228490.6945
105.75 1542500 48813.3921669053 1110.85149057583 1690356174326.04 35456975885.2657
106.125 1538750 49229.9614758712 1117.33086103017 1703642524757.87 35621804071.2471
106.5 1535000 49648.9605487575 1123.83654620799 1716990512219.28 35786708739.0331
106.875 1531250 50070.3992535855 1130.36864156185 1730400163436.01 35951685634.3569
107.25 1527500 50494.2874941712 1136.92724348178 1743871503522.13 36116730558.0511
107.625 1523750 50920.6352104769 1143.51244931955 1757404556000.64 36281839365.7028
108 1520000 51349.4523789717 1150.12435741266 1770999342823.88 36447007967.2073
108.375 1516250 51780.7490130015 1156.76306710803 1784655884393.81 36612232326.2203
108.75 1512500 52214.535163167 1163.42867878539 1798374199582 36777508459.5123
109.125 1508750 52650.8209177115 1170.12129388048 1812154305749.51 36942832436.2251
109.5 1505000 53089.6164029167 1176.84101490781 1825996218766.34 37108200377.0342
109.875 1501250 53530.9317835071 1183.58794548322 1839899953030.63 37273608453.2181
110.25 1497500 53974.7772630633 1190.3621903461 1853865521487.52 37439052885.6381
110.625 1493750 54421.1630844431 1197.1638553813 1867892935647.56 37604529943.6294
111 1490000 54870.0995302111 1203.99304764076 1881982205604.77 37770035943.8072
111.375 1486250 55321.5969230764 1210.84987536479 1896133340054.18 37935567248.7907
111.75 1482500 55775.6656263382 1217.73444800306 1910346346308.93 38101120265.8454
112.125 1478750 56232.3160443393 1224.6468762353 1924621230316.82 38266691445.45
112.5 1475000 56691.5586229275 1231.58727199166 1938957996676.35 38432277279.7872
112.875 1471250 57153.4038499244 1238.55574847274 1953356648652.13 38597874301.1634
113.25 1467500 57617.8622556017 1245.55242016937 1967817188189.79 38763479080.36
113.625 1463750 58084.9444131652 1252.57740288208 1982339615930.14 38929088224.9182
114 1460000 58554.660939246 1259.63081374018 1996923931222.78 39094698377.3616
114.375 1456250 59027.0224943985 1266.71277122067 2011570132139 39260306213.3584
114.75 1452500 59502.0397836063 1273.82339516674 2026278215483.93 39425908439.8274
115.125 1448750 59979.7235567938 1280.96280680608 2041048176808.12 39591501792.9905
115.5 1445000 60460.0846093461 1288.13112876883 2055880010418.16 39757083036.3735
115.875 1441250 60943.1337826344 1295.32848510527 2070773709386.8 39922648958.761
116.25 1437500 61428.8819645489 1302.55500130326 2085729265562.05 40088196372.1055
116.625 1433750 61917.3400900376 1309.81080430543 2100746669575.69 40253722109.3962
117 1430000 62408.5191416521 1317.096022526 2115825910850.82 40419223022.4886
117.375 1426250 62902.4301500994 1324.41078586755 2130966977608.7 40584695979.8997
117.75 1422500 63399.0841947997 1331.7552257373 2146169856874.69 40750137864.57
118.125 1418750 63898.4924044512 1339.1294750634 2161434534483.35 40915545571.5972
118.5 1415000 64400.6659576 1346.5336683108 2176760995082.73 41080916005.943
118.875 1411250 64905.6160832165 1353.96794149705 2192149222137.74 41246246080.116
119.25 1407500 65413.3540612779 1361.43243220776 2207599197932.64 41411532711.835
119.625 1403750 65923.8912233558 1368.92727961199 2223110903572.7 41576772821.6734
120 1400000 66437.2389532103 1376.45262447741 2238684318984.92 41741963330.6889
